[0.040s] Invoking command in '/home/ria4065/go2_ws/build/unitree_hg': NX_CONNECTION=192.168.50.197 33074 192.168.50.121 4000 /usr/bin/cmake /home/ria4065/go2_ws/src/unitree_ros2/cyclonedds_ws/src/unitree/unitree_hg -DAMENT_CMAKE_SYMLINK_INSTALL=1 -DCMAKE_INSTALL_PREFIX=/home/ria4065/go2_ws/install/unitree_hg
[0.194s] -- The C compiler identification is GNU 11.4.0
[0.403s] -- The CXX compiler identification is GNU 11.4.0
[0.436s] -- Detecting C compiler ABI info
[0.582s] -- Detecting C compiler ABI info - done
[0.607s] -- Check for working C compiler: /usr/bin/cc - skipped
[0.608s] -- Detecting C compile features
[0.610s] -- Detecting C compile features - done
[0.623s] -- Detecting CXX compiler ABI info
[0.798s] -- Detecting CXX compiler ABI info - done
[0.820s] -- Check for working CXX compiler: /usr/bin/c++ - skipped
[0.820s] -- Detecting CXX compile features
[0.821s] -- Detecting CXX compile features - done
[0.855s] [31mCMake Error at CMakeLists.txt:19 (find_package):
[0.855s]   By not providing "Findament_cmake.cmake" in CMAKE_MODULE_PATH this project
[0.856s]   has asked CMake to find a package configuration file provided by
[0.856s]   "ament_cmake", but CMake did not find one.
[0.856s] 
[0.856s]   Could not find a package configuration file provided by "ament_cmake" with
[0.856s]   any of the following names:
[0.856s] 
[0.856s]     ament_cmakeConfig.cmake
[0.857s]     ament_cmake-config.cmake
[0.857s] 
[0.857s]   Add the installation prefix of "ament_cmake" to CMAKE_PREFIX_PATH or set
[0.857s]   "ament_cmake_DIR" to a directory containing one of the above files.  If
[0.857s]   "ament_cmake" provides a separate development package or SDK, be sure it
[0.857s]   has been installed.
[0.857s] 
[0.857s] [0m
[0.857s] -- Configuring incomplete, errors occurred!
[0.858s] See also "/home/ria4065/go2_ws/build/unitree_hg/CMakeFiles/CMakeOutput.log".
[0.862s] Invoked command in '/home/ria4065/go2_ws/build/unitree_hg' returned '1': NX_CONNECTION=192.168.50.197 33074 192.168.50.121 4000 /usr/bin/cmake /home/ria4065/go2_ws/src/unitree_ros2/cyclonedds_ws/src/unitree/unitree_hg -DAMENT_CMAKE_SYMLINK_INSTALL=1 -DCMAKE_INSTALL_PREFIX=/home/ria4065/go2_ws/install/unitree_hg
