[  1%] [32mBuilding CXX object example/wireless_controller/CMakeFiles/advanced_gamepad.dir/main.cpp.o[0m
[  2%] [32mBuilding CXX object example/helloworld/CMakeFiles/test_subscriber.dir/subscriber.cpp.o[0m
[  3%] [32mBuilding CXX object example/helloworld/CMakeFiles/test_publisher.dir/publisher.cpp.o[0m
[  6%] [32mBuilding CXX object example/go2/CMakeFiles/go2_low_level.dir/go2_low_level.cpp.o[0m
[  6%] [32mBuilding CXX object example/go2/CMakeFiles/go2_sport_client.dir/go2_sport_client.cpp.o[0m
[  6%] [32mBuilding CXX object example/go2/CMakeFiles/go2_robot_state_client.dir/go2_robot_state_client.cpp.o[0m
[  7%] [32mBuilding CXX object example/state_machine/CMakeFiles/state_machine_example.dir/main.cpp.o[0m
[  8%] [32mBuilding CXX object example/jsonize/CMakeFiles/test_jsonize.dir/test_jsonize.cpp.o[0m
[  9%] [32mBuilding CXX object example/go2/CMakeFiles/go2_video_client.dir/go2_video_client.cpp.o[0m
[ 11%] [32mBuilding CXX object example/go2/CMakeFiles/go2_vui_client.dir/go2_vui_client.cpp.o[0m
[ 11%] [32mBuilding CXX object example/b2/CMakeFiles/b2_sport_client.dir/b2_sport_client.cpp.o[0m
[ 12%] [32mBuilding CXX object example/go2/CMakeFiles/go2_stand_example.dir/go2_stand_example.cpp.o[0m
[ 13%] [32m[1mLinking CXX executable ../../bin/go2_video_client[0m
[ 14%] [32m[1mLinking CXX executable ../../bin/go2_vui_client[0m
[ 15%] [32m[1mLinking CXX executable ../../bin/go2_robot_state_client[0m
[ 16%] [32m[1mLinking CXX executable ../../bin/test_jsonize[0m
[ 16%] Built target test_jsonize
[ 17%] [32mBuilding CXX object example/b2/CMakeFiles/b2_stand_example.dir/b2_stand_example.cpp.o[0m
[ 18%] [32m[1mLinking CXX executable ../../bin/b2_sport_client[0m
[ 18%] Built target go2_video_client
[ 19%] [32mBuilding CXX object example/h1/CMakeFiles/h1_loco_client.dir/high_level/h1_loco_client_example.cpp.o[0m
[ 19%] Built target go2_vui_client
[ 20%] [32mBuilding CXX object example/h1/CMakeFiles/h1_low_level_example.dir/low_level/humanoid.cpp.o[0m
[ 20%] Built target go2_robot_state_client
[ 21%] [32mBuilding CXX object example/h1/CMakeFiles/h1_27dof_example.dir/low_level/h1_27dof_example.cpp.o[0m
[ 21%] Built target b2_sport_client
[ 22%] [32mBuilding CXX object example/h1/CMakeFiles/h1_2_ankle_track.dir/low_level/h1_2_ankle_track.cpp.o[0m
[ 23%] [32mBuilding CXX object example/helloworld/CMakeFiles/test_publisher.dir/HelloWorldData.cpp.o[0m
[ 25%] [32mBuilding CXX object example/helloworld/CMakeFiles/test_subscriber.dir/HelloWorldData.cpp.o[0m
[ 26%] [32m[1mLinking CXX executable ../../bin/h1_loco_client[0m
[ 27%] [32m[1mLinking CXX executable ../../bin/test_publisher[0m
[ 27%] Built target h1_loco_client
[ 28%] [32mBuilding CXX object example/h1/CMakeFiles/h1_arm_sdk_dds_example.dir/high_level/h1_arm_sdk_dds_example.cpp.o[0m
[ 29%] [32m[1mLinking CXX executable ../../bin/advanced_gamepad[0m
[ 29%] Built target test_publisher
[ 30%] [32mBuilding CXX object example/h1/CMakeFiles/h1_2_arm_sdk_dds_example.dir/high_level/h1_2_arm_sdk_dds_example.cpp.o[0m
[ 31%] [32m[1mLinking CXX executable ../../bin/test_subscriber[0m
[ 31%] Built target advanced_gamepad
[ 32%] [32mBuilding CXX object example/g1/CMakeFiles/g1_loco_client.dir/high_level/g1_loco_client_example.cpp.o[0m
[ 32%] Built target test_subscriber
[ 33%] [32mBuilding CXX object example/g1/CMakeFiles/g1_arm5_sdk_dds_example.dir/high_level/g1_arm5_sdk_dds_example.cpp.o[0m
[ 34%] [32m[1mLinking CXX executable ../../bin/go2_sport_client[0m
[ 34%] Built target go2_sport_client
[ 35%] [32mBuilding CXX object example/g1/CMakeFiles/g1_arm7_sdk_dds_example.dir/high_level/g1_arm7_sdk_dds_example.cpp.o[0m
[ 36%] [32m[1mLinking CXX executable ../../bin/g1_loco_client[0m
[ 36%] Built target g1_loco_client
[ 37%] [32mBuilding CXX object example/g1/CMakeFiles/g1_ankle_swing_example.dir/low_level/g1_ankle_swing_example.cpp.o[0m
[ 38%] [32m[1mLinking CXX executable ../../bin/go2_low_level[0m
[ 38%] Built target go2_low_level
[ 39%] [32mBuilding CXX object example/g1/CMakeFiles/g1_audio_client_example.dir/audio/g1_audio_client_example.cpp.o[0m
[ 40%] [32m[1mLinking CXX executable ../../bin/go2_stand_example[0m
[ 41%] [32m[1mLinking CXX executable ../../bin/h1_2_ankle_track[0m
[ 41%] Built target h1_2_ankle_track
[ 42%] [32mBuilding CXX object example/g1/CMakeFiles/g1_dex3_example.dir/dex3/g1_dex3_example.cpp.o[0m
[ 42%] Built target go2_stand_example
[ 43%] [32m[1mLinking CXX executable ../../bin/h1_27dof_example[0m
[ 44%] [32mBuilding CXX object example/g1/CMakeFiles/g1_userctrl_dds_example.dir/high_level/g1_userctrl_dds_example.cpp.o[0m
[ 44%] Built target h1_27dof_example
[ 45%] [32mBuilding CXX object example/g1/CMakeFiles/g1_termination.dir/low_level/terminations.cpp.o[0m
[ 46%] [32m[1mLinking CXX executable ../../bin/state_machine_example[0m
[ 46%] Built target state_machine_example
[ 47%] [32mBuilding CXX object example/g1/CMakeFiles/g1_arm_action_example.dir/high_level/g1_arm_action_example.cpp.o[0m
[ 48%] [32m[1mLinking CXX executable ../../bin/b2_stand_example[0m
[ 48%] Built target b2_stand_example
[ 50%] [32mBuilding CXX object example/g1/CMakeFiles/g1_dual_arm_example.dir/low_level/g1_dual_arm_example.cpp.o[0m
[ 51%] [32m[1mLinking CXX executable ../../bin/h1_low_level_example[0m
[ 51%] Built target h1_low_level_example
[ 52%] [32mBuilding CXX object example/g1/CMakeFiles/g1_agv_client_example.dir/g1d/g1_agv_client_example.cpp.o[0m
[ 53%] [32m[1mLinking CXX executable ../../bin/h1_2_arm_sdk_dds_example[0m
[ 53%] Built target h1_2_arm_sdk_dds_example
[ 54%] [32mBuilding CXX object example/g1/CMakeFiles/g1d_arm_example.dir/g1d/g1d_arm_example.cpp.o[0m
[ 55%] [32m[1mLinking CXX executable ../../bin/g1_arm5_sdk_dds_example[0m
[ 55%] Built target g1_arm5_sdk_dds_example
[ 56%] [32mBuilding CXX object example/g1/CMakeFiles/g1d_height_control.dir/g1d/g1d_height_control.cpp.o[0m
[ 57%] [32m[1mLinking CXX executable ../../bin/h1_arm_sdk_dds_example[0m
[ 57%] Built target h1_arm_sdk_dds_example
[ 58%] [32mBuilding CXX object example/g1/CMakeFiles/g1_hand_sdk_example.dir/high_level/g1_hand_sdk_example.cpp.o[0m
[ 59%] [32m[1mLinking CXX executable ../../bin/g1_arm7_sdk_dds_example[0m
[ 60%] [32m[1mLinking CXX executable ../../bin/g1_agv_client_example[0m
[ 60%] Built target g1_arm7_sdk_dds_example
[ 61%] [32mBuilding CXX object example/go2w/CMakeFiles/go2w_sport_client.dir/go2w_sport_client.cpp.o[0m
[ 61%] Built target g1_agv_client_example
[ 62%] [32mBuilding CXX object example/go2w/CMakeFiles/go2w_stand_example.dir/go2w_stand_example.cpp.o[0m
[ 63%] [32m[1mLinking CXX executable ../../bin/g1_audio_client_example[0m
[ 64%] [32m[1mLinking CXX executable ../../bin/g1_arm_action_example[0m
[ 64%] Built target g1_audio_client_example
[ 65%] [32mBuilding CXX object example/b2w/CMakeFiles/b2w_sport_client.dir/b2w_sport_client.cpp.o[0m
[ 65%] Built target g1_arm_action_example
[ 66%] [32mBuilding CXX object example/b2w/CMakeFiles/b2w_stand_example.dir/b2w_stand_example.cpp.o[0m
[ 67%] [32m[1mLinking CXX executable ../../bin/b2w_sport_client[0m
[ 67%] Built target b2w_sport_client
[ 68%] [32mBuilding CXX object example/a2/CMakeFiles/a2_sport_client.dir/sport/a2_sport_client.cpp.o[0m
[ 69%] [32m[1mLinking CXX executable ../../bin/g1_hand_sdk_example[0m
[ 70%] [32m[1mLinking CXX executable ../../bin/g1d_height_control[0m
[ 71%] [32m[1mLinking CXX executable ../../bin/g1_userctrl_dds_example[0m
[ 71%] Built target g1_hand_sdk_example
[ 72%] [32mBuilding CXX object example/a2/CMakeFiles/a2_sport_state.dir/sport/a2_sport_state.cpp.o[0m
[ 72%] Built target g1_userctrl_dds_example
[ 73%] [32mBuilding CXX object example/a2/CMakeFiles/a2_audio_client_example.dir/audio/a2_audio_client_example.cpp.o[0m
[ 73%] Built target g1d_height_control
[ 75%] [32mBuilding CXX object example/r1/CMakeFiles/r1_loco_client.dir/high_level/r1_loco_client_example.cpp.o[0m
[ 76%] [32m[1mLinking CXX executable ../../bin/g1_ankle_swing_example[0m
[ 76%] Built target g1_ankle_swing_example
[ 77%] [32mBuilding CXX object example/r1/CMakeFiles/r1_ankle_swing_example.dir/low_level/r1_ankle_swing_example.cpp.o[0m
[ 78%] [32m[1mLinking CXX executable ../../bin/g1_termination[0m
[ 78%] Built target g1_termination
[ 79%] [32mBuilding CXX object example/r1/CMakeFiles/r1_audio_client_example.dir/audio/r1_audio_client_example.cpp.o[0m
[ 80%] [32m[1mLinking CXX executable ../../bin/g1_dex3_example[0m
[ 81%] [32m[1mLinking CXX executable ../../bin/a2_sport_client[0m
[ 82%] [32m[1mLinking CXX executable ../../bin/go2w_sport_client[0m
[ 82%] Built target g1_dex3_example
[ 83%] [32mBuilding CXX object example/h2/CMakeFiles/h2_loco_client.dir/high_level/h2_loco_client_example.cpp.o[0m
[ 83%] Built target a2_sport_client
[ 84%] [32mBuilding CXX object example/h2/CMakeFiles/h2_ankle_swing_example.dir/low_level/h2_ankle_swing_example.cpp.o[0m
[ 84%] Built target go2w_sport_client
[ 85%] [32mBuilding CXX object example/as2/CMakeFiles/as2_sport_client.dir/sport/as2_sport_client.cpp.o[0m
[ 86%] [32m[1mLinking CXX executable ../../bin/r1_loco_client[0m
[ 86%] Built target r1_loco_client
[ 87%] [32mBuilding CXX object example/as2/CMakeFiles/as2_sport_state.dir/sport/as2_sport_state.cpp.o[0m
[ 88%] [32m[1mLinking CXX executable ../../bin/g1_dual_arm_example[0m
[ 88%] Built target g1_dual_arm_example
[ 89%] [32m[1mLinking CXX executable ../../bin/g1d_arm_example[0m
[ 90%] [32m[1mLinking CXX executable ../../bin/as2_sport_client[0m
[ 91%] [32m[1mLinking CXX executable ../../bin/h2_loco_client[0m
[ 91%] Built target g1d_arm_example
[ 91%] Built target as2_sport_client
[ 91%] Built target h2_loco_client
[ 92%] [32m[1mLinking CXX executable ../../bin/a2_audio_client_example[0m
[ 92%] Built target a2_audio_client_example
[ 93%] [32m[1mLinking CXX executable ../../bin/go2w_stand_example[0m
[ 94%] [32m[1mLinking CXX executable ../../bin/a2_sport_state[0m
[ 94%] Built target go2w_stand_example
[ 94%] Built target a2_sport_state
[ 95%] [32m[1mLinking CXX executable ../../bin/r1_audio_client_example[0m
[ 95%] Built target r1_audio_client_example
[ 96%] [32m[1mLinking CXX executable ../../bin/b2w_stand_example[0m
[ 96%] Built target b2w_stand_example
[ 97%] [32m[1mLinking CXX executable ../../bin/as2_sport_state[0m
[ 97%] Built target as2_sport_state
[ 98%] [32m[1mLinking CXX executable ../../bin/r1_ankle_swing_example[0m
[ 98%] Built target r1_ankle_swing_example
[100%] [32m[1mLinking CXX executable ../../bin/h2_ankle_swing_example[0m
[100%] Built target h2_ankle_swing_example
