[0.040s] Invoking command in '/home/ria4065/go2_ws/build/unitree_sdk2': NX_CONNECTION=192.168.50.197 33074 192.168.50.121 4000 /usr/bin/cmake --build /home/ria4065/go2_ws/build/unitree_sdk2 -- -j12 -l12
[0.153s] [  1%] [32mBuilding CXX object example/wireless_controller/CMakeFiles/advanced_gamepad.dir/main.cpp.o[0m
[0.154s] [  2%] [32mBuilding CXX object example/helloworld/CMakeFiles/test_subscriber.dir/subscriber.cpp.o[0m
[0.160s] [  3%] [32mBuilding CXX object example/helloworld/CMakeFiles/test_publisher.dir/publisher.cpp.o[0m
[0.165s] [  6%] [32mBuilding CXX object example/go2/CMakeFiles/go2_low_level.dir/go2_low_level.cpp.o[0m
[0.165s] [  6%] [32mBuilding CXX object example/go2/CMakeFiles/go2_sport_client.dir/go2_sport_client.cpp.o[0m
[0.165s] [  6%] [32mBuilding CXX object example/go2/CMakeFiles/go2_robot_state_client.dir/go2_robot_state_client.cpp.o[0m
[0.167s] [  7%] [32mBuilding CXX object example/state_machine/CMakeFiles/state_machine_example.dir/main.cpp.o[0m
[0.172s] [  8%] [32mBuilding CXX object example/jsonize/CMakeFiles/test_jsonize.dir/test_jsonize.cpp.o[0m
[0.183s] [  9%] [32mBuilding CXX object example/go2/CMakeFiles/go2_video_client.dir/go2_video_client.cpp.o[0m
[0.184s] [ 11%] [32mBuilding CXX object example/go2/CMakeFiles/go2_vui_client.dir/go2_vui_client.cpp.o[0m
[0.184s] [ 11%] [32mBuilding CXX object example/b2/CMakeFiles/b2_sport_client.dir/b2_sport_client.cpp.o[0m
[0.194s] [ 12%] [32mBuilding CXX object example/go2/CMakeFiles/go2_stand_example.dir/go2_stand_example.cpp.o[0m
[3.927s] [ 13%] [32m[1mLinking CXX executable ../../bin/go2_video_client[0m
[4.017s] [ 14%] [32m[1mLinking CXX executable ../../bin/go2_vui_client[0m
[4.151s] [ 15%] [32m[1mLinking CXX executable ../../bin/go2_robot_state_client[0m
[4.178s] [ 16%] [32m[1mLinking CXX executable ../../bin/test_jsonize[0m
[4.595s] [ 16%] Built target test_jsonize
[4.650s] [ 17%] [32mBuilding CXX object example/b2/CMakeFiles/b2_stand_example.dir/b2_stand_example.cpp.o[0m
[4.724s] [ 18%] [32m[1mLinking CXX executable ../../bin/b2_sport_client[0m
[4.869s] [ 18%] Built target go2_video_client
[4.919s] [ 19%] [32mBuilding CXX object example/h1/CMakeFiles/h1_loco_client.dir/high_level/h1_loco_client_example.cpp.o[0m
[5.022s] [ 19%] Built target go2_vui_client
[5.086s] [ 20%] [32mBuilding CXX object example/h1/CMakeFiles/h1_low_level_example.dir/low_level/humanoid.cpp.o[0m
[5.300s] [ 20%] Built target go2_robot_state_client
[5.350s] [ 21%] [32mBuilding CXX object example/h1/CMakeFiles/h1_27dof_example.dir/low_level/h1_27dof_example.cpp.o[0m
[5.688s] [ 21%] Built target b2_sport_client
[5.737s] [ 22%] [32mBuilding CXX object example/h1/CMakeFiles/h1_2_ankle_track.dir/low_level/h1_2_ankle_track.cpp.o[0m
[10.757s] [ 23%] [32mBuilding CXX object example/helloworld/CMakeFiles/test_publisher.dir/HelloWorldData.cpp.o[0m
[12.126s] [ 25%] [32mBuilding CXX object example/helloworld/CMakeFiles/test_subscriber.dir/HelloWorldData.cpp.o[0m
[12.177s] [ 26%] [32m[1mLinking CXX executable ../../bin/h1_loco_client[0m
[12.684s] [ 27%] [32m[1mLinking CXX executable ../../bin/test_publisher[0m
[13.176s] [ 27%] Built target h1_loco_client
[13.223s] [ 28%] [32mBuilding CXX object example/h1/CMakeFiles/h1_arm_sdk_dds_example.dir/high_level/h1_arm_sdk_dds_example.cpp.o[0m
[13.323s] [ 29%] [32m[1mLinking CXX executable ../../bin/advanced_gamepad[0m
[13.530s] [ 29%] Built target test_publisher
[13.582s] [ 30%] [32mBuilding CXX object example/h1/CMakeFiles/h1_2_arm_sdk_dds_example.dir/high_level/h1_2_arm_sdk_dds_example.cpp.o[0m
[13.817s] [ 31%] [32m[1mLinking CXX executable ../../bin/test_subscriber[0m
[14.087s] [ 31%] Built target advanced_gamepad
[14.172s] [ 32%] [32mBuilding CXX object example/g1/CMakeFiles/g1_loco_client.dir/high_level/g1_loco_client_example.cpp.o[0m
[14.548s] [ 32%] Built target test_subscriber
[14.600s] [ 33%] [32mBuilding CXX object example/g1/CMakeFiles/g1_arm5_sdk_dds_example.dir/high_level/g1_arm5_sdk_dds_example.cpp.o[0m
[17.173s] [ 34%] [32m[1mLinking CXX executable ../../bin/go2_sport_client[0m
[18.217s] [ 34%] Built target go2_sport_client
[18.268s] [ 35%] [32mBuilding CXX object example/g1/CMakeFiles/g1_arm7_sdk_dds_example.dir/high_level/g1_arm7_sdk_dds_example.cpp.o[0m
[21.460s] [ 36%] [32m[1mLinking CXX executable ../../bin/g1_loco_client[0m
[22.568s] [ 36%] Built target g1_loco_client
[22.705s] [ 37%] [32mBuilding CXX object example/g1/CMakeFiles/g1_ankle_swing_example.dir/low_level/g1_ankle_swing_example.cpp.o[0m
[26.294s] [ 38%] [32m[1mLinking CXX executable ../../bin/go2_low_level[0m
[27.178s] [ 38%] Built target go2_low_level
[27.301s] [ 39%] [32mBuilding CXX object example/g1/CMakeFiles/g1_audio_client_example.dir/audio/g1_audio_client_example.cpp.o[0m
[27.644s] [ 40%] [32m[1mLinking CXX executable ../../bin/go2_stand_example[0m
[27.654s] [ 41%] [32m[1mLinking CXX executable ../../bin/h1_2_ankle_track[0m
[28.536s] [ 41%] Built target h1_2_ankle_track
[28.591s] [ 42%] [32mBuilding CXX object example/g1/CMakeFiles/g1_dex3_example.dir/dex3/g1_dex3_example.cpp.o[0m
[28.733s] [ 42%] Built target go2_stand_example
[28.806s] [ 43%] [32m[1mLinking CXX executable ../../bin/h1_27dof_example[0m
[28.874s] [ 44%] [32mBuilding CXX object example/g1/CMakeFiles/g1_userctrl_dds_example.dir/high_level/g1_userctrl_dds_example.cpp.o[0m
[29.717s] [ 44%] Built target h1_27dof_example
[29.768s] [ 45%] [32mBuilding CXX object example/g1/CMakeFiles/g1_termination.dir/low_level/terminations.cpp.o[0m
[30.651s] [ 46%] [32m[1mLinking CXX executable ../../bin/state_machine_example[0m
[31.521s] [ 46%] Built target state_machine_example
[31.569s] [ 47%] [32mBuilding CXX object example/g1/CMakeFiles/g1_arm_action_example.dir/high_level/g1_arm_action_example.cpp.o[0m
[31.631s] [ 48%] [32m[1mLinking CXX executable ../../bin/b2_stand_example[0m
[32.806s] [ 48%] Built target b2_stand_example
[32.877s] [ 50%] [32mBuilding CXX object example/g1/CMakeFiles/g1_dual_arm_example.dir/low_level/g1_dual_arm_example.cpp.o[0m
[33.619s] [ 51%] [32m[1mLinking CXX executable ../../bin/h1_low_level_example[0m
[34.668s] [ 51%] Built target h1_low_level_example
[34.842s] [ 52%] [32mBuilding CXX object example/g1/CMakeFiles/g1_agv_client_example.dir/g1d/g1_agv_client_example.cpp.o[0m
[35.175s] [ 53%] [32m[1mLinking CXX executable ../../bin/h1_2_arm_sdk_dds_example[0m
[36.170s] [ 53%] Built target h1_2_arm_sdk_dds_example
[36.225s] [ 54%] [32mBuilding CXX object example/g1/CMakeFiles/g1d_arm_example.dir/g1d/g1d_arm_example.cpp.o[0m
[36.788s] [ 55%] [32m[1mLinking CXX executable ../../bin/g1_arm5_sdk_dds_example[0m
[37.810s] [ 55%] Built target g1_arm5_sdk_dds_example
[37.876s] [ 56%] [32mBuilding CXX object example/g1/CMakeFiles/g1d_height_control.dir/g1d/g1d_height_control.cpp.o[0m
[38.034s] [ 57%] [32m[1mLinking CXX executable ../../bin/h1_arm_sdk_dds_example[0m
[38.829s] [ 57%] Built target h1_arm_sdk_dds_example
[38.997s] [ 58%] [32mBuilding CXX object example/g1/CMakeFiles/g1_hand_sdk_example.dir/high_level/g1_hand_sdk_example.cpp.o[0m
[39.241s] [ 59%] [32m[1mLinking CXX executable ../../bin/g1_arm7_sdk_dds_example[0m
[39.520s] [ 60%] [32m[1mLinking CXX executable ../../bin/g1_agv_client_example[0m
[40.238s] [ 60%] Built target g1_arm7_sdk_dds_example
[40.419s] [ 61%] [32mBuilding CXX object example/go2w/CMakeFiles/go2w_sport_client.dir/go2w_sport_client.cpp.o[0m
[40.662s] [ 61%] Built target g1_agv_client_example
[40.835s] [ 62%] [32mBuilding CXX object example/go2w/CMakeFiles/go2w_stand_example.dir/go2w_stand_example.cpp.o[0m
[41.754s] [ 63%] [32m[1mLinking CXX executable ../../bin/g1_audio_client_example[0m
[43.042s] [ 64%] [32m[1mLinking CXX executable ../../bin/g1_arm_action_example[0m
[43.218s] [ 64%] Built target g1_audio_client_example
[43.374s] [ 65%] [32mBuilding CXX object example/b2w/CMakeFiles/b2w_sport_client.dir/b2w_sport_client.cpp.o[0m
[44.689s] [ 65%] Built target g1_arm_action_example
[44.873s] [ 66%] [32mBuilding CXX object example/b2w/CMakeFiles/b2w_stand_example.dir/b2w_stand_example.cpp.o[0m
[48.234s] [ 67%] [32m[1mLinking CXX executable ../../bin/b2w_sport_client[0m
[49.731s] [ 67%] Built target b2w_sport_client
[49.903s] [ 68%] [32mBuilding CXX object example/a2/CMakeFiles/a2_sport_client.dir/sport/a2_sport_client.cpp.o[0m
[50.015s] [ 69%] [32m[1mLinking CXX executable ../../bin/g1_hand_sdk_example[0m
[50.347s] [ 70%] [32m[1mLinking CXX executable ../../bin/g1d_height_control[0m
[50.575s] [ 71%] [32m[1mLinking CXX executable ../../bin/g1_userctrl_dds_example[0m
[51.366s] [ 71%] Built target g1_hand_sdk_example
[51.506s] [ 72%] [32mBuilding CXX object example/a2/CMakeFiles/a2_sport_state.dir/sport/a2_sport_state.cpp.o[0m
[51.564s] [ 72%] Built target g1_userctrl_dds_example
[51.615s] [ 73%] [32mBuilding CXX object example/a2/CMakeFiles/a2_audio_client_example.dir/audio/a2_audio_client_example.cpp.o[0m
[51.890s] [ 73%] Built target g1d_height_control
[52.077s] [ 75%] [32mBuilding CXX object example/r1/CMakeFiles/r1_loco_client.dir/high_level/r1_loco_client_example.cpp.o[0m
[52.158s] [ 76%] [32m[1mLinking CXX executable ../../bin/g1_ankle_swing_example[0m
[53.903s] [ 76%] Built target g1_ankle_swing_example
[53.986s] [ 77%] [32mBuilding CXX object example/r1/CMakeFiles/r1_ankle_swing_example.dir/low_level/r1_ankle_swing_example.cpp.o[0m
[54.007s] [ 78%] [32m[1mLinking CXX executable ../../bin/g1_termination[0m
[55.231s] [ 78%] Built target g1_termination
[55.377s] [ 79%] [32mBuilding CXX object example/r1/CMakeFiles/r1_audio_client_example.dir/audio/r1_audio_client_example.cpp.o[0m
[55.504s] [ 80%] [32m[1mLinking CXX executable ../../bin/g1_dex3_example[0m
[56.271s] [ 81%] [32m[1mLinking CXX executable ../../bin/a2_sport_client[0m
[56.514s] [ 82%] [32m[1mLinking CXX executable ../../bin/go2w_sport_client[0m
[56.650s] [ 82%] Built target g1_dex3_example
[56.841s] [ 83%] [32mBuilding CXX object example/h2/CMakeFiles/h2_loco_client.dir/high_level/h2_loco_client_example.cpp.o[0m
[57.251s] [ 83%] Built target a2_sport_client
[57.423s] [ 84%] [32mBuilding CXX object example/h2/CMakeFiles/h2_ankle_swing_example.dir/low_level/h2_ankle_swing_example.cpp.o[0m
[57.655s] [ 84%] Built target go2w_sport_client
[57.719s] [ 85%] [32mBuilding CXX object example/as2/CMakeFiles/as2_sport_client.dir/sport/as2_sport_client.cpp.o[0m
[58.614s] [ 86%] [32m[1mLinking CXX executable ../../bin/r1_loco_client[0m
[60.310s] [ 86%] Built target r1_loco_client
[60.487s] [ 87%] [32mBuilding CXX object example/as2/CMakeFiles/as2_sport_state.dir/sport/as2_sport_state.cpp.o[0m
[60.974s] [ 88%] [32m[1mLinking CXX executable ../../bin/g1_dual_arm_example[0m
[62.759s] [ 88%] Built target g1_dual_arm_example
[63.565s] [ 89%] [32m[1mLinking CXX executable ../../bin/g1d_arm_example[0m
[64.060s] [ 90%] [32m[1mLinking CXX executable ../../bin/as2_sport_client[0m
[64.098s] [ 91%] [32m[1mLinking CXX executable ../../bin/h2_loco_client[0m
[64.598s] [ 91%] Built target g1d_arm_example
[65.029s] [ 91%] Built target as2_sport_client
[65.099s] [ 91%] Built target h2_loco_client
[65.549s] [ 92%] [32m[1mLinking CXX executable ../../bin/a2_audio_client_example[0m
[66.465s] [ 92%] Built target a2_audio_client_example
[66.552s] [ 93%] [32m[1mLinking CXX executable ../../bin/go2w_stand_example[0m
[67.495s] [ 94%] [32m[1mLinking CXX executable ../../bin/a2_sport_state[0m
[67.525s] [ 94%] Built target go2w_stand_example
[68.196s] [ 94%] Built target a2_sport_state
[68.331s] [ 95%] [32m[1mLinking CXX executable ../../bin/r1_audio_client_example[0m
[69.227s] [ 95%] Built target r1_audio_client_example
[71.284s] [ 96%] [32m[1mLinking CXX executable ../../bin/b2w_stand_example[0m
[72.268s] [ 96%] Built target b2w_stand_example
[74.537s] [ 97%] [32m[1mLinking CXX executable ../../bin/as2_sport_state[0m
[75.179s] [ 97%] Built target as2_sport_state
[80.146s] [ 98%] [32m[1mLinking CXX executable ../../bin/r1_ankle_swing_example[0m
[81.078s] [ 98%] Built target r1_ankle_swing_example
[82.653s] [100%] [32m[1mLinking CXX executable ../../bin/h2_ankle_swing_example[0m
[83.587s] [100%] Built target h2_ankle_swing_example
