[0.232s] DEBUG:colcon:Command line arguments: ['/usr/bin/colcon', 'build', '--symlink-install']
[0.232s] DEBUG:colcon:Parsed command line arguments: Namespace(log_base=None, log_level=None, verb_name='build', build_base='build', install_base='install', merge_install=False, symlink_install=True, test_result_base=None, continue_on_error=False, executor='parallel', parallel_workers=12, event_handlers=None, ignore_user_meta=False, metas=['./colcon.meta'], base_paths=['.'], packages_ignore=None, packages_ignore_regex=None, paths=None, packages_up_to=None, packages_up_to_regex=None, packages_above=None, packages_above_and_dependencies=None, packages_above_depth=None, packages_select_by_dep=None, packages_skip_by_dep=None, packages_skip_up_to=None, packages_select_build_failed=False, packages_skip_build_finished=False, packages_select_test_failures=False, packages_skip_test_passed=False, packages_select=None, packages_skip=None, packages_select_regex=None, packages_skip_regex=None, packages_start=None, packages_end=None, allow_overriding=[], cmake_args=None, cmake_target=None, cmake_target_skip_unavailable=False, cmake_clean_cache=False, cmake_clean_first=False, cmake_force_configure=False, ament_cmake_args=None, catkin_cmake_args=None, catkin_skip_building_tests=False, mixin_files=None, mixin=None, verb_parser=<colcon_mixin.mixin.mixin_argument.MixinArgumentDecorator object at 0xffff9729da80>, verb_extension=<colcon_core.verb.build.BuildVerb object at 0xffff9744ea40>, main=<bound method BuildVerb.main of <colcon_core.verb.build.BuildVerb object at 0xffff9744ea40>>, mixin_verb=('build',))
[0.578s] Level 1:colcon.colcon_core.package_discovery:discover_packages(colcon_meta) check parameters
[0.579s] Level 1:colcon.colcon_core.package_discovery:discover_packages(recursive) check parameters
[0.579s] Level 1:colcon.colcon_core.package_discovery:discover_packages(ignore) check parameters
[0.579s] Level 1:colcon.colcon_core.package_discovery:discover_packages(path) check parameters
[0.579s] Level 1:colcon.colcon_core.package_discovery:discover_packages(colcon_meta) discover
[0.579s] Level 1:colcon.colcon_core.package_discovery:discover_packages(recursive) discover
[0.579s] INFO:colcon.colcon_core.package_discovery:Crawling recursively for packages in '/home/ria4065/go2_ws'
[0.580s] Level 1:colcon.colcon_core.package_identification:_identify(.) by extensions ['ignore', 'ignore_ament_install']
[0.580s] Level 1:colcon.colcon_core.package_identification:_identify(.) by extension 'ignore'
[0.580s] Level 1:colcon.colcon_core.package_identification:_identify(.) by extension 'ignore_ament_install'
[0.580s] Level 1:colcon.colcon_core.package_identification:_identify(.) by extensions ['colcon_pkg']
[0.580s] Level 1:colcon.colcon_core.package_identification:_identify(.) by extension 'colcon_pkg'
[0.580s] Level 1:colcon.colcon_core.package_identification:_identify(.) by extensions ['colcon_meta']
[0.580s] Level 1:colcon.colcon_core.package_identification:_identify(.) by extension 'colcon_meta'
[0.580s] Level 1:colcon.colcon_core.package_identification:_identify(.) by extensions ['ros']
[0.580s] Level 1:colcon.colcon_core.package_identification:_identify(.) by extension 'ros'
[0.603s] Level 1:colcon.colcon_core.package_identification:_identify(.) by extensions ['cmake', 'python']
[0.603s] Level 1:colcon.colcon_core.package_identification:_identify(.) by extension 'cmake'
[0.603s] Level 1:colcon.colcon_core.package_identification:_identify(.) by extension 'python'
[0.603s] Level 1:colcon.colcon_core.package_identification:_identify(.) by extensions ['python_setup_py']
[0.603s] Level 1:colcon.colcon_core.package_identification:_identify(.) by extension 'python_setup_py'
[0.604s] Level 1:colcon.colcon_core.package_identification:_identify(build) by extensions ['ignore', 'ignore_ament_install']
[0.604s] Level 1:colcon.colcon_core.package_identification:_identify(build) by extension 'ignore'
[0.604s] Level 1:colcon.colcon_core.package_identification:_identify(build) ignored
[0.604s] Level 1:colcon.colcon_core.package_identification:_identify(install) by extensions ['ignore', 'ignore_ament_install']
[0.605s] Level 1:colcon.colcon_core.package_identification:_identify(install) by extension 'ignore'
[0.605s] Level 1:colcon.colcon_core.package_identification:_identify(install) ignored
[0.605s] Level 1:colcon.colcon_core.package_identification:_identify(log) by extensions ['ignore', 'ignore_ament_install']
[0.605s] Level 1:colcon.colcon_core.package_identification:_identify(log) by extension 'ignore'
[0.605s] Level 1:colcon.colcon_core.package_identification:_identify(log) ignored
[0.605s] Level 1:colcon.colcon_core.package_identification:_identify(src) by extensions ['ignore', 'ignore_ament_install']
[0.606s] Level 1:colcon.colcon_core.package_identification:_identify(src) by extension 'ignore'
[0.606s] Level 1:colcon.colcon_core.package_identification:_identify(src) by extension 'ignore_ament_install'
[0.606s] Level 1:colcon.colcon_core.package_identification:_identify(src) by extensions ['colcon_pkg']
[0.606s] Level 1:colcon.colcon_core.package_identification:_identify(src) by extension 'colcon_pkg'
[0.606s] Level 1:colcon.colcon_core.package_identification:_identify(src) by extensions ['colcon_meta']
[0.606s] Level 1:colcon.colcon_core.package_identification:_identify(src) by extension 'colcon_meta'
[0.606s] Level 1:colcon.colcon_core.package_identification:_identify(src) by extensions ['ros']
[0.606s] Level 1:colcon.colcon_core.package_identification:_identify(src) by extension 'ros'
[0.606s] Level 1:colcon.colcon_core.package_identification:_identify(src) by extensions ['cmake', 'python']
[0.606s] Level 1:colcon.colcon_core.package_identification:_identify(src) by extension 'cmake'
[0.606s] Level 1:colcon.colcon_core.package_identification:_identify(src) by extension 'python'
[0.607s] Level 1:colcon.colcon_core.package_identification:_identify(src) by extensions ['python_setup_py']
[0.607s] Level 1:colcon.colcon_core.package_identification:_identify(src) by extension 'python_setup_py'
[0.607s] Level 1:colcon.colcon_core.package_identification:_identify(src/unitree_ros2) by extensions ['ignore', 'ignore_ament_install']
[0.607s] Level 1:colcon.colcon_core.package_identification:_identify(src/unitree_ros2) by extension 'ignore'
[0.607s] Level 1:colcon.colcon_core.package_identification:_identify(src/unitree_ros2) by extension 'ignore_ament_install'
[0.607s] Level 1:colcon.colcon_core.package_identification:_identify(src/unitree_ros2) by extensions ['colcon_pkg']
[0.607s] Level 1:colcon.colcon_core.package_identification:_identify(src/unitree_ros2) by extension 'colcon_pkg'
[0.607s] Level 1:colcon.colcon_core.package_identification:_identify(src/unitree_ros2) by extensions ['colcon_meta']
[0.607s] Level 1:colcon.colcon_core.package_identification:_identify(src/unitree_ros2) by extension 'colcon_meta'
[0.608s] Level 1:colcon.colcon_core.package_identification:_identify(src/unitree_ros2) by extensions ['ros']
[0.608s] Level 1:colcon.colcon_core.package_identification:_identify(src/unitree_ros2) by extension 'ros'
[0.608s] Level 1:colcon.colcon_core.package_identification:_identify(src/unitree_ros2) by extensions ['cmake', 'python']
[0.608s] Level 1:colcon.colcon_core.package_identification:_identify(src/unitree_ros2) by extension 'cmake'
[0.608s] Level 1:colcon.colcon_core.package_identification:_identify(src/unitree_ros2) by extension 'python'
[0.608s] Level 1:colcon.colcon_core.package_identification:_identify(src/unitree_ros2) by extensions ['python_setup_py']
[0.608s] Level 1:colcon.colcon_core.package_identification:_identify(src/unitree_ros2) by extension 'python_setup_py'
[0.608s] Level 1:colcon.colcon_core.package_identification:_identify(src/unitree_ros2/cyclonedds_ws) by extensions ['ignore', 'ignore_ament_install']
[0.608s] Level 1:colcon.colcon_core.package_identification:_identify(src/unitree_ros2/cyclonedds_ws) by extension 'ignore'
[0.609s] Level 1:colcon.colcon_core.package_identification:_identify(src/unitree_ros2/cyclonedds_ws) by extension 'ignore_ament_install'
[0.609s] Level 1:colcon.colcon_core.package_identification:_identify(src/unitree_ros2/cyclonedds_ws) by extensions ['colcon_pkg']
[0.609s] Level 1:colcon.colcon_core.package_identification:_identify(src/unitree_ros2/cyclonedds_ws) by extension 'colcon_pkg'
[0.609s] Level 1:colcon.colcon_core.package_identification:_identify(src/unitree_ros2/cyclonedds_ws) by extensions ['colcon_meta']
[0.609s] Level 1:colcon.colcon_core.package_identification:_identify(src/unitree_ros2/cyclonedds_ws) by extension 'colcon_meta'
[0.609s] Level 1:colcon.colcon_core.package_identification:_identify(src/unitree_ros2/cyclonedds_ws) by extensions ['ros']
[0.609s] Level 1:colcon.colcon_core.package_identification:_identify(src/unitree_ros2/cyclonedds_ws) by extension 'ros'
[0.609s] Level 1:colcon.colcon_core.package_identification:_identify(src/unitree_ros2/cyclonedds_ws) by extensions ['cmake', 'python']
[0.609s] Level 1:colcon.colcon_core.package_identification:_identify(src/unitree_ros2/cyclonedds_ws) by extension 'cmake'
[0.609s] Level 1:colcon.colcon_core.package_identification:_identify(src/unitree_ros2/cyclonedds_ws) by extension 'python'
[0.610s] Level 1:colcon.colcon_core.package_identification:_identify(src/unitree_ros2/cyclonedds_ws) by extensions ['python_setup_py']
[0.610s] Level 1:colcon.colcon_core.package_identification:_identify(src/unitree_ros2/cyclonedds_ws) by extension 'python_setup_py'
[0.610s] Level 1:colcon.colcon_core.package_identification:_identify(src/unitree_ros2/cyclonedds_ws/src) by extensions ['ignore', 'ignore_ament_install']
[0.610s] Level 1:colcon.colcon_core.package_identification:_identify(src/unitree_ros2/cyclonedds_ws/src) by extension 'ignore'
[0.610s] Level 1:colcon.colcon_core.package_identification:_identify(src/unitree_ros2/cyclonedds_ws/src) by extension 'ignore_ament_install'
[0.610s] Level 1:colcon.colcon_core.package_identification:_identify(src/unitree_ros2/cyclonedds_ws/src) by extensions ['colcon_pkg']
[0.610s] Level 1:colcon.colcon_core.package_identification:_identify(src/unitree_ros2/cyclonedds_ws/src) by extension 'colcon_pkg'
[0.610s] Level 1:colcon.colcon_core.package_identification:_identify(src/unitree_ros2/cyclonedds_ws/src) by extensions ['colcon_meta']
[0.610s] Level 1:colcon.colcon_core.package_identification:_identify(src/unitree_ros2/cyclonedds_ws/src) by extension 'colcon_meta'
[0.611s] Level 1:colcon.colcon_core.package_identification:_identify(src/unitree_ros2/cyclonedds_ws/src) by extensions ['ros']
[0.611s] Level 1:colcon.colcon_core.package_identification:_identify(src/unitree_ros2/cyclonedds_ws/src) by extension 'ros'
[0.611s] Level 1:colcon.colcon_core.package_identification:_identify(src/unitree_ros2/cyclonedds_ws/src) by extensions ['cmake', 'python']
[0.611s] Level 1:colcon.colcon_core.package_identification:_identify(src/unitree_ros2/cyclonedds_ws/src) by extension 'cmake'
[0.611s] Level 1:colcon.colcon_core.package_identification:_identify(src/unitree_ros2/cyclonedds_ws/src) by extension 'python'
[0.611s] Level 1:colcon.colcon_core.package_identification:_identify(src/unitree_ros2/cyclonedds_ws/src) by extensions ['python_setup_py']
[0.611s] Level 1:colcon.colcon_core.package_identification:_identify(src/unitree_ros2/cyclonedds_ws/src) by extension 'python_setup_py'
[0.611s] Level 1:colcon.colcon_core.package_identification:_identify(src/unitree_ros2/cyclonedds_ws/src/unitree) by extensions ['ignore', 'ignore_ament_install']
[0.611s] Level 1:colcon.colcon_core.package_identification:_identify(src/unitree_ros2/cyclonedds_ws/src/unitree) by extension 'ignore'
[0.612s] Level 1:colcon.colcon_core.package_identification:_identify(src/unitree_ros2/cyclonedds_ws/src/unitree) by extension 'ignore_ament_install'
[0.612s] Level 1:colcon.colcon_core.package_identification:_identify(src/unitree_ros2/cyclonedds_ws/src/unitree) by extensions ['colcon_pkg']
[0.612s] Level 1:colcon.colcon_core.package_identification:_identify(src/unitree_ros2/cyclonedds_ws/src/unitree) by extension 'colcon_pkg'
[0.612s] Level 1:colcon.colcon_core.package_identification:_identify(src/unitree_ros2/cyclonedds_ws/src/unitree) by extensions ['colcon_meta']
[0.612s] Level 1:colcon.colcon_core.package_identification:_identify(src/unitree_ros2/cyclonedds_ws/src/unitree) by extension 'colcon_meta'
[0.612s] Level 1:colcon.colcon_core.package_identification:_identify(src/unitree_ros2/cyclonedds_ws/src/unitree) by extensions ['ros']
[0.612s] Level 1:colcon.colcon_core.package_identification:_identify(src/unitree_ros2/cyclonedds_ws/src/unitree) by extension 'ros'
[0.612s] Level 1:colcon.colcon_core.package_identification:_identify(src/unitree_ros2/cyclonedds_ws/src/unitree) by extensions ['cmake', 'python']
[0.612s] Level 1:colcon.colcon_core.package_identification:_identify(src/unitree_ros2/cyclonedds_ws/src/unitree) by extension 'cmake'
[0.612s] Level 1:colcon.colcon_core.package_identification:_identify(src/unitree_ros2/cyclonedds_ws/src/unitree) by extension 'python'
[0.612s] Level 1:colcon.colcon_core.package_identification:_identify(src/unitree_ros2/cyclonedds_ws/src/unitree) by extensions ['python_setup_py']
[0.613s] Level 1:colcon.colcon_core.package_identification:_identify(src/unitree_ros2/cyclonedds_ws/src/unitree) by extension 'python_setup_py'
[0.613s] Level 1:colcon.colcon_core.package_identification:_identify(src/unitree_ros2/cyclonedds_ws/src/unitree/unitree_api) by extensions ['ignore', 'ignore_ament_install']
[0.613s] Level 1:colcon.colcon_core.package_identification:_identify(src/unitree_ros2/cyclonedds_ws/src/unitree/unitree_api) by extension 'ignore'
[0.613s] Level 1:colcon.colcon_core.package_identification:_identify(src/unitree_ros2/cyclonedds_ws/src/unitree/unitree_api) by extension 'ignore_ament_install'
[0.613s] Level 1:colcon.colcon_core.package_identification:_identify(src/unitree_ros2/cyclonedds_ws/src/unitree/unitree_api) by extensions ['colcon_pkg']
[0.613s] Level 1:colcon.colcon_core.package_identification:_identify(src/unitree_ros2/cyclonedds_ws/src/unitree/unitree_api) by extension 'colcon_pkg'
[0.613s] Level 1:colcon.colcon_core.package_identification:_identify(src/unitree_ros2/cyclonedds_ws/src/unitree/unitree_api) by extensions ['colcon_meta']
[0.613s] Level 1:colcon.colcon_core.package_identification:_identify(src/unitree_ros2/cyclonedds_ws/src/unitree/unitree_api) by extension 'colcon_meta'
[0.614s] Level 1:colcon.colcon_core.package_identification:_identify(src/unitree_ros2/cyclonedds_ws/src/unitree/unitree_api) by extensions ['ros']
[0.614s] Level 1:colcon.colcon_core.package_identification:_identify(src/unitree_ros2/cyclonedds_ws/src/unitree/unitree_api) by extension 'ros'
[0.619s] DEBUG:colcon.colcon_core.package_identification:Package 'src/unitree_ros2/cyclonedds_ws/src/unitree/unitree_api' with type 'ros.ament_cmake' and name 'unitree_api'
[0.619s] Level 1:colcon.colcon_core.package_identification:_identify(src/unitree_ros2/cyclonedds_ws/src/unitree/unitree_go) by extensions ['ignore', 'ignore_ament_install']
[0.619s] Level 1:colcon.colcon_core.package_identification:_identify(src/unitree_ros2/cyclonedds_ws/src/unitree/unitree_go) by extension 'ignore'
[0.619s] Level 1:colcon.colcon_core.package_identification:_identify(src/unitree_ros2/cyclonedds_ws/src/unitree/unitree_go) by extension 'ignore_ament_install'
[0.620s] Level 1:colcon.colcon_core.package_identification:_identify(src/unitree_ros2/cyclonedds_ws/src/unitree/unitree_go) by extensions ['colcon_pkg']
[0.620s] Level 1:colcon.colcon_core.package_identification:_identify(src/unitree_ros2/cyclonedds_ws/src/unitree/unitree_go) by extension 'colcon_pkg'
[0.620s] Level 1:colcon.colcon_core.package_identification:_identify(src/unitree_ros2/cyclonedds_ws/src/unitree/unitree_go) by extensions ['colcon_meta']
[0.620s] Level 1:colcon.colcon_core.package_identification:_identify(src/unitree_ros2/cyclonedds_ws/src/unitree/unitree_go) by extension 'colcon_meta'
[0.620s] Level 1:colcon.colcon_core.package_identification:_identify(src/unitree_ros2/cyclonedds_ws/src/unitree/unitree_go) by extensions ['ros']
[0.620s] Level 1:colcon.colcon_core.package_identification:_identify(src/unitree_ros2/cyclonedds_ws/src/unitree/unitree_go) by extension 'ros'
[0.621s] DEBUG:colcon.colcon_core.package_identification:Package 'src/unitree_ros2/cyclonedds_ws/src/unitree/unitree_go' with type 'ros.ament_cmake' and name 'unitree_go'
[0.622s] Level 1:colcon.colcon_core.package_identification:_identify(src/unitree_ros2/cyclonedds_ws/src/unitree/unitree_hg) by extensions ['ignore', 'ignore_ament_install']
[0.622s] Level 1:colcon.colcon_core.package_identification:_identify(src/unitree_ros2/cyclonedds_ws/src/unitree/unitree_hg) by extension 'ignore'
[0.622s] Level 1:colcon.colcon_core.package_identification:_identify(src/unitree_ros2/cyclonedds_ws/src/unitree/unitree_hg) by extension 'ignore_ament_install'
[0.622s] Level 1:colcon.colcon_core.package_identification:_identify(src/unitree_ros2/cyclonedds_ws/src/unitree/unitree_hg) by extensions ['colcon_pkg']
[0.622s] Level 1:colcon.colcon_core.package_identification:_identify(src/unitree_ros2/cyclonedds_ws/src/unitree/unitree_hg) by extension 'colcon_pkg'
[0.622s] Level 1:colcon.colcon_core.package_identification:_identify(src/unitree_ros2/cyclonedds_ws/src/unitree/unitree_hg) by extensions ['colcon_meta']
[0.622s] Level 1:colcon.colcon_core.package_identification:_identify(src/unitree_ros2/cyclonedds_ws/src/unitree/unitree_hg) by extension 'colcon_meta'
[0.622s] Level 1:colcon.colcon_core.package_identification:_identify(src/unitree_ros2/cyclonedds_ws/src/unitree/unitree_hg) by extensions ['ros']
[0.622s] Level 1:colcon.colcon_core.package_identification:_identify(src/unitree_ros2/cyclonedds_ws/src/unitree/unitree_hg) by extension 'ros'
[0.624s] DEBUG:colcon.colcon_core.package_identification:Package 'src/unitree_ros2/cyclonedds_ws/src/unitree/unitree_hg' with type 'ros.ament_cmake' and name 'unitree_hg'
[0.624s] Level 1:colcon.colcon_core.package_identification:_identify(src/unitree_ros2/docs) by extensions ['ignore', 'ignore_ament_install']
[0.624s] Level 1:colcon.colcon_core.package_identification:_identify(src/unitree_ros2/docs) by extension 'ignore'
[0.624s] Level 1:colcon.colcon_core.package_identification:_identify(src/unitree_ros2/docs) by extension 'ignore_ament_install'
[0.624s] Level 1:colcon.colcon_core.package_identification:_identify(src/unitree_ros2/docs) by extensions ['colcon_pkg']
[0.624s] Level 1:colcon.colcon_core.package_identification:_identify(src/unitree_ros2/docs) by extension 'colcon_pkg'
[0.624s] Level 1:colcon.colcon_core.package_identification:_identify(src/unitree_ros2/docs) by extensions ['colcon_meta']
[0.624s] Level 1:colcon.colcon_core.package_identification:_identify(src/unitree_ros2/docs) by extension 'colcon_meta'
[0.625s] Level 1:colcon.colcon_core.package_identification:_identify(src/unitree_ros2/docs) by extensions ['ros']
[0.625s] Level 1:colcon.colcon_core.package_identification:_identify(src/unitree_ros2/docs) by extension 'ros'
[0.625s] Level 1:colcon.colcon_core.package_identification:_identify(src/unitree_ros2/docs) by extensions ['cmake', 'python']
[0.625s] Level 1:colcon.colcon_core.package_identification:_identify(src/unitree_ros2/docs) by extension 'cmake'
[0.625s] Level 1:colcon.colcon_core.package_identification:_identify(src/unitree_ros2/docs) by extension 'python'
[0.625s] Level 1:colcon.colcon_core.package_identification:_identify(src/unitree_ros2/docs) by extensions ['python_setup_py']
[0.625s] Level 1:colcon.colcon_core.package_identification:_identify(src/unitree_ros2/docs) by extension 'python_setup_py'
[0.625s] Level 1:colcon.colcon_core.package_identification:_identify(src/unitree_ros2/docs/image) by extensions ['ignore', 'ignore_ament_install']
[0.626s] Level 1:colcon.colcon_core.package_identification:_identify(src/unitree_ros2/docs/image) by extension 'ignore'
[0.626s] Level 1:colcon.colcon_core.package_identification:_identify(src/unitree_ros2/docs/image) by extension 'ignore_ament_install'
[0.626s] Level 1:colcon.colcon_core.package_identification:_identify(src/unitree_ros2/docs/image) by extensions ['colcon_pkg']
[0.626s] Level 1:colcon.colcon_core.package_identification:_identify(src/unitree_ros2/docs/image) by extension 'colcon_pkg'
[0.626s] Level 1:colcon.colcon_core.package_identification:_identify(src/unitree_ros2/docs/image) by extensions ['colcon_meta']
[0.626s] Level 1:colcon.colcon_core.package_identification:_identify(src/unitree_ros2/docs/image) by extension 'colcon_meta'
[0.626s] Level 1:colcon.colcon_core.package_identification:_identify(src/unitree_ros2/docs/image) by extensions ['ros']
[0.626s] Level 1:colcon.colcon_core.package_identification:_identify(src/unitree_ros2/docs/image) by extension 'ros'
[0.626s] Level 1:colcon.colcon_core.package_identification:_identify(src/unitree_ros2/docs/image) by extensions ['cmake', 'python']
[0.626s] Level 1:colcon.colcon_core.package_identification:_identify(src/unitree_ros2/docs/image) by extension 'cmake'
[0.627s] Level 1:colcon.colcon_core.package_identification:_identify(src/unitree_ros2/docs/image) by extension 'python'
[0.627s] Level 1:colcon.colcon_core.package_identification:_identify(src/unitree_ros2/docs/image) by extensions ['python_setup_py']
[0.627s] Level 1:colcon.colcon_core.package_identification:_identify(src/unitree_ros2/docs/image) by extension 'python_setup_py'
[0.627s] Level 1:colcon.colcon_core.package_identification:_identify(src/unitree_ros2/example) by extensions ['ignore', 'ignore_ament_install']
[0.627s] Level 1:colcon.colcon_core.package_identification:_identify(src/unitree_ros2/example) by extension 'ignore'
[0.627s] Level 1:colcon.colcon_core.package_identification:_identify(src/unitree_ros2/example) by extension 'ignore_ament_install'
[0.627s] Level 1:colcon.colcon_core.package_identification:_identify(src/unitree_ros2/example) by extensions ['colcon_pkg']
[0.627s] Level 1:colcon.colcon_core.package_identification:_identify(src/unitree_ros2/example) by extension 'colcon_pkg'
[0.627s] Level 1:colcon.colcon_core.package_identification:_identify(src/unitree_ros2/example) by extensions ['colcon_meta']
[0.628s] Level 1:colcon.colcon_core.package_identification:_identify(src/unitree_ros2/example) by extension 'colcon_meta'
[0.628s] Level 1:colcon.colcon_core.package_identification:_identify(src/unitree_ros2/example) by extensions ['ros']
[0.628s] Level 1:colcon.colcon_core.package_identification:_identify(src/unitree_ros2/example) by extension 'ros'
[0.628s] Level 1:colcon.colcon_core.package_identification:_identify(src/unitree_ros2/example) by extensions ['cmake', 'python']
[0.628s] Level 1:colcon.colcon_core.package_identification:_identify(src/unitree_ros2/example) by extension 'cmake'
[0.628s] Level 1:colcon.colcon_core.package_identification:_identify(src/unitree_ros2/example) by extension 'python'
[0.628s] Level 1:colcon.colcon_core.package_identification:_identify(src/unitree_ros2/example) by extensions ['python_setup_py']
[0.628s] Level 1:colcon.colcon_core.package_identification:_identify(src/unitree_ros2/example) by extension 'python_setup_py'
[0.628s] Level 1:colcon.colcon_core.package_identification:_identify(src/unitree_ros2/example/src) by extensions ['ignore', 'ignore_ament_install']
[0.629s] Level 1:colcon.colcon_core.package_identification:_identify(src/unitree_ros2/example/src) by extension 'ignore'
[0.629s] Level 1:colcon.colcon_core.package_identification:_identify(src/unitree_ros2/example/src) by extension 'ignore_ament_install'
[0.629s] Level 1:colcon.colcon_core.package_identification:_identify(src/unitree_ros2/example/src) by extensions ['colcon_pkg']
[0.629s] Level 1:colcon.colcon_core.package_identification:_identify(src/unitree_ros2/example/src) by extension 'colcon_pkg'
[0.629s] Level 1:colcon.colcon_core.package_identification:_identify(src/unitree_ros2/example/src) by extensions ['colcon_meta']
[0.629s] Level 1:colcon.colcon_core.package_identification:_identify(src/unitree_ros2/example/src) by extension 'colcon_meta'
[0.629s] Level 1:colcon.colcon_core.package_identification:_identify(src/unitree_ros2/example/src) by extensions ['ros']
[0.629s] Level 1:colcon.colcon_core.package_identification:_identify(src/unitree_ros2/example/src) by extension 'ros'
[0.631s] DEBUG:colcon.colcon_core.package_identification:Package 'src/unitree_ros2/example/src' with type 'ros.ament_cmake' and name 'unitree_ros2_example'
[0.631s] Level 1:colcon.colcon_core.package_identification:_identify(src/unitree_sdk2) by extensions ['ignore', 'ignore_ament_install']
[0.631s] Level 1:colcon.colcon_core.package_identification:_identify(src/unitree_sdk2) by extension 'ignore'
[0.631s] Level 1:colcon.colcon_core.package_identification:_identify(src/unitree_sdk2) by extension 'ignore_ament_install'
[0.632s] Level 1:colcon.colcon_core.package_identification:_identify(src/unitree_sdk2) by extensions ['colcon_pkg']
[0.632s] Level 1:colcon.colcon_core.package_identification:_identify(src/unitree_sdk2) by extension 'colcon_pkg'
[0.632s] Level 1:colcon.colcon_core.package_identification:_identify(src/unitree_sdk2) by extensions ['colcon_meta']
[0.632s] Level 1:colcon.colcon_core.package_identification:_identify(src/unitree_sdk2) by extension 'colcon_meta'
[0.632s] Level 1:colcon.colcon_core.package_identification:_identify(src/unitree_sdk2) by extensions ['ros']
[0.632s] Level 1:colcon.colcon_core.package_identification:_identify(src/unitree_sdk2) by extension 'ros'
[0.632s] Level 1:colcon.colcon_core.package_identification:_identify(src/unitree_sdk2) by extensions ['cmake', 'python']
[0.632s] Level 1:colcon.colcon_core.package_identification:_identify(src/unitree_sdk2) by extension 'cmake'
[0.646s] Level 1:colcon.colcon_core.package_identification:_identify(src/unitree_sdk2) by extension 'python'
[0.646s] DEBUG:colcon.colcon_core.package_identification:Package 'src/unitree_sdk2' with type 'cmake' and name 'unitree_sdk2'
[0.646s] Level 1:colcon.colcon_core.package_discovery:discover_packages(recursive) using defaults
[0.647s] Level 1:colcon.colcon_core.package_discovery:discover_packages(ignore) discover
[0.647s] Level 1:colcon.colcon_core.package_discovery:discover_packages(ignore) using defaults
[0.647s] Level 1:colcon.colcon_core.package_discovery:discover_packages(path) discover
[0.647s] Level 1:colcon.colcon_core.package_discovery:discover_packages(path) using defaults
[0.718s] Level 1:colcon.colcon_core.package_discovery:discover_packages(prefix_path) check parameters
[0.718s] Level 1:colcon.colcon_core.package_discovery:discover_packages(prefix_path) discover
[0.722s] DEBUG:colcon.colcon_installed_package_information.package_discovery:Found 2 installed packages in /home/ria4065/go2_ws/install
[0.724s] DEBUG:colcon.colcon_installed_package_information.package_discovery:Found 275 installed packages in /opt/ros/humble
[0.727s] Level 1:colcon.colcon_core.package_discovery:discover_packages(prefix_path) using defaults
[0.804s] Level 5:colcon.colcon_core.verb:set package 'unitree_api' build argument 'cmake_args' from command line to 'None'
[0.805s] Level 5:colcon.colcon_core.verb:set package 'unitree_api' build argument 'cmake_target' from command line to 'None'
[0.805s] Level 5:colcon.colcon_core.verb:set package 'unitree_api' build argument 'cmake_target_skip_unavailable' from command line to 'False'
[0.805s] Level 5:colcon.colcon_core.verb:set package 'unitree_api' build argument 'cmake_clean_cache' from command line to 'False'
[0.805s] Level 5:colcon.colcon_core.verb:set package 'unitree_api' build argument 'cmake_clean_first' from command line to 'False'
[0.805s] Level 5:colcon.colcon_core.verb:set package 'unitree_api' build argument 'cmake_force_configure' from command line to 'False'
[0.805s] Level 5:colcon.colcon_core.verb:set package 'unitree_api' build argument 'ament_cmake_args' from command line to 'None'
[0.805s] Level 5:colcon.colcon_core.verb:set package 'unitree_api' build argument 'catkin_cmake_args' from command line to 'None'
[0.805s] Level 5:colcon.colcon_core.verb:set package 'unitree_api' build argument 'catkin_skip_building_tests' from command line to 'False'
[0.805s] DEBUG:colcon.colcon_core.verb:Building package 'unitree_api' with the following arguments: {'ament_cmake_args': None, 'build_base': '/home/ria4065/go2_ws/build/unitree_api', 'catkin_cmake_args': None, 'catkin_skip_building_tests': False, 'cmake_args': None, 'cmake_clean_cache': False, 'cmake_clean_first': False, 'cmake_force_configure': False, 'cmake_target': None, 'cmake_target_skip_unavailable': False, 'install_base': '/home/ria4065/go2_ws/install/unitree_api', 'merge_install': False, 'path': '/home/ria4065/go2_ws/src/unitree_ros2/cyclonedds_ws/src/unitree/unitree_api', 'symlink_install': True, 'test_result_base': None}
[0.806s] Level 5:colcon.colcon_core.verb:set package 'unitree_go' build argument 'cmake_args' from command line to 'None'
[0.806s] Level 5:colcon.colcon_core.verb:set package 'unitree_go' build argument 'cmake_target' from command line to 'None'
[0.806s] Level 5:colcon.colcon_core.verb:set package 'unitree_go' build argument 'cmake_target_skip_unavailable' from command line to 'False'
[0.806s] Level 5:colcon.colcon_core.verb:set package 'unitree_go' build argument 'cmake_clean_cache' from command line to 'False'
[0.806s] Level 5:colcon.colcon_core.verb:set package 'unitree_go' build argument 'cmake_clean_first' from command line to 'False'
[0.806s] Level 5:colcon.colcon_core.verb:set package 'unitree_go' build argument 'cmake_force_configure' from command line to 'False'
[0.806s] Level 5:colcon.colcon_core.verb:set package 'unitree_go' build argument 'ament_cmake_args' from command line to 'None'
[0.806s] Level 5:colcon.colcon_core.verb:set package 'unitree_go' build argument 'catkin_cmake_args' from command line to 'None'
[0.806s] Level 5:colcon.colcon_core.verb:set package 'unitree_go' build argument 'catkin_skip_building_tests' from command line to 'False'
[0.806s] DEBUG:colcon.colcon_core.verb:Building package 'unitree_go' with the following arguments: {'ament_cmake_args': None, 'build_base': '/home/ria4065/go2_ws/build/unitree_go', 'catkin_cmake_args': None, 'catkin_skip_building_tests': False, 'cmake_args': None, 'cmake_clean_cache': False, 'cmake_clean_first': False, 'cmake_force_configure': False, 'cmake_target': None, 'cmake_target_skip_unavailable': False, 'install_base': '/home/ria4065/go2_ws/install/unitree_go', 'merge_install': False, 'path': '/home/ria4065/go2_ws/src/unitree_ros2/cyclonedds_ws/src/unitree/unitree_go', 'symlink_install': True, 'test_result_base': None}
[0.807s] Level 5:colcon.colcon_core.verb:set package 'unitree_hg' build argument 'cmake_args' from command line to 'None'
[0.807s] Level 5:colcon.colcon_core.verb:set package 'unitree_hg' build argument 'cmake_target' from command line to 'None'
[0.807s] Level 5:colcon.colcon_core.verb:set package 'unitree_hg' build argument 'cmake_target_skip_unavailable' from command line to 'False'
[0.807s] Level 5:colcon.colcon_core.verb:set package 'unitree_hg' build argument 'cmake_clean_cache' from command line to 'False'
[0.807s] Level 5:colcon.colcon_core.verb:set package 'unitree_hg' build argument 'cmake_clean_first' from command line to 'False'
[0.807s] Level 5:colcon.colcon_core.verb:set package 'unitree_hg' build argument 'cmake_force_configure' from command line to 'False'
[0.807s] Level 5:colcon.colcon_core.verb:set package 'unitree_hg' build argument 'ament_cmake_args' from command line to 'None'
[0.807s] Level 5:colcon.colcon_core.verb:set package 'unitree_hg' build argument 'catkin_cmake_args' from command line to 'None'
[0.807s] Level 5:colcon.colcon_core.verb:set package 'unitree_hg' build argument 'catkin_skip_building_tests' from command line to 'False'
[0.807s] DEBUG:colcon.colcon_core.verb:Building package 'unitree_hg' with the following arguments: {'ament_cmake_args': None, 'build_base': '/home/ria4065/go2_ws/build/unitree_hg', 'catkin_cmake_args': None, 'catkin_skip_building_tests': False, 'cmake_args': None, 'cmake_clean_cache': False, 'cmake_clean_first': False, 'cmake_force_configure': False, 'cmake_target': None, 'cmake_target_skip_unavailable': False, 'install_base': '/home/ria4065/go2_ws/install/unitree_hg', 'merge_install': False, 'path': '/home/ria4065/go2_ws/src/unitree_ros2/cyclonedds_ws/src/unitree/unitree_hg', 'symlink_install': True, 'test_result_base': None}
[0.808s] Level 5:colcon.colcon_core.verb:set package 'unitree_sdk2' build argument 'cmake_args' from command line to 'None'
[0.808s] Level 5:colcon.colcon_core.verb:set package 'unitree_sdk2' build argument 'cmake_target' from command line to 'None'
[0.808s] Level 5:colcon.colcon_core.verb:set package 'unitree_sdk2' build argument 'cmake_target_skip_unavailable' from command line to 'False'
[0.808s] Level 5:colcon.colcon_core.verb:set package 'unitree_sdk2' build argument 'cmake_clean_cache' from command line to 'False'
[0.808s] Level 5:colcon.colcon_core.verb:set package 'unitree_sdk2' build argument 'cmake_clean_first' from command line to 'False'
[0.808s] Level 5:colcon.colcon_core.verb:set package 'unitree_sdk2' build argument 'cmake_force_configure' from command line to 'False'
[0.808s] Level 5:colcon.colcon_core.verb:set package 'unitree_sdk2' build argument 'ament_cmake_args' from command line to 'None'
[0.808s] Level 5:colcon.colcon_core.verb:set package 'unitree_sdk2' build argument 'catkin_cmake_args' from command line to 'None'
[0.809s] Level 5:colcon.colcon_core.verb:set package 'unitree_sdk2' build argument 'catkin_skip_building_tests' from command line to 'False'
[0.809s] DEBUG:colcon.colcon_core.verb:Building package 'unitree_sdk2' with the following arguments: {'ament_cmake_args': None, 'build_base': '/home/ria4065/go2_ws/build/unitree_sdk2', 'catkin_cmake_args': None, 'catkin_skip_building_tests': False, 'cmake_args': None, 'cmake_clean_cache': False, 'cmake_clean_first': False, 'cmake_force_configure': False, 'cmake_target': None, 'cmake_target_skip_unavailable': False, 'install_base': '/home/ria4065/go2_ws/install/unitree_sdk2', 'merge_install': False, 'path': '/home/ria4065/go2_ws/src/unitree_sdk2', 'symlink_install': True, 'test_result_base': None}
[0.809s] Level 5:colcon.colcon_core.verb:set package 'unitree_ros2_example' build argument 'cmake_args' from command line to 'None'
[0.809s] Level 5:colcon.colcon_core.verb:set package 'unitree_ros2_example' build argument 'cmake_target' from command line to 'None'
[0.809s] Level 5:colcon.colcon_core.verb:set package 'unitree_ros2_example' build argument 'cmake_target_skip_unavailable' from command line to 'False'
[0.809s] Level 5:colcon.colcon_core.verb:set package 'unitree_ros2_example' build argument 'cmake_clean_cache' from command line to 'False'
[0.809s] Level 5:colcon.colcon_core.verb:set package 'unitree_ros2_example' build argument 'cmake_clean_first' from command line to 'False'
[0.809s] Level 5:colcon.colcon_core.verb:set package 'unitree_ros2_example' build argument 'cmake_force_configure' from command line to 'False'
[0.810s] Level 5:colcon.colcon_core.verb:set package 'unitree_ros2_example' build argument 'ament_cmake_args' from command line to 'None'
[0.810s] Level 5:colcon.colcon_core.verb:set package 'unitree_ros2_example' build argument 'catkin_cmake_args' from command line to 'None'
[0.810s] Level 5:colcon.colcon_core.verb:set package 'unitree_ros2_example' build argument 'catkin_skip_building_tests' from command line to 'False'
[0.810s] DEBUG:colcon.colcon_core.verb:Building package 'unitree_ros2_example' with the following arguments: {'ament_cmake_args': None, 'build_base': '/home/ria4065/go2_ws/build/unitree_ros2_example', 'catkin_cmake_args': None, 'catkin_skip_building_tests': False, 'cmake_args': None, 'cmake_clean_cache': False, 'cmake_clean_first': False, 'cmake_force_configure': False, 'cmake_target': None, 'cmake_target_skip_unavailable': False, 'install_base': '/home/ria4065/go2_ws/install/unitree_ros2_example', 'merge_install': False, 'path': '/home/ria4065/go2_ws/src/unitree_ros2/example/src', 'symlink_install': True, 'test_result_base': None}
[0.810s] INFO:colcon.colcon_core.executor:Executing jobs using 'parallel' executor
[0.812s] DEBUG:colcon.colcon_parallel_executor.executor.parallel:run_until_complete
[0.813s] INFO:colcon.colcon_ros.task.ament_cmake.build:Building ROS package in '/home/ria4065/go2_ws/src/unitree_ros2/cyclonedds_ws/src/unitree/unitree_api' with build type 'ament_cmake'
[0.813s] INFO:colcon.colcon_cmake.task.cmake.build:Building CMake package in '/home/ria4065/go2_ws/src/unitree_ros2/cyclonedds_ws/src/unitree/unitree_api'
[0.817s] INFO:colcon.colcon_core.plugin_system:Skipping extension 'colcon_core.shell.bat': Not used on non-Windows systems
[0.818s] INFO:colcon.colcon_core.shell:Skip shell extension 'powershell' for command environment: Not usable outside of PowerShell
[0.818s] DEBUG:colcon.colcon_core.shell:Skip shell extension 'dsv' for command environment
[0.825s] INFO:colcon.colcon_ros.task.ament_cmake.build:Building ROS package in '/home/ria4065/go2_ws/src/unitree_ros2/cyclonedds_ws/src/unitree/unitree_go' with build type 'ament_cmake'
[0.825s] INFO:colcon.colcon_cmake.task.cmake.build:Building CMake package in '/home/ria4065/go2_ws/src/unitree_ros2/cyclonedds_ws/src/unitree/unitree_go'
[0.825s] INFO:colcon.colcon_core.shell:Skip shell extension 'powershell' for command environment: Not usable outside of PowerShell
[0.826s] DEBUG:colcon.colcon_core.shell:Skip shell extension 'dsv' for command environment
[0.831s] INFO:colcon.colcon_ros.task.ament_cmake.build:Building ROS package in '/home/ria4065/go2_ws/src/unitree_ros2/cyclonedds_ws/src/unitree/unitree_hg' with build type 'ament_cmake'
[0.832s] INFO:colcon.colcon_cmake.task.cmake.build:Building CMake package in '/home/ria4065/go2_ws/src/unitree_ros2/cyclonedds_ws/src/unitree/unitree_hg'
[0.832s] INFO:colcon.colcon_core.shell:Skip shell extension 'powershell' for command environment: Not usable outside of PowerShell
[0.832s] DEBUG:colcon.colcon_core.shell:Skip shell extension 'dsv' for command environment
[0.838s] INFO:colcon.colcon_cmake.task.cmake.build:Building CMake package in '/home/ria4065/go2_ws/src/unitree_sdk2'
[0.838s] INFO:colcon.colcon_core.shell:Skip shell extension 'powershell' for command environment: Not usable outside of PowerShell
[0.839s] DEBUG:colcon.colcon_core.shell:Skip shell extension 'dsv' for command environment
[0.857s] DEBUG:colcon.colcon_core.event_handler.log_command:Invoking command in '/home/ria4065/go2_ws/build/unitree_api': CMAKE_PREFIX_PATH=/opt/ros/humble NX_CONNECTION=192.168.50.197 33074 192.168.50.121 4000 /usr/bin/cmake /home/ria4065/go2_ws/src/unitree_ros2/cyclonedds_ws/src/unitree/unitree_api -DAMENT_CMAKE_SYMLINK_INSTALL=1 -DCMAKE_INSTALL_PREFIX=/home/ria4065/go2_ws/install/unitree_api
[0.862s] DEBUG:colcon.colcon_core.event_handler.log_command:Invoking command in '/home/ria4065/go2_ws/build/unitree_go': CMAKE_PREFIX_PATH=/opt/ros/humble NX_CONNECTION=192.168.50.197 33074 192.168.50.121 4000 /usr/bin/cmake /home/ria4065/go2_ws/src/unitree_ros2/cyclonedds_ws/src/unitree/unitree_go -DAMENT_CMAKE_SYMLINK_INSTALL=1 -DCMAKE_INSTALL_PREFIX=/home/ria4065/go2_ws/install/unitree_go
[0.868s] DEBUG:colcon.colcon_core.event_handler.log_command:Invoking command in '/home/ria4065/go2_ws/build/unitree_hg': CMAKE_PREFIX_PATH=/opt/ros/humble NX_CONNECTION=192.168.50.197 33074 192.168.50.121 4000 /usr/bin/cmake /home/ria4065/go2_ws/src/unitree_ros2/cyclonedds_ws/src/unitree/unitree_hg -DAMENT_CMAKE_SYMLINK_INSTALL=1 -DCMAKE_INSTALL_PREFIX=/home/ria4065/go2_ws/install/unitree_hg
[0.888s] DEBUG:colcon.colcon_core.event_handler.log_command:Invoking command in '/home/ria4065/go2_ws/build/unitree_sdk2': NX_CONNECTION=192.168.50.197 33074 192.168.50.121 4000 /usr/bin/cmake --build /home/ria4065/go2_ws/build/unitree_sdk2 -- -j12 -l12
[1.335s] DEBUG:colcon.colcon_core.event_handler.log_command:Invoked command in '/home/ria4065/go2_ws/build/unitree_sdk2' returned '0': NX_CONNECTION=192.168.50.197 33074 192.168.50.121 4000 /usr/bin/cmake --build /home/ria4065/go2_ws/build/unitree_sdk2 -- -j12 -l12
[1.357s] DEBUG:colcon.colcon_core.event_handler.log_command:Invoking command in '/home/ria4065/go2_ws/build/unitree_sdk2': NX_CONNECTION=192.168.50.197 33074 192.168.50.121 4000 /usr/bin/cmake --install /home/ria4065/go2_ws/build/unitree_sdk2
[1.417s] Level 1:colcon.colcon_core.environment:create_environment_scripts_only(unitree_sdk2)
[1.430s] Level 1:colcon.colcon_core.environment:checking '/home/ria4065/go2_ws/install/unitree_sdk2' for CMake module files
[1.432s] Level 1:colcon.colcon_core.environment:checking '/home/ria4065/go2_ws/install/unitree_sdk2' for CMake config files
[1.475s] Level 1:colcon.colcon_core.shell:create_environment_hook('unitree_sdk2', 'cmake_prefix_path')
[1.476s] INFO:colcon.colcon_core.shell:Creating environment hook '/home/ria4065/go2_ws/install/unitree_sdk2/share/unitree_sdk2/hook/cmake_prefix_path.ps1'
[1.478s] INFO:colcon.colcon_core.shell:Creating environment descriptor '/home/ria4065/go2_ws/install/unitree_sdk2/share/unitree_sdk2/hook/cmake_prefix_path.dsv'
[1.480s] INFO:colcon.colcon_core.shell:Creating environment hook '/home/ria4065/go2_ws/install/unitree_sdk2/share/unitree_sdk2/hook/cmake_prefix_path.sh'
[1.483s] Level 1:colcon.colcon_core.environment:checking '/home/ria4065/go2_ws/install/unitree_sdk2/lib'
[1.483s] Level 1:colcon.colcon_core.shell:create_environment_hook('unitree_sdk2', 'ld_library_path_lib')
[1.484s] INFO:colcon.colcon_core.shell:Creating environment hook '/home/ria4065/go2_ws/install/unitree_sdk2/share/unitree_sdk2/hook/ld_library_path_lib.ps1'
[1.486s] INFO:colcon.colcon_core.shell:Creating environment descriptor '/home/ria4065/go2_ws/install/unitree_sdk2/share/unitree_sdk2/hook/ld_library_path_lib.dsv'
[1.487s] INFO:colcon.colcon_core.shell:Creating environment hook '/home/ria4065/go2_ws/install/unitree_sdk2/share/unitree_sdk2/hook/ld_library_path_lib.sh'
[1.489s] Level 1:colcon.colcon_core.environment:checking '/home/ria4065/go2_ws/install/unitree_sdk2/bin'
[1.489s] Level 1:colcon.colcon_core.environment:checking '/home/ria4065/go2_ws/install/unitree_sdk2/lib/pkgconfig/unitree_sdk2.pc'
[1.490s] Level 1:colcon.colcon_core.environment:checking '/home/ria4065/go2_ws/install/unitree_sdk2/lib/python3.10/site-packages'
[1.491s] Level 1:colcon.colcon_core.environment:checking '/home/ria4065/go2_ws/install/unitree_sdk2/bin'
[1.492s] INFO:colcon.colcon_core.shell:Creating package script '/home/ria4065/go2_ws/install/unitree_sdk2/share/unitree_sdk2/package.ps1'
[1.495s] INFO:colcon.colcon_core.shell:Creating package descriptor '/home/ria4065/go2_ws/install/unitree_sdk2/share/unitree_sdk2/package.dsv'
[1.498s] INFO:colcon.colcon_core.shell:Creating package script '/home/ria4065/go2_ws/install/unitree_sdk2/share/unitree_sdk2/package.sh'
[1.500s] INFO:colcon.colcon_core.shell:Creating package script '/home/ria4065/go2_ws/install/unitree_sdk2/share/unitree_sdk2/package.bash'
[1.503s] INFO:colcon.colcon_core.shell:Creating package script '/home/ria4065/go2_ws/install/unitree_sdk2/share/unitree_sdk2/package.zsh'
[1.506s] Level 1:colcon.colcon_core.environment:create_file_with_runtime_dependencies(/home/ria4065/go2_ws/install/unitree_sdk2/share/colcon-core/packages/unitree_sdk2)
[1.560s] DEBUG:colcon.colcon_core.event_handler.log_command:Invoked command in '/home/ria4065/go2_ws/build/unitree_sdk2' returned '0': NX_CONNECTION=192.168.50.197 33074 192.168.50.121 4000 /usr/bin/cmake --install /home/ria4065/go2_ws/build/unitree_sdk2
[4.161s] DEBUG:colcon.colcon_core.event_handler.log_command:Invoked command in '/home/ria4065/go2_ws/build/unitree_api' returned '0': CMAKE_PREFIX_PATH=/opt/ros/humble NX_CONNECTION=192.168.50.197 33074 192.168.50.121 4000 /usr/bin/cmake /home/ria4065/go2_ws/src/unitree_ros2/cyclonedds_ws/src/unitree/unitree_api -DAMENT_CMAKE_SYMLINK_INSTALL=1 -DCMAKE_INSTALL_PREFIX=/home/ria4065/go2_ws/install/unitree_api
[4.166s] DEBUG:colcon.colcon_core.event_handler.log_command:Invoking command in '/home/ria4065/go2_ws/build/unitree_api': CMAKE_PREFIX_PATH=/opt/ros/humble NX_CONNECTION=192.168.50.197 33074 192.168.50.121 4000 /usr/bin/cmake --build /home/ria4065/go2_ws/build/unitree_api -- -j12 -l12
[4.204s] DEBUG:colcon.colcon_core.event_handler.log_command:Invoked command in '/home/ria4065/go2_ws/build/unitree_hg' returned '0': CMAKE_PREFIX_PATH=/opt/ros/humble NX_CONNECTION=192.168.50.197 33074 192.168.50.121 4000 /usr/bin/cmake /home/ria4065/go2_ws/src/unitree_ros2/cyclonedds_ws/src/unitree/unitree_hg -DAMENT_CMAKE_SYMLINK_INSTALL=1 -DCMAKE_INSTALL_PREFIX=/home/ria4065/go2_ws/install/unitree_hg
[4.208s] DEBUG:colcon.colcon_core.event_handler.log_command:Invoking command in '/home/ria4065/go2_ws/build/unitree_hg': CMAKE_PREFIX_PATH=/opt/ros/humble NX_CONNECTION=192.168.50.197 33074 192.168.50.121 4000 /usr/bin/cmake --build /home/ria4065/go2_ws/build/unitree_hg -- -j12 -l12
[4.420s] DEBUG:colcon.colcon_core.event_handler.log_command:Invoked command in '/home/ria4065/go2_ws/build/unitree_go' returned '0': CMAKE_PREFIX_PATH=/opt/ros/humble NX_CONNECTION=192.168.50.197 33074 192.168.50.121 4000 /usr/bin/cmake /home/ria4065/go2_ws/src/unitree_ros2/cyclonedds_ws/src/unitree/unitree_go -DAMENT_CMAKE_SYMLINK_INSTALL=1 -DCMAKE_INSTALL_PREFIX=/home/ria4065/go2_ws/install/unitree_go
[4.421s] DEBUG:colcon.colcon_core.event_handler.log_command:Invoking command in '/home/ria4065/go2_ws/build/unitree_go': CMAKE_PREFIX_PATH=/opt/ros/humble NX_CONNECTION=192.168.50.197 33074 192.168.50.121 4000 /usr/bin/cmake --build /home/ria4065/go2_ws/build/unitree_go -- -j12 -l12
[17.306s] DEBUG:colcon.colcon_core.event_handler.log_command:Invoked command in '/home/ria4065/go2_ws/build/unitree_api' returned '0': CMAKE_PREFIX_PATH=/opt/ros/humble NX_CONNECTION=192.168.50.197 33074 192.168.50.121 4000 /usr/bin/cmake --build /home/ria4065/go2_ws/build/unitree_api -- -j12 -l12
[17.307s] DEBUG:colcon.colcon_core.event_handler.log_command:Invoking command in '/home/ria4065/go2_ws/build/unitree_api': CMAKE_PREFIX_PATH=/opt/ros/humble NX_CONNECTION=192.168.50.197 33074 192.168.50.121 4000 /usr/bin/cmake --install /home/ria4065/go2_ws/build/unitree_api
[23.476s] DEBUG:colcon.colcon_core.event_handler.log_command:Invoked command in '/home/ria4065/go2_ws/build/unitree_hg' returned '0': CMAKE_PREFIX_PATH=/opt/ros/humble NX_CONNECTION=192.168.50.197 33074 192.168.50.121 4000 /usr/bin/cmake --build /home/ria4065/go2_ws/build/unitree_hg -- -j12 -l12
[23.477s] DEBUG:colcon.colcon_core.event_handler.log_command:Invoking command in '/home/ria4065/go2_ws/build/unitree_hg': CMAKE_PREFIX_PATH=/opt/ros/humble NX_CONNECTION=192.168.50.197 33074 192.168.50.121 4000 /usr/bin/cmake --install /home/ria4065/go2_ws/build/unitree_hg
[24.911s] Level 1:colcon.colcon_core.environment:create_environment_scripts_only(unitree_api)
[24.912s] Level 1:colcon.colcon_core.environment:checking '/home/ria4065/go2_ws/install/unitree_api' for CMake module files
[24.914s] DEBUG:colcon.colcon_core.event_handler.log_command:Invoked command in '/home/ria4065/go2_ws/build/unitree_api' returned '0': CMAKE_PREFIX_PATH=/opt/ros/humble NX_CONNECTION=192.168.50.197 33074 192.168.50.121 4000 /usr/bin/cmake --install /home/ria4065/go2_ws/build/unitree_api
[24.915s] Level 1:colcon.colcon_core.environment:checking '/home/ria4065/go2_ws/install/unitree_api' for CMake config files
[24.920s] Level 1:colcon.colcon_core.shell:create_environment_hook('unitree_api', 'cmake_prefix_path')
[24.921s] INFO:colcon.colcon_core.shell:Creating environment hook '/home/ria4065/go2_ws/install/unitree_api/share/unitree_api/hook/cmake_prefix_path.ps1'
[24.930s] INFO:colcon.colcon_core.shell:Creating environment descriptor '/home/ria4065/go2_ws/install/unitree_api/share/unitree_api/hook/cmake_prefix_path.dsv'
[24.931s] INFO:colcon.colcon_core.shell:Creating environment hook '/home/ria4065/go2_ws/install/unitree_api/share/unitree_api/hook/cmake_prefix_path.sh'
[24.933s] Level 1:colcon.colcon_core.environment:checking '/home/ria4065/go2_ws/install/unitree_api/lib'
[24.933s] Level 1:colcon.colcon_core.shell:create_environment_hook('unitree_api', 'ld_library_path_lib')
[24.934s] INFO:colcon.colcon_core.shell:Creating environment hook '/home/ria4065/go2_ws/install/unitree_api/share/unitree_api/hook/ld_library_path_lib.ps1'
[24.936s] INFO:colcon.colcon_core.shell:Creating environment descriptor '/home/ria4065/go2_ws/install/unitree_api/share/unitree_api/hook/ld_library_path_lib.dsv'
[24.937s] INFO:colcon.colcon_core.shell:Creating environment hook '/home/ria4065/go2_ws/install/unitree_api/share/unitree_api/hook/ld_library_path_lib.sh'
[24.938s] Level 1:colcon.colcon_core.environment:checking '/home/ria4065/go2_ws/install/unitree_api/bin'
[24.938s] Level 1:colcon.colcon_core.environment:checking '/home/ria4065/go2_ws/install/unitree_api/lib/pkgconfig/unitree_api.pc'
[24.939s] Level 1:colcon.colcon_core.environment:checking '/home/ria4065/go2_ws/install/unitree_api/lib/python3.10/site-packages'
[24.940s] Level 1:colcon.colcon_core.environment:checking '/home/ria4065/go2_ws/install/unitree_api/bin'
[24.941s] INFO:colcon.colcon_core.shell:Creating package script '/home/ria4065/go2_ws/install/unitree_api/share/unitree_api/package.ps1'
[24.956s] INFO:colcon.colcon_core.shell:Creating package descriptor '/home/ria4065/go2_ws/install/unitree_api/share/unitree_api/package.dsv'
[24.958s] INFO:colcon.colcon_core.shell:Creating package script '/home/ria4065/go2_ws/install/unitree_api/share/unitree_api/package.sh'
[24.961s] INFO:colcon.colcon_core.shell:Creating package script '/home/ria4065/go2_ws/install/unitree_api/share/unitree_api/package.bash'
[24.969s] INFO:colcon.colcon_core.shell:Creating package script '/home/ria4065/go2_ws/install/unitree_api/share/unitree_api/package.zsh'
[24.971s] Level 1:colcon.colcon_core.environment:create_file_with_runtime_dependencies(/home/ria4065/go2_ws/install/unitree_api/share/colcon-core/packages/unitree_api)
[24.974s] Level 1:colcon.colcon_core.environment:create_environment_scripts_only(unitree_api)
[24.974s] Level 1:colcon.colcon_core.environment:checking '/home/ria4065/go2_ws/install/unitree_api' for CMake module files
[24.976s] Level 1:colcon.colcon_core.environment:checking '/home/ria4065/go2_ws/install/unitree_api' for CMake config files
[24.980s] Level 1:colcon.colcon_core.shell:create_environment_hook('unitree_api', 'cmake_prefix_path')
[24.980s] INFO:colcon.colcon_core.shell:Creating environment hook '/home/ria4065/go2_ws/install/unitree_api/share/unitree_api/hook/cmake_prefix_path.ps1'
[24.992s] INFO:colcon.colcon_core.shell:Creating environment descriptor '/home/ria4065/go2_ws/install/unitree_api/share/unitree_api/hook/cmake_prefix_path.dsv'
[24.994s] INFO:colcon.colcon_core.shell:Creating environment hook '/home/ria4065/go2_ws/install/unitree_api/share/unitree_api/hook/cmake_prefix_path.sh'
[24.998s] Level 1:colcon.colcon_core.environment:checking '/home/ria4065/go2_ws/install/unitree_api/lib'
[24.998s] Level 1:colcon.colcon_core.shell:create_environment_hook('unitree_api', 'ld_library_path_lib')
[24.999s] INFO:colcon.colcon_core.shell:Creating environment hook '/home/ria4065/go2_ws/install/unitree_api/share/unitree_api/hook/ld_library_path_lib.ps1'
[25.009s] INFO:colcon.colcon_core.shell:Creating environment descriptor '/home/ria4065/go2_ws/install/unitree_api/share/unitree_api/hook/ld_library_path_lib.dsv'
[25.011s] INFO:colcon.colcon_core.shell:Creating environment hook '/home/ria4065/go2_ws/install/unitree_api/share/unitree_api/hook/ld_library_path_lib.sh'
[25.012s] Level 1:colcon.colcon_core.environment:checking '/home/ria4065/go2_ws/install/unitree_api/bin'
[25.013s] Level 1:colcon.colcon_core.environment:checking '/home/ria4065/go2_ws/install/unitree_api/lib/pkgconfig/unitree_api.pc'
[25.013s] Level 1:colcon.colcon_core.environment:checking '/home/ria4065/go2_ws/install/unitree_api/lib/python3.10/site-packages'
[25.014s] Level 1:colcon.colcon_core.environment:checking '/home/ria4065/go2_ws/install/unitree_api/bin'
[25.015s] INFO:colcon.colcon_core.shell:Creating package script '/home/ria4065/go2_ws/install/unitree_api/share/unitree_api/package.ps1'
[25.020s] INFO:colcon.colcon_core.shell:Creating package descriptor '/home/ria4065/go2_ws/install/unitree_api/share/unitree_api/package.dsv'
[25.036s] INFO:colcon.colcon_core.shell:Creating package script '/home/ria4065/go2_ws/install/unitree_api/share/unitree_api/package.sh'
[25.039s] INFO:colcon.colcon_core.shell:Creating package script '/home/ria4065/go2_ws/install/unitree_api/share/unitree_api/package.bash'
[25.040s] INFO:colcon.colcon_core.shell:Creating package script '/home/ria4065/go2_ws/install/unitree_api/share/unitree_api/package.zsh'
[25.042s] Level 1:colcon.colcon_core.environment:create_file_with_runtime_dependencies(/home/ria4065/go2_ws/install/unitree_api/share/colcon-core/packages/unitree_api)
[29.716s] Level 1:colcon.colcon_core.environment:create_environment_scripts_only(unitree_hg)
[29.717s] Level 1:colcon.colcon_core.environment:checking '/home/ria4065/go2_ws/install/unitree_hg' for CMake module files
[29.718s] DEBUG:colcon.colcon_core.event_handler.log_command:Invoked command in '/home/ria4065/go2_ws/build/unitree_hg' returned '0': CMAKE_PREFIX_PATH=/opt/ros/humble NX_CONNECTION=192.168.50.197 33074 192.168.50.121 4000 /usr/bin/cmake --install /home/ria4065/go2_ws/build/unitree_hg
[29.720s] Level 1:colcon.colcon_core.environment:checking '/home/ria4065/go2_ws/install/unitree_hg' for CMake config files
[29.724s] Level 1:colcon.colcon_core.shell:create_environment_hook('unitree_hg', 'cmake_prefix_path')
[29.725s] INFO:colcon.colcon_core.shell:Creating environment hook '/home/ria4065/go2_ws/install/unitree_hg/share/unitree_hg/hook/cmake_prefix_path.ps1'
[29.726s] INFO:colcon.colcon_core.shell:Creating environment descriptor '/home/ria4065/go2_ws/install/unitree_hg/share/unitree_hg/hook/cmake_prefix_path.dsv'
[29.727s] INFO:colcon.colcon_core.shell:Creating environment hook '/home/ria4065/go2_ws/install/unitree_hg/share/unitree_hg/hook/cmake_prefix_path.sh'
[29.728s] Level 1:colcon.colcon_core.environment:checking '/home/ria4065/go2_ws/install/unitree_hg/lib'
[29.728s] Level 1:colcon.colcon_core.shell:create_environment_hook('unitree_hg', 'ld_library_path_lib')
[29.729s] INFO:colcon.colcon_core.shell:Creating environment hook '/home/ria4065/go2_ws/install/unitree_hg/share/unitree_hg/hook/ld_library_path_lib.ps1'
[29.729s] INFO:colcon.colcon_core.shell:Creating environment descriptor '/home/ria4065/go2_ws/install/unitree_hg/share/unitree_hg/hook/ld_library_path_lib.dsv'
[29.730s] INFO:colcon.colcon_core.shell:Creating environment hook '/home/ria4065/go2_ws/install/unitree_hg/share/unitree_hg/hook/ld_library_path_lib.sh'
[29.731s] Level 1:colcon.colcon_core.environment:checking '/home/ria4065/go2_ws/install/unitree_hg/bin'
[29.731s] Level 1:colcon.colcon_core.environment:checking '/home/ria4065/go2_ws/install/unitree_hg/lib/pkgconfig/unitree_hg.pc'
[29.731s] Level 1:colcon.colcon_core.environment:checking '/home/ria4065/go2_ws/install/unitree_hg/lib/python3.10/site-packages'
[29.732s] Level 1:colcon.colcon_core.environment:checking '/home/ria4065/go2_ws/install/unitree_hg/bin'
[29.733s] INFO:colcon.colcon_core.shell:Creating package script '/home/ria4065/go2_ws/install/unitree_hg/share/unitree_hg/package.ps1'
[29.734s] INFO:colcon.colcon_core.shell:Creating package descriptor '/home/ria4065/go2_ws/install/unitree_hg/share/unitree_hg/package.dsv'
[29.735s] INFO:colcon.colcon_core.shell:Creating package script '/home/ria4065/go2_ws/install/unitree_hg/share/unitree_hg/package.sh'
[29.736s] INFO:colcon.colcon_core.shell:Creating package script '/home/ria4065/go2_ws/install/unitree_hg/share/unitree_hg/package.bash'
[29.737s] INFO:colcon.colcon_core.shell:Creating package script '/home/ria4065/go2_ws/install/unitree_hg/share/unitree_hg/package.zsh'
[29.738s] Level 1:colcon.colcon_core.environment:create_file_with_runtime_dependencies(/home/ria4065/go2_ws/install/unitree_hg/share/colcon-core/packages/unitree_hg)
[29.739s] Level 1:colcon.colcon_core.environment:create_environment_scripts_only(unitree_hg)
[29.739s] Level 1:colcon.colcon_core.environment:checking '/home/ria4065/go2_ws/install/unitree_hg' for CMake module files
[29.741s] Level 1:colcon.colcon_core.environment:checking '/home/ria4065/go2_ws/install/unitree_hg' for CMake config files
[29.744s] Level 1:colcon.colcon_core.shell:create_environment_hook('unitree_hg', 'cmake_prefix_path')
[29.745s] INFO:colcon.colcon_core.shell:Creating environment hook '/home/ria4065/go2_ws/install/unitree_hg/share/unitree_hg/hook/cmake_prefix_path.ps1'
[29.746s] INFO:colcon.colcon_core.shell:Creating environment descriptor '/home/ria4065/go2_ws/install/unitree_hg/share/unitree_hg/hook/cmake_prefix_path.dsv'
[29.746s] INFO:colcon.colcon_core.shell:Creating environment hook '/home/ria4065/go2_ws/install/unitree_hg/share/unitree_hg/hook/cmake_prefix_path.sh'
[29.748s] Level 1:colcon.colcon_core.environment:checking '/home/ria4065/go2_ws/install/unitree_hg/lib'
[29.748s] Level 1:colcon.colcon_core.shell:create_environment_hook('unitree_hg', 'ld_library_path_lib')
[29.748s] INFO:colcon.colcon_core.shell:Creating environment hook '/home/ria4065/go2_ws/install/unitree_hg/share/unitree_hg/hook/ld_library_path_lib.ps1'
[29.749s] INFO:colcon.colcon_core.shell:Creating environment descriptor '/home/ria4065/go2_ws/install/unitree_hg/share/unitree_hg/hook/ld_library_path_lib.dsv'
[29.750s] INFO:colcon.colcon_core.shell:Creating environment hook '/home/ria4065/go2_ws/install/unitree_hg/share/unitree_hg/hook/ld_library_path_lib.sh'
[29.750s] Level 1:colcon.colcon_core.environment:checking '/home/ria4065/go2_ws/install/unitree_hg/bin'
[29.751s] Level 1:colcon.colcon_core.environment:checking '/home/ria4065/go2_ws/install/unitree_hg/lib/pkgconfig/unitree_hg.pc'
[29.751s] Level 1:colcon.colcon_core.environment:checking '/home/ria4065/go2_ws/install/unitree_hg/lib/python3.10/site-packages'
[29.752s] Level 1:colcon.colcon_core.environment:checking '/home/ria4065/go2_ws/install/unitree_hg/bin'
[29.752s] INFO:colcon.colcon_core.shell:Creating package script '/home/ria4065/go2_ws/install/unitree_hg/share/unitree_hg/package.ps1'
[29.754s] INFO:colcon.colcon_core.shell:Creating package descriptor '/home/ria4065/go2_ws/install/unitree_hg/share/unitree_hg/package.dsv'
[29.755s] INFO:colcon.colcon_core.shell:Creating package script '/home/ria4065/go2_ws/install/unitree_hg/share/unitree_hg/package.sh'
[29.756s] INFO:colcon.colcon_core.shell:Creating package script '/home/ria4065/go2_ws/install/unitree_hg/share/unitree_hg/package.bash'
[29.757s] INFO:colcon.colcon_core.shell:Creating package script '/home/ria4065/go2_ws/install/unitree_hg/share/unitree_hg/package.zsh'
[29.758s] Level 1:colcon.colcon_core.environment:create_file_with_runtime_dependencies(/home/ria4065/go2_ws/install/unitree_hg/share/colcon-core/packages/unitree_hg)
[34.990s] DEBUG:colcon.colcon_core.event_handler.log_command:Invoked command in '/home/ria4065/go2_ws/build/unitree_go' returned '0': CMAKE_PREFIX_PATH=/opt/ros/humble NX_CONNECTION=192.168.50.197 33074 192.168.50.121 4000 /usr/bin/cmake --build /home/ria4065/go2_ws/build/unitree_go -- -j12 -l12
[34.994s] DEBUG:colcon.colcon_core.event_handler.log_command:Invoking command in '/home/ria4065/go2_ws/build/unitree_go': CMAKE_PREFIX_PATH=/opt/ros/humble NX_CONNECTION=192.168.50.197 33074 192.168.50.121 4000 /usr/bin/cmake --install /home/ria4065/go2_ws/build/unitree_go
[44.053s] Level 1:colcon.colcon_core.environment:create_environment_scripts_only(unitree_go)
[44.054s] Level 1:colcon.colcon_core.environment:checking '/home/ria4065/go2_ws/install/unitree_go' for CMake module files
[44.056s] DEBUG:colcon.colcon_core.event_handler.log_command:Invoked command in '/home/ria4065/go2_ws/build/unitree_go' returned '0': CMAKE_PREFIX_PATH=/opt/ros/humble NX_CONNECTION=192.168.50.197 33074 192.168.50.121 4000 /usr/bin/cmake --install /home/ria4065/go2_ws/build/unitree_go
[44.058s] Level 1:colcon.colcon_core.environment:checking '/home/ria4065/go2_ws/install/unitree_go' for CMake config files
[44.072s] Level 1:colcon.colcon_core.shell:create_environment_hook('unitree_go', 'cmake_prefix_path')
[44.073s] INFO:colcon.colcon_core.shell:Creating environment hook '/home/ria4065/go2_ws/install/unitree_go/share/unitree_go/hook/cmake_prefix_path.ps1'
[44.075s] INFO:colcon.colcon_core.shell:Creating environment descriptor '/home/ria4065/go2_ws/install/unitree_go/share/unitree_go/hook/cmake_prefix_path.dsv'
[44.076s] INFO:colcon.colcon_core.shell:Creating environment hook '/home/ria4065/go2_ws/install/unitree_go/share/unitree_go/hook/cmake_prefix_path.sh'
[44.078s] Level 1:colcon.colcon_core.environment:checking '/home/ria4065/go2_ws/install/unitree_go/lib'
[44.079s] Level 1:colcon.colcon_core.shell:create_environment_hook('unitree_go', 'ld_library_path_lib')
[44.079s] INFO:colcon.colcon_core.shell:Creating environment hook '/home/ria4065/go2_ws/install/unitree_go/share/unitree_go/hook/ld_library_path_lib.ps1'
[44.081s] INFO:colcon.colcon_core.shell:Creating environment descriptor '/home/ria4065/go2_ws/install/unitree_go/share/unitree_go/hook/ld_library_path_lib.dsv'
[44.082s] INFO:colcon.colcon_core.shell:Creating environment hook '/home/ria4065/go2_ws/install/unitree_go/share/unitree_go/hook/ld_library_path_lib.sh'
[44.083s] Level 1:colcon.colcon_core.environment:checking '/home/ria4065/go2_ws/install/unitree_go/bin'
[44.084s] Level 1:colcon.colcon_core.environment:checking '/home/ria4065/go2_ws/install/unitree_go/lib/pkgconfig/unitree_go.pc'
[44.084s] Level 1:colcon.colcon_core.environment:checking '/home/ria4065/go2_ws/install/unitree_go/lib/python3.10/site-packages'
[44.086s] Level 1:colcon.colcon_core.environment:checking '/home/ria4065/go2_ws/install/unitree_go/bin'
[44.087s] INFO:colcon.colcon_core.shell:Creating package script '/home/ria4065/go2_ws/install/unitree_go/share/unitree_go/package.ps1'
[44.089s] INFO:colcon.colcon_core.shell:Creating package descriptor '/home/ria4065/go2_ws/install/unitree_go/share/unitree_go/package.dsv'
[44.091s] INFO:colcon.colcon_core.shell:Creating package script '/home/ria4065/go2_ws/install/unitree_go/share/unitree_go/package.sh'
[44.093s] INFO:colcon.colcon_core.shell:Creating package script '/home/ria4065/go2_ws/install/unitree_go/share/unitree_go/package.bash'
[44.094s] INFO:colcon.colcon_core.shell:Creating package script '/home/ria4065/go2_ws/install/unitree_go/share/unitree_go/package.zsh'
[44.095s] Level 1:colcon.colcon_core.environment:create_file_with_runtime_dependencies(/home/ria4065/go2_ws/install/unitree_go/share/colcon-core/packages/unitree_go)
[44.098s] Level 1:colcon.colcon_core.environment:create_environment_scripts_only(unitree_go)
[44.098s] Level 1:colcon.colcon_core.environment:checking '/home/ria4065/go2_ws/install/unitree_go' for CMake module files
[44.101s] Level 1:colcon.colcon_core.environment:checking '/home/ria4065/go2_ws/install/unitree_go' for CMake config files
[44.112s] Level 1:colcon.colcon_core.shell:create_environment_hook('unitree_go', 'cmake_prefix_path')
[44.113s] INFO:colcon.colcon_core.shell:Creating environment hook '/home/ria4065/go2_ws/install/unitree_go/share/unitree_go/hook/cmake_prefix_path.ps1'
[44.115s] INFO:colcon.colcon_core.shell:Creating environment descriptor '/home/ria4065/go2_ws/install/unitree_go/share/unitree_go/hook/cmake_prefix_path.dsv'
[44.116s] INFO:colcon.colcon_core.shell:Creating environment hook '/home/ria4065/go2_ws/install/unitree_go/share/unitree_go/hook/cmake_prefix_path.sh'
[44.118s] Level 1:colcon.colcon_core.environment:checking '/home/ria4065/go2_ws/install/unitree_go/lib'
[44.119s] Level 1:colcon.colcon_core.shell:create_environment_hook('unitree_go', 'ld_library_path_lib')
[44.119s] INFO:colcon.colcon_core.shell:Creating environment hook '/home/ria4065/go2_ws/install/unitree_go/share/unitree_go/hook/ld_library_path_lib.ps1'
[44.120s] INFO:colcon.colcon_core.shell:Creating environment descriptor '/home/ria4065/go2_ws/install/unitree_go/share/unitree_go/hook/ld_library_path_lib.dsv'
[44.122s] INFO:colcon.colcon_core.shell:Creating environment hook '/home/ria4065/go2_ws/install/unitree_go/share/unitree_go/hook/ld_library_path_lib.sh'
[44.123s] Level 1:colcon.colcon_core.environment:checking '/home/ria4065/go2_ws/install/unitree_go/bin'
[44.123s] Level 1:colcon.colcon_core.environment:checking '/home/ria4065/go2_ws/install/unitree_go/lib/pkgconfig/unitree_go.pc'
[44.124s] Level 1:colcon.colcon_core.environment:checking '/home/ria4065/go2_ws/install/unitree_go/lib/python3.10/site-packages'
[44.125s] Level 1:colcon.colcon_core.environment:checking '/home/ria4065/go2_ws/install/unitree_go/bin'
[44.126s] INFO:colcon.colcon_core.shell:Creating package script '/home/ria4065/go2_ws/install/unitree_go/share/unitree_go/package.ps1'
[44.127s] INFO:colcon.colcon_core.shell:Creating package descriptor '/home/ria4065/go2_ws/install/unitree_go/share/unitree_go/package.dsv'
[44.129s] INFO:colcon.colcon_core.shell:Creating package script '/home/ria4065/go2_ws/install/unitree_go/share/unitree_go/package.sh'
[44.130s] INFO:colcon.colcon_core.shell:Creating package script '/home/ria4065/go2_ws/install/unitree_go/share/unitree_go/package.bash'
[44.132s] INFO:colcon.colcon_core.shell:Creating package script '/home/ria4065/go2_ws/install/unitree_go/share/unitree_go/package.zsh'
[44.133s] Level 1:colcon.colcon_core.environment:create_file_with_runtime_dependencies(/home/ria4065/go2_ws/install/unitree_go/share/colcon-core/packages/unitree_go)
[44.134s] INFO:colcon.colcon_ros.task.ament_cmake.build:Building ROS package in '/home/ria4065/go2_ws/src/unitree_ros2/example/src' with build type 'ament_cmake'
[44.134s] INFO:colcon.colcon_cmake.task.cmake.build:Building CMake package in '/home/ria4065/go2_ws/src/unitree_ros2/example/src'
[44.135s] INFO:colcon.colcon_core.shell:Skip shell extension 'powershell' for command environment: Not usable outside of PowerShell
[44.135s] DEBUG:colcon.colcon_core.shell:Skip shell extension 'dsv' for command environment
[44.173s] DEBUG:colcon.colcon_core.event_handler.log_command:Invoking command in '/home/ria4065/go2_ws/build/unitree_ros2_example': AMENT_PREFIX_PATH=/home/ria4065/go2_ws/install/unitree_hg:/home/ria4065/go2_ws/install/unitree_go:/home/ria4065/go2_ws/install/unitree_api:${AMENT_PREFIX_PATH} CMAKE_PREFIX_PATH=/home/ria4065/go2_ws/install/unitree_hg:/home/ria4065/go2_ws/install/unitree_go:/home/ria4065/go2_ws/install/unitree_api:/opt/ros/humble LD_LIBRARY_PATH=/home/ria4065/go2_ws/install/unitree_hg/lib:/home/ria4065/go2_ws/install/unitree_go/lib:/home/ria4065/go2_ws/install/unitree_api/lib:/usr/local/cuda-12.6/lib64:/opt/ros/humble/opt/rviz_ogre_vendor/lib:/opt/ros/humble/lib/aarch64-linux-gnu:/opt/ros/humble/lib:/usr/local/cuda-12.6/lib64 NX_CONNECTION=192.168.50.197 33074 192.168.50.121 4000 PYTHONPATH=/home/ria4065/go2_ws/install/unitree_hg/local/lib/python3.10/dist-packages:/home/ria4065/go2_ws/install/unitree_go/local/lib/python3.10/dist-packages:/home/ria4065/go2_ws/install/unitree_api/local/lib/python3.10/dist-packages:${PYTHONPATH} /usr/bin/cmake /home/ria4065/go2_ws/src/unitree_ros2/example/src -DAMENT_CMAKE_SYMLINK_INSTALL=1 -DCMAKE_INSTALL_PREFIX=/home/ria4065/go2_ws/install/unitree_ros2_example
[46.919s] DEBUG:colcon.colcon_core.event_handler.log_command:Invoked command in '/home/ria4065/go2_ws/build/unitree_ros2_example' returned '0': AMENT_PREFIX_PATH=/home/ria4065/go2_ws/install/unitree_hg:/home/ria4065/go2_ws/install/unitree_go:/home/ria4065/go2_ws/install/unitree_api:${AMENT_PREFIX_PATH} CMAKE_PREFIX_PATH=/home/ria4065/go2_ws/install/unitree_hg:/home/ria4065/go2_ws/install/unitree_go:/home/ria4065/go2_ws/install/unitree_api:/opt/ros/humble LD_LIBRARY_PATH=/home/ria4065/go2_ws/install/unitree_hg/lib:/home/ria4065/go2_ws/install/unitree_go/lib:/home/ria4065/go2_ws/install/unitree_api/lib:/usr/local/cuda-12.6/lib64:/opt/ros/humble/opt/rviz_ogre_vendor/lib:/opt/ros/humble/lib/aarch64-linux-gnu:/opt/ros/humble/lib:/usr/local/cuda-12.6/lib64 NX_CONNECTION=192.168.50.197 33074 192.168.50.121 4000 PYTHONPATH=/home/ria4065/go2_ws/install/unitree_hg/local/lib/python3.10/dist-packages:/home/ria4065/go2_ws/install/unitree_go/local/lib/python3.10/dist-packages:/home/ria4065/go2_ws/install/unitree_api/local/lib/python3.10/dist-packages:${PYTHONPATH} /usr/bin/cmake /home/ria4065/go2_ws/src/unitree_ros2/example/src -DAMENT_CMAKE_SYMLINK_INSTALL=1 -DCMAKE_INSTALL_PREFIX=/home/ria4065/go2_ws/install/unitree_ros2_example
[46.925s] DEBUG:colcon.colcon_core.event_handler.log_command:Invoking command in '/home/ria4065/go2_ws/build/unitree_ros2_example': AMENT_PREFIX_PATH=/home/ria4065/go2_ws/install/unitree_hg:/home/ria4065/go2_ws/install/unitree_go:/home/ria4065/go2_ws/install/unitree_api:${AMENT_PREFIX_PATH} CMAKE_PREFIX_PATH=/home/ria4065/go2_ws/install/unitree_hg:/home/ria4065/go2_ws/install/unitree_go:/home/ria4065/go2_ws/install/unitree_api:/opt/ros/humble LD_LIBRARY_PATH=/home/ria4065/go2_ws/install/unitree_hg/lib:/home/ria4065/go2_ws/install/unitree_go/lib:/home/ria4065/go2_ws/install/unitree_api/lib:/usr/local/cuda-12.6/lib64:/opt/ros/humble/opt/rviz_ogre_vendor/lib:/opt/ros/humble/lib/aarch64-linux-gnu:/opt/ros/humble/lib:/usr/local/cuda-12.6/lib64 NX_CONNECTION=192.168.50.197 33074 192.168.50.121 4000 PYTHONPATH=/home/ria4065/go2_ws/install/unitree_hg/local/lib/python3.10/dist-packages:/home/ria4065/go2_ws/install/unitree_go/local/lib/python3.10/dist-packages:/home/ria4065/go2_ws/install/unitree_api/local/lib/python3.10/dist-packages:${PYTHONPATH} /usr/bin/cmake --build /home/ria4065/go2_ws/build/unitree_ros2_example -- -j12 -l12
[146.509s] DEBUG:colcon.colcon_core.event_handler.log_command:Invoked command in '/home/ria4065/go2_ws/build/unitree_ros2_example' returned '0': AMENT_PREFIX_PATH=/home/ria4065/go2_ws/install/unitree_hg:/home/ria4065/go2_ws/install/unitree_go:/home/ria4065/go2_ws/install/unitree_api:${AMENT_PREFIX_PATH} CMAKE_PREFIX_PATH=/home/ria4065/go2_ws/install/unitree_hg:/home/ria4065/go2_ws/install/unitree_go:/home/ria4065/go2_ws/install/unitree_api:/opt/ros/humble LD_LIBRARY_PATH=/home/ria4065/go2_ws/install/unitree_hg/lib:/home/ria4065/go2_ws/install/unitree_go/lib:/home/ria4065/go2_ws/install/unitree_api/lib:/usr/local/cuda-12.6/lib64:/opt/ros/humble/opt/rviz_ogre_vendor/lib:/opt/ros/humble/lib/aarch64-linux-gnu:/opt/ros/humble/lib:/usr/local/cuda-12.6/lib64 NX_CONNECTION=192.168.50.197 33074 192.168.50.121 4000 PYTHONPATH=/home/ria4065/go2_ws/install/unitree_hg/local/lib/python3.10/dist-packages:/home/ria4065/go2_ws/install/unitree_go/local/lib/python3.10/dist-packages:/home/ria4065/go2_ws/install/unitree_api/local/lib/python3.10/dist-packages:${PYTHONPATH} /usr/bin/cmake --build /home/ria4065/go2_ws/build/unitree_ros2_example -- -j12 -l12
[146.514s] DEBUG:colcon.colcon_core.event_handler.log_command:Invoking command in '/home/ria4065/go2_ws/build/unitree_ros2_example': AMENT_PREFIX_PATH=/home/ria4065/go2_ws/install/unitree_hg:/home/ria4065/go2_ws/install/unitree_go:/home/ria4065/go2_ws/install/unitree_api:${AMENT_PREFIX_PATH} CMAKE_PREFIX_PATH=/home/ria4065/go2_ws/install/unitree_hg:/home/ria4065/go2_ws/install/unitree_go:/home/ria4065/go2_ws/install/unitree_api:/opt/ros/humble LD_LIBRARY_PATH=/home/ria4065/go2_ws/install/unitree_hg/lib:/home/ria4065/go2_ws/install/unitree_go/lib:/home/ria4065/go2_ws/install/unitree_api/lib:/usr/local/cuda-12.6/lib64:/opt/ros/humble/opt/rviz_ogre_vendor/lib:/opt/ros/humble/lib/aarch64-linux-gnu:/opt/ros/humble/lib:/usr/local/cuda-12.6/lib64 NX_CONNECTION=192.168.50.197 33074 192.168.50.121 4000 PYTHONPATH=/home/ria4065/go2_ws/install/unitree_hg/local/lib/python3.10/dist-packages:/home/ria4065/go2_ws/install/unitree_go/local/lib/python3.10/dist-packages:/home/ria4065/go2_ws/install/unitree_api/local/lib/python3.10/dist-packages:${PYTHONPATH} /usr/bin/cmake --install /home/ria4065/go2_ws/build/unitree_ros2_example
[147.163s] Level 1:colcon.colcon_core.environment:create_environment_scripts_only(unitree_ros2_example)
[147.165s] Level 1:colcon.colcon_core.environment:checking '/home/ria4065/go2_ws/install/unitree_ros2_example' for CMake module files
[147.167s] DEBUG:colcon.colcon_core.event_handler.log_command:Invoked command in '/home/ria4065/go2_ws/build/unitree_ros2_example' returned '0': AMENT_PREFIX_PATH=/home/ria4065/go2_ws/install/unitree_hg:/home/ria4065/go2_ws/install/unitree_go:/home/ria4065/go2_ws/install/unitree_api:${AMENT_PREFIX_PATH} CMAKE_PREFIX_PATH=/home/ria4065/go2_ws/install/unitree_hg:/home/ria4065/go2_ws/install/unitree_go:/home/ria4065/go2_ws/install/unitree_api:/opt/ros/humble LD_LIBRARY_PATH=/home/ria4065/go2_ws/install/unitree_hg/lib:/home/ria4065/go2_ws/install/unitree_go/lib:/home/ria4065/go2_ws/install/unitree_api/lib:/usr/local/cuda-12.6/lib64:/opt/ros/humble/opt/rviz_ogre_vendor/lib:/opt/ros/humble/lib/aarch64-linux-gnu:/opt/ros/humble/lib:/usr/local/cuda-12.6/lib64 NX_CONNECTION=192.168.50.197 33074 192.168.50.121 4000 PYTHONPATH=/home/ria4065/go2_ws/install/unitree_hg/local/lib/python3.10/dist-packages:/home/ria4065/go2_ws/install/unitree_go/local/lib/python3.10/dist-packages:/home/ria4065/go2_ws/install/unitree_api/local/lib/python3.10/dist-packages:${PYTHONPATH} /usr/bin/cmake --install /home/ria4065/go2_ws/build/unitree_ros2_example
[147.168s] Level 1:colcon.colcon_core.environment:checking '/home/ria4065/go2_ws/install/unitree_ros2_example' for CMake config files
[147.170s] Level 1:colcon.colcon_core.shell:create_environment_hook('unitree_ros2_example', 'cmake_prefix_path')
[147.171s] INFO:colcon.colcon_core.shell:Creating environment hook '/home/ria4065/go2_ws/install/unitree_ros2_example/share/unitree_ros2_example/hook/cmake_prefix_path.ps1'
[147.172s] INFO:colcon.colcon_core.shell:Creating environment descriptor '/home/ria4065/go2_ws/install/unitree_ros2_example/share/unitree_ros2_example/hook/cmake_prefix_path.dsv'
[147.174s] INFO:colcon.colcon_core.shell:Creating environment hook '/home/ria4065/go2_ws/install/unitree_ros2_example/share/unitree_ros2_example/hook/cmake_prefix_path.sh'
[147.176s] Level 1:colcon.colcon_core.environment:checking '/home/ria4065/go2_ws/install/unitree_ros2_example/bin'
[147.176s] Level 1:colcon.colcon_core.environment:checking '/home/ria4065/go2_ws/install/unitree_ros2_example/lib/pkgconfig/unitree_ros2_example.pc'
[147.177s] Level 1:colcon.colcon_core.environment:checking '/home/ria4065/go2_ws/install/unitree_ros2_example/lib/python3.10/site-packages'
[147.178s] Level 1:colcon.colcon_core.environment:checking '/home/ria4065/go2_ws/install/unitree_ros2_example/bin'
[147.179s] INFO:colcon.colcon_core.shell:Creating package script '/home/ria4065/go2_ws/install/unitree_ros2_example/share/unitree_ros2_example/package.ps1'
[147.182s] INFO:colcon.colcon_core.shell:Creating package descriptor '/home/ria4065/go2_ws/install/unitree_ros2_example/share/unitree_ros2_example/package.dsv'
[147.184s] INFO:colcon.colcon_core.shell:Creating package script '/home/ria4065/go2_ws/install/unitree_ros2_example/share/unitree_ros2_example/package.sh'
[147.185s] INFO:colcon.colcon_core.shell:Creating package script '/home/ria4065/go2_ws/install/unitree_ros2_example/share/unitree_ros2_example/package.bash'
[147.187s] INFO:colcon.colcon_core.shell:Creating package script '/home/ria4065/go2_ws/install/unitree_ros2_example/share/unitree_ros2_example/package.zsh'
[147.188s] Level 1:colcon.colcon_core.environment:create_file_with_runtime_dependencies(/home/ria4065/go2_ws/install/unitree_ros2_example/share/colcon-core/packages/unitree_ros2_example)
[147.191s] Level 1:colcon.colcon_core.environment:create_environment_scripts_only(unitree_ros2_example)
[147.191s] Level 1:colcon.colcon_core.environment:checking '/home/ria4065/go2_ws/install/unitree_ros2_example' for CMake module files
[147.193s] Level 1:colcon.colcon_core.environment:checking '/home/ria4065/go2_ws/install/unitree_ros2_example' for CMake config files
[147.195s] Level 1:colcon.colcon_core.shell:create_environment_hook('unitree_ros2_example', 'cmake_prefix_path')
[147.196s] INFO:colcon.colcon_core.shell:Creating environment hook '/home/ria4065/go2_ws/install/unitree_ros2_example/share/unitree_ros2_example/hook/cmake_prefix_path.ps1'
[147.197s] INFO:colcon.colcon_core.shell:Creating environment descriptor '/home/ria4065/go2_ws/install/unitree_ros2_example/share/unitree_ros2_example/hook/cmake_prefix_path.dsv'
[147.199s] INFO:colcon.colcon_core.shell:Creating environment hook '/home/ria4065/go2_ws/install/unitree_ros2_example/share/unitree_ros2_example/hook/cmake_prefix_path.sh'
[147.201s] Level 1:colcon.colcon_core.environment:checking '/home/ria4065/go2_ws/install/unitree_ros2_example/bin'
[147.201s] Level 1:colcon.colcon_core.environment:checking '/home/ria4065/go2_ws/install/unitree_ros2_example/lib/pkgconfig/unitree_ros2_example.pc'
[147.202s] Level 1:colcon.colcon_core.environment:checking '/home/ria4065/go2_ws/install/unitree_ros2_example/lib/python3.10/site-packages'
[147.203s] Level 1:colcon.colcon_core.environment:checking '/home/ria4065/go2_ws/install/unitree_ros2_example/bin'
[147.204s] INFO:colcon.colcon_core.shell:Creating package script '/home/ria4065/go2_ws/install/unitree_ros2_example/share/unitree_ros2_example/package.ps1'
[147.207s] INFO:colcon.colcon_core.shell:Creating package descriptor '/home/ria4065/go2_ws/install/unitree_ros2_example/share/unitree_ros2_example/package.dsv'
[147.209s] INFO:colcon.colcon_core.shell:Creating package script '/home/ria4065/go2_ws/install/unitree_ros2_example/share/unitree_ros2_example/package.sh'
[147.210s] INFO:colcon.colcon_core.shell:Creating package script '/home/ria4065/go2_ws/install/unitree_ros2_example/share/unitree_ros2_example/package.bash'
[147.212s] INFO:colcon.colcon_core.shell:Creating package script '/home/ria4065/go2_ws/install/unitree_ros2_example/share/unitree_ros2_example/package.zsh'
[147.213s] Level 1:colcon.colcon_core.environment:create_file_with_runtime_dependencies(/home/ria4065/go2_ws/install/unitree_ros2_example/share/colcon-core/packages/unitree_ros2_example)
[147.214s] DEBUG:colcon.colcon_parallel_executor.executor.parallel:closing loop
[147.215s] DEBUG:colcon.colcon_parallel_executor.executor.parallel:loop closed
[147.216s] DEBUG:colcon.colcon_parallel_executor.executor.parallel:run_until_complete finished with '0'
[147.216s] DEBUG:colcon.colcon_core.event_reactor:joining thread
[147.235s] INFO:colcon.colcon_core.plugin_system:Skipping extension 'colcon_notification.desktop_notification.terminal_notifier': Not used on non-Darwin systems
[147.236s] INFO:colcon.colcon_core.plugin_system:Skipping extension 'colcon_notification.desktop_notification.win32': Not used on non-Windows systems
[147.236s] INFO:colcon.colcon_notification.desktop_notification:Sending desktop notification using 'notify2'
[147.284s] DEBUG:colcon.colcon_core.event_reactor:joined thread
[147.285s] INFO:colcon.colcon_core.shell:Creating prefix script '/home/ria4065/go2_ws/install/local_setup.ps1'
[147.289s] INFO:colcon.colcon_core.shell:Creating prefix util module '/home/ria4065/go2_ws/install/_local_setup_util_ps1.py'
[147.295s] INFO:colcon.colcon_core.shell:Creating prefix chain script '/home/ria4065/go2_ws/install/setup.ps1'
[147.299s] INFO:colcon.colcon_core.shell:Creating prefix script '/home/ria4065/go2_ws/install/local_setup.sh'
[147.301s] INFO:colcon.colcon_core.shell:Creating prefix util module '/home/ria4065/go2_ws/install/_local_setup_util_sh.py'
[147.303s] INFO:colcon.colcon_core.shell:Creating prefix chain script '/home/ria4065/go2_ws/install/setup.sh'
[147.307s] INFO:colcon.colcon_core.shell:Creating prefix script '/home/ria4065/go2_ws/install/local_setup.bash'
[147.309s] INFO:colcon.colcon_core.shell:Creating prefix chain script '/home/ria4065/go2_ws/install/setup.bash'
[147.312s] INFO:colcon.colcon_core.shell:Creating prefix script '/home/ria4065/go2_ws/install/local_setup.zsh'
[147.314s] INFO:colcon.colcon_core.shell:Creating prefix chain script '/home/ria4065/go2_ws/install/setup.zsh'
