[0.034s] Invoking command in '/home/ria4065/go2_ws/build/unitree_hg': CMAKE_PREFIX_PATH=/opt/ros/humble NX_CONNECTION=192.168.50.197 33074 192.168.50.121 4000 /usr/bin/cmake /home/ria4065/go2_ws/src/unitree_ros2/cyclonedds_ws/src/unitree/unitree_hg -DAMENT_CMAKE_SYMLINK_INSTALL=1 -DCMAKE_INSTALL_PREFIX=/home/ria4065/go2_ws/install/unitree_hg
[0.054s] -- Found ament_cmake: 1.3.14 (/opt/ros/humble/share/ament_cmake/cmake)
[0.355s] -- Override CMake install command with custom implementation using symlinks instead of copying resources
[0.369s] -- Found geometry_msgs: 4.9.1 (/opt/ros/humble/share/geometry_msgs/cmake)
[0.433s] -- Found rosidl_generator_c: 3.1.8 (/opt/ros/humble/share/rosidl_generator_c/cmake)
[0.439s] -- Found rosidl_adapter: 3.1.8 (/opt/ros/humble/share/rosidl_adapter/cmake)
[0.454s] -- Found rosidl_generator_cpp: 3.1.8 (/opt/ros/humble/share/rosidl_generator_cpp/cmake)
[0.480s] -- Using all available rosidl_typesupport_c: rosidl_typesupport_fastrtps_c;rosidl_typesupport_introspection_c
[0.503s] -- Using all available rosidl_typesupport_cpp: rosidl_typesupport_fastrtps_cpp;rosidl_typesupport_introspection_cpp
[0.570s] -- Found rosidl_default_generators: 1.2.1 (/opt/ros/humble/share/rosidl_default_generators/cmake)
[0.604s] [31mCMake Error at CMakeLists.txt:26 (find_package):
[0.605s]   By not providing "Findrosidl_generator_dds_idl.cmake" in CMAKE_MODULE_PATH
[0.605s]   this project has asked CMake to find a package configuration file provided
[0.605s]   by "rosidl_generator_dds_idl", but CMake did not find one.
[0.605s] 
[0.605s]   Could not find a package configuration file provided by
[0.605s]   "rosidl_generator_dds_idl" with any of the following names:
[0.605s] 
[0.606s]     rosidl_generator_dds_idlConfig.cmake
[0.606s]     rosidl_generator_dds_idl-config.cmake
[0.606s] 
[0.606s]   Add the installation prefix of "rosidl_generator_dds_idl" to
[0.606s]   CMAKE_PREFIX_PATH or set "rosidl_generator_dds_idl_DIR" to a directory
[0.606s]   containing one of the above files.  If "rosidl_generator_dds_idl" provides
[0.606s]   a separate development package or SDK, be sure it has been installed.
[0.607s] 
[0.607s] [0m
[0.607s] -- Configuring incomplete, errors occurred!
[0.607s] See also "/home/ria4065/go2_ws/build/unitree_hg/CMakeFiles/CMakeOutput.log".
[0.638s] Invoked command in '/home/ria4065/go2_ws/build/unitree_hg' returned '1': CMAKE_PREFIX_PATH=/opt/ros/humble NX_CONNECTION=192.168.50.197 33074 192.168.50.121 4000 /usr/bin/cmake /home/ria4065/go2_ws/src/unitree_ros2/cyclonedds_ws/src/unitree/unitree_hg -DAMENT_CMAKE_SYMLINK_INSTALL=1 -DCMAKE_INSTALL_PREFIX=/home/ria4065/go2_ws/install/unitree_hg
