In file included from [01m[K/home/ria4065/go2_ws/src/unitree_ros2/example/src/src/g1/high_level/g1_arm_action_example.cpp:11[m[K:
[01m[K/home/ria4065/go2_ws/src/unitree_ros2/example/src/include/common/ut_errror.hpp:13:59:[m[K [01;35m[Kwarning: [m[Kbackslash-newline at end of file
   13 | #define UT_PRINT_ERR(code, error)                         \
      |                                                            
In file included from [01m[K/home/ria4065/go2_ws/src/unitree_ros2/example/src/include/common/base_client.hpp:11[m[K,
                 from [01m[K/home/ria4065/go2_ws/src/unitree_ros2/example/src/include/g1/g1_loco_client.hpp:10[m[K,
                 from [01m[K/home/ria4065/go2_ws/src/unitree_ros2/example/src/src/g1/high_level/loco_client_example.cpp:3[m[K:
[01m[K/home/ria4065/go2_ws/src/unitree_ros2/example/src/include/common/ut_errror.hpp:13:59:[m[K [01;35m[Kwarning: [m[Kbackslash-newline at end of file
   13 | #define UT_PRINT_ERR(code, error)                         \
      |                                                            
In file included from [01m[K/usr/include/eigen3/Eigen/Core:214[m[K,
                 from [01m[K/usr/include/eigen3/Eigen/Dense:1[m[K,
                 from [01m[K/home/ria4065/go2_ws/src/unitree_ros2/example/src/src/g1/dex3/g1_dex3_example.cpp:5[m[K:
[01m[K/usr/include/eigen3/Eigen/src/Core/arch/NEON/PacketMath.h:[m[K In function ‘[01m[KPacket Eigen::internal::pload(const typename Eigen::internal::unpacket_traits<T>::type*) [with Packet = Eigen::internal::eigen_packet_wrapper<int, 2>; typename Eigen::internal::unpacket_traits<T>::type = signed char][m[K’:
[01m[K/usr/include/eigen3/Eigen/src/Core/arch/NEON/PacketMath.h:1671:9:[m[K [01;35m[Kwarning: [m[K‘[01m[Kvoid* memcpy(void*, const void*, size_t)[m[K’ copying an object of non-trivial type ‘[01m[KEigen::internal::Packet4c[m[K’ {aka ‘[01m[Kstruct Eigen::internal::eigen_packet_wrapper<int, 2>[m[K’} from an array of ‘[01m[Kconst int8_t[m[K’ {aka ‘[01m[Kconst signed char[m[K’} [[01;35m[K]8;;https://gcc.gnu.org/onlinedocs/gcc/Warning-Options.html#index-Wclass-memaccess-Wclass-memaccess]8;;[m[K]
 1671 |   [01;35m[Kmemcpy(&res, from, sizeof(Packet4c))[m[K;
      |   [01;35m[K~~~~~~^~~~~~~~~~~~~~~~~~~~~~~~~~~~~~[m[K
In file included from [01m[K/usr/include/eigen3/Eigen/Core:172[m[K,
                 from [01m[K/usr/include/eigen3/Eigen/Dense:1[m[K,
                 from [01m[K/home/ria4065/go2_ws/src/unitree_ros2/example/src/src/g1/dex3/g1_dex3_example.cpp:5[m[K:
[01m[K/usr/include/eigen3/Eigen/src/Core/GenericPacketMath.h:159:8:[m[K [01;36m[Knote: [m[K‘[01m[KEigen::internal::Packet4c[m[K’ {aka ‘[01m[Kstruct Eigen::internal::eigen_packet_wrapper<int, 2>[m[K’} declared here
  159 | struct [01;36m[Keigen_packet_wrapper[m[K
      |        [01;36m[K^~~~~~~~~~~~~~~~~~~~[m[K
In file included from [01m[K/usr/include/eigen3/Eigen/Core:214[m[K,
                 from [01m[K/usr/include/eigen3/Eigen/Dense:1[m[K,
                 from [01m[K/home/ria4065/go2_ws/src/unitree_ros2/example/src/src/g1/dex3/g1_dex3_example.cpp:5[m[K:
[01m[K/usr/include/eigen3/Eigen/src/Core/arch/NEON/PacketMath.h:[m[K In function ‘[01m[KPacket Eigen::internal::ploadu(const typename Eigen::internal::unpacket_traits<T>::type*) [with Packet = Eigen::internal::eigen_packet_wrapper<int, 2>; typename Eigen::internal::unpacket_traits<T>::type = signed char][m[K’:
[01m[K/usr/include/eigen3/Eigen/src/Core/arch/NEON/PacketMath.h:1716:9:[m[K [01;35m[Kwarning: [m[K‘[01m[Kvoid* memcpy(void*, const void*, size_t)[m[K’ copying an object of non-trivial type ‘[01m[KEigen::internal::Packet4c[m[K’ {aka ‘[01m[Kstruct Eigen::internal::eigen_packet_wrapper<int, 2>[m[K’} from an array of ‘[01m[Kconst int8_t[m[K’ {aka ‘[01m[Kconst signed char[m[K’} [[01;35m[K]8;;https://gcc.gnu.org/onlinedocs/gcc/Warning-Options.html#index-Wclass-memaccess-Wclass-memaccess]8;;[m[K]
 1716 |   [01;35m[Kmemcpy(&res, from, sizeof(Packet4c))[m[K;
      |   [01;35m[K~~~~~~^~~~~~~~~~~~~~~~~~~~~~~~~~~~~~[m[K
In file included from [01m[K/usr/include/eigen3/Eigen/Core:172[m[K,
                 from [01m[K/usr/include/eigen3/Eigen/Dense:1[m[K,
                 from [01m[K/home/ria4065/go2_ws/src/unitree_ros2/example/src/src/g1/dex3/g1_dex3_example.cpp:5[m[K:
[01m[K/usr/include/eigen3/Eigen/src/Core/GenericPacketMath.h:159:8:[m[K [01;36m[Knote: [m[K‘[01m[KEigen::internal::Packet4c[m[K’ {aka ‘[01m[Kstruct Eigen::internal::eigen_packet_wrapper<int, 2>[m[K’} declared here
  159 | struct [01;36m[Keigen_packet_wrapper[m[K
      |        [01;36m[K^~~~~~~~~~~~~~~~~~~~[m[K
In file included from [01m[K/home/ria4065/go2_ws/src/unitree_ros2/example/src/include/common/base_client.hpp:11[m[K,
                 from [01m[K/home/ria4065/go2_ws/src/unitree_ros2/example/src/include/g1/g1_audio_client.hpp:6[m[K,
                 from [01m[K/home/ria4065/go2_ws/src/unitree_ros2/example/src/src/g1/audio_client/g1_audio_client_example.cpp:11[m[K:
[01m[K/home/ria4065/go2_ws/src/unitree_ros2/example/src/include/common/ut_errror.hpp:13:59:[m[K [01;35m[Kwarning: [m[Kbackslash-newline at end of file
   13 | #define UT_PRINT_ERR(code, error)                         \
      |                                                            
In file included from [01m[K/home/ria4065/go2_ws/src/unitree_ros2/example/src/include/common/b2_base_client.hpp:16[m[K,
                 from [01m[K/home/ria4065/go2_ws/src/unitree_ros2/example/src/include/b2/b2_motion_switch_client.hpp:11[m[K,
                 from [01m[K/home/ria4065/go2_ws/src/unitree_ros2/example/src/src/b2w/b2w_stand_example.cpp:11[m[K:
[01m[K/home/ria4065/go2_ws/src/unitree_ros2/example/src/include/common/ut_errror.hpp:13:59:[m[K [01;35m[Kwarning: [m[Kbackslash-newline at end of file
   13 | #define UT_PRINT_ERR(code, error)                         \
      |                                                            
In file included from [01m[K/home/ria4065/go2_ws/src/unitree_ros2/example/src/include/common/b2_base_client.hpp:16[m[K,
                 from [01m[K/home/ria4065/go2_ws/src/unitree_ros2/example/src/include/b2/b2_motion_switch_client.hpp:11[m[K,
                 from [01m[K/home/ria4065/go2_ws/src/unitree_ros2/example/src/src/b2/b2_stand_example.cpp:11[m[K:
[01m[K/home/ria4065/go2_ws/src/unitree_ros2/example/src/include/common/ut_errror.hpp:13:59:[m[K [01;35m[Kwarning: [m[Kbackslash-newline at end of file
   13 | #define UT_PRINT_ERR(code, error)                         \
      |                                                            
In file included from [01m[K/home/ria4065/go2_ws/src/unitree_ros2/example/src/include/common/b2_base_client.hpp:16[m[K,
                 from [01m[K/home/ria4065/go2_ws/src/unitree_ros2/example/src/include/h2/h2_loco_client.hpp:11[m[K,
                 from [01m[K/home/ria4065/go2_ws/src/unitree_ros2/example/src/src/h2/high_level/h2_loco_client.cpp:9[m[K:
[01m[K/home/ria4065/go2_ws/src/unitree_ros2/example/src/include/common/ut_errror.hpp:13:59:[m[K [01;35m[Kwarning: [m[Kbackslash-newline at end of file
   13 | #define UT_PRINT_ERR(code, error)                         \
      |                                                            
In file included from [01m[K/home/ria4065/go2_ws/src/unitree_ros2/example/src/include/common/base_client.hpp:11[m[K,
                 from [01m[K/home/ria4065/go2_ws/src/unitree_ros2/example/src/include/g1/g1_motion_switch_client.hpp:11[m[K,
                 from [01m[K/home/ria4065/go2_ws/src/unitree_ros2/example/src/src/g1/lowlevel/g1_dual_arm_example.cpp:18[m[K:
[01m[K/home/ria4065/go2_ws/src/unitree_ros2/example/src/include/common/ut_errror.hpp:13:59:[m[K [01;35m[Kwarning: [m[Kbackslash-newline at end of file
   13 | or)                         \
      |                              

