[0.035s] Invoking command in '/home/ria4065/go2_ws/build/unitree_ros2_example': AMENT_PREFIX_PATH=/home/ria4065/go2_ws/install/unitree_hg:/home/ria4065/go2_ws/install/unitree_go:/home/ria4065/go2_ws/install/unitree_api:${AMENT_PREFIX_PATH} CMAKE_PREFIX_PATH=/home/ria4065/go2_ws/install/unitree_hg:/home/ria4065/go2_ws/install/unitree_go:/home/ria4065/go2_ws/install/unitree_api:/opt/ros/humble LD_LIBRARY_PATH=/home/ria4065/go2_ws/install/unitree_hg/lib:/home/ria4065/go2_ws/install/unitree_go/lib:/home/ria4065/go2_ws/install/unitree_api/lib:/usr/local/cuda-12.6/lib64:/opt/ros/humble/opt/rviz_ogre_vendor/lib:/opt/ros/humble/lib/aarch64-linux-gnu:/opt/ros/humble/lib:/usr/local/cuda-12.6/lib64 NX_CONNECTION=192.168.50.197 33074 192.168.50.121 4000 PYTHONPATH=/home/ria4065/go2_ws/install/unitree_hg/local/lib/python3.10/dist-packages:/home/ria4065/go2_ws/install/unitree_go/local/lib/python3.10/dist-packages:/home/ria4065/go2_ws/install/unitree_api/local/lib/python3.10/dist-packages:${PYTHONPATH} /usr/bin/cmake /home/ria4065/go2_ws/src/unitree_ros2/example/src -DAMENT_CMAKE_SYMLINK_INSTALL=1 -DCMAKE_INSTALL_PREFIX=/home/ria4065/go2_ws/install/unitree_ros2_example
[0.141s] -- The C compiler identification is GNU 11.4.0
[0.255s] -- The CXX compiler identification is GNU 11.4.0
[0.280s] -- Detecting C compiler ABI info
[0.429s] -- Detecting C compiler ABI info - done
[0.453s] -- Check for working C compiler: /usr/bin/cc - skipped
[0.454s] -- Detecting C compile features
[0.456s] -- Detecting C compile features - done
[0.466s] -- Detecting CXX compiler ABI info
[0.629s] -- Detecting CXX compiler ABI info - done
[0.654s] -- Check for working CXX compiler: /usr/bin/c++ - skipped
[0.655s] -- Detecting CXX compile features
[0.657s] -- Detecting CXX compile features - done
[0.666s] -- Found ament_cmake: 1.3.14 (/opt/ros/humble/share/ament_cmake/cmake)
[0.994s] -- Found Python3: /usr/bin/python3 (found version "3.10.12") found components: Interpreter 
[1.135s] -- Override CMake install command with custom implementation using symlinks instead of copying resources
[1.216s] -- Found unitree_go: 0.0.0 (/home/ria4065/go2_ws/install/unitree_go/share/unitree_go/cmake)
[1.298s] -- Found rosidl_generator_c: 3.1.8 (/opt/ros/humble/share/rosidl_generator_c/cmake)
[1.307s] -- Found rosidl_adapter: 3.1.8 (/opt/ros/humble/share/rosidl_adapter/cmake)
[1.323s] -- Found rosidl_generator_cpp: 3.1.8 (/opt/ros/humble/share/rosidl_generator_cpp/cmake)
[1.345s] -- Using all available rosidl_typesupport_c: rosidl_typesupport_fastrtps_c;rosidl_typesupport_introspection_c
[1.376s] -- Using all available rosidl_typesupport_cpp: rosidl_typesupport_fastrtps_cpp;rosidl_typesupport_introspection_cpp
[1.478s] -- Found unitree_hg: 0.0.0 (/home/ria4065/go2_ws/install/unitree_hg/share/unitree_hg/cmake)
[1.503s] -- Found unitree_api: 0.0.0 (/home/ria4065/go2_ws/install/unitree_api/share/unitree_api/cmake)
[1.528s] -- Found rclcpp: 16.0.19 (/opt/ros/humble/share/rclcpp/cmake)
[1.600s] -- Found rmw_implementation_cmake: 6.1.2 (/opt/ros/humble/share/rmw_implementation_cmake/cmake)
[1.605s] -- Found rmw_cyclonedds_cpp: 1.3.4 (/opt/ros/humble/share/rmw_cyclonedds_cpp/cmake)
[1.649s] -- Using RMW implementation 'rmw_cyclonedds_cpp' as default
[1.665s] -- Looking for pthread.h
[1.822s] -- Looking for pthread.h - found
[1.822s] -- Performing Test CMAKE_HAVE_LIBC_PTHREAD
[1.966s] -- Performing Test CMAKE_HAVE_LIBC_PTHREAD - Success
[1.968s] -- Found Threads: TRUE  
[2.045s] -- Found rosbag2_cpp: 0.15.16 (/opt/ros/humble/share/rosbag2_cpp/cmake)
[2.205s] -- Found yaml-cpp version 0.7.0
[2.216s] -- Found ament_lint_auto: 0.12.15 (/opt/ros/humble/share/ament_lint_auto/cmake)
[2.388s] -- Added test 'copyright' to check source files copyright and LICENSE
[2.399s] -- Added test 'cppcheck' to perform static code analysis on C / C++ code
[2.404s] -- Configured cppcheck include dirs: /home/ria4065/go2_ws/src/unitree_ros2/example/src/include;/home/ria4065/go2_ws/src/unitree_ros2/example/src/include/common;/home/ria4065/go2_ws/src/unitree_ros2/example/src/include/nlohmann
[2.404s] -- Configured cppcheck exclude dirs and/or files: 
[2.414s] -- Added test 'cpplint' to check C / C++ code against the Google style
[2.415s] -- Configured cpplint exclude dirs and/or files: 
[2.419s] -- Added test 'lint_cmake' to check CMake code style
[2.431s] -- Added test 'uncrustify' to check C / C++ code style
[2.431s] -- Configured uncrustify additional arguments: 
[2.434s] -- Added test 'xmllint' to check XML markup files
[2.436s] -- Configuring done
[2.671s] -- Generating done
[2.751s] -- Build files have been written to: /home/ria4065/go2_ws/build/unitree_ros2_example
[2.781s] Invoked command in '/home/ria4065/go2_ws/build/unitree_ros2_example' returned '0': AMENT_PREFIX_PATH=/home/ria4065/go2_ws/install/unitree_hg:/home/ria4065/go2_ws/install/unitree_go:/home/ria4065/go2_ws/install/unitree_api:${AMENT_PREFIX_PATH} CMAKE_PREFIX_PATH=/home/ria4065/go2_ws/install/unitree_hg:/home/ria4065/go2_ws/install/unitree_go:/home/ria4065/go2_ws/install/unitree_api:/opt/ros/humble LD_LIBRARY_PATH=/home/ria4065/go2_ws/install/unitree_hg/lib:/home/ria4065/go2_ws/install/unitree_go/lib:/home/ria4065/go2_ws/install/unitree_api/lib:/usr/local/cuda-12.6/lib64:/opt/ros/humble/opt/rviz_ogre_vendor/lib:/opt/ros/humble/lib/aarch64-linux-gnu:/opt/ros/humble/lib:/usr/local/cuda-12.6/lib64 NX_CONNECTION=192.168.50.197 33074 192.168.50.121 4000 PYTHONPATH=/home/ria4065/go2_ws/install/unitree_hg/local/lib/python3.10/dist-packages:/home/ria4065/go2_ws/install/unitree_go/local/lib/python3.10/dist-packages:/home/ria4065/go2_ws/install/unitree_api/local/lib/python3.10/dist-packages:${PYTHONPATH} /usr/bin/cmake /home/ria4065/go2_ws/src/unitree_ros2/example/src -DAMENT_CMAKE_SYMLINK_INSTALL=1 -DCMAKE_INSTALL_PREFIX=/home/ria4065/go2_ws/install/unitree_ros2_example
[2.788s] Invoking command in '/home/ria4065/go2_ws/build/unitree_ros2_example': AMENT_PREFIX_PATH=/home/ria4065/go2_ws/install/unitree_hg:/home/ria4065/go2_ws/install/unitree_go:/home/ria4065/go2_ws/install/unitree_api:${AMENT_PREFIX_PATH} CMAKE_PREFIX_PATH=/home/ria4065/go2_ws/install/unitree_hg:/home/ria4065/go2_ws/install/unitree_go:/home/ria4065/go2_ws/install/unitree_api:/opt/ros/humble LD_LIBRARY_PATH=/home/ria4065/go2_ws/install/unitree_hg/lib:/home/ria4065/go2_ws/install/unitree_go/lib:/home/ria4065/go2_ws/install/unitree_api/lib:/usr/local/cuda-12.6/lib64:/opt/ros/humble/opt/rviz_ogre_vendor/lib:/opt/ros/humble/lib/aarch64-linux-gnu:/opt/ros/humble/lib:/usr/local/cuda-12.6/lib64 NX_CONNECTION=192.168.50.197 33074 192.168.50.121 4000 PYTHONPATH=/home/ria4065/go2_ws/install/unitree_hg/local/lib/python3.10/dist-packages:/home/ria4065/go2_ws/install/unitree_go/local/lib/python3.10/dist-packages:/home/ria4065/go2_ws/install/unitree_api/local/lib/python3.10/dist-packages:${PYTHONPATH} /usr/bin/cmake --build /home/ria4065/go2_ws/build/unitree_ros2_example -- -j12 -l12
[2.890s] [  6%] [32mBuilding CXX object CMakeFiles/read_low_state.dir/src/read_low_state.cpp.o[0m
[2.891s] [  6%] [32mBuilding CXX object CMakeFiles/g1_low_level_example.dir/src/g1/lowlevel/g1_low_level_example.cpp.o[0m
[2.891s] [  6%] [32mBuilding CXX object CMakeFiles/read_low_state_hg.dir/src/read_low_state_hg.cpp.o[0m
[2.891s] [  6%] [32mBuilding CXX object CMakeFiles/low_level_ctrl_hg.dir/src/h1-2/lowlevel/low_level_ctrl_hg.cpp.o[0m
[2.891s] [  7%] [32mBuilding CXX object CMakeFiles/go2_sport_client.dir/src/go2/go2_sport_client.cpp.o[0m
[2.892s] [ 11%] [32mBuilding CXX object CMakeFiles/read_wireless_controller.dir/src/read_wireless_controller.cpp.o[0m
[2.892s] [ 11%] [32mBuilding CXX object CMakeFiles/g1_arm_sdk_dds_example.dir/src/g1/high_level/g1_arm_sdk_dds_example.cpp.o[0m
[2.897s] [ 14%] [32mBuilding CXX object CMakeFiles/read_motion_state.dir/src/read_motion_state.cpp.o[0m
[2.897s] [ 14%] [32mBuilding CXX object CMakeFiles/low_level_ctrl.dir/src/low_level_ctrl.cpp.o[0m
[2.903s] [ 15%] [32mBuilding CXX object CMakeFiles/go2_stand_example.dir/src/go2/go2_stand_example.cpp.o[0m
[2.907s] [ 17%] [32mBuilding CXX object CMakeFiles/go2_robot_state_client.dir/src/go2/go2_robot_state_client.cpp.o[0m
[2.914s] [ 19%] [32mBuilding CXX object CMakeFiles/g1_arm_action_example.dir/src/g1/high_level/g1_arm_action_example.cpp.o[0m
[3.208s] In file included from [01m[K/home/ria4065/go2_ws/src/unitree_ros2/example/src/src/g1/high_level/g1_arm_action_example.cpp:11[m[K:
[3.208s] [01m[K/home/ria4065/go2_ws/src/unitree_ros2/example/src/include/common/ut_errror.hpp:13:59:[m[K [01;35m[Kwarning: [m[Kbackslash-newline at end of file
[3.208s]    13 | #define UT_PRINT_ERR(code, error)                         \
[3.209s]       |                                                            
[15.057s] [ 20%] [32mBuilding CXX object CMakeFiles/low_level_ctrl.dir/src/common/motor_crc.cpp.o[0m
[23.444s] [ 22%] [32m[1mLinking CXX executable low_level_ctrl[0m
[23.939s] [ 22%] Built target low_level_ctrl
[23.964s] [ 23%] [32mBuilding CXX object CMakeFiles/go2_stand_example.dir/src/common/motor_crc.cpp.o[0m
[25.627s] [ 25%] [32m[1mLinking CXX executable read_motion_state[0m
[25.991s] [ 26%] [32m[1mLinking CXX executable read_low_state_hg[0m
[26.597s] [ 28%] [32m[1mLinking CXX executable read_low_state[0m
[26.840s] [ 28%] Built target read_motion_state
[27.013s] [ 30%] [32mBuilding CXX object CMakeFiles/g1_dex3_example.dir/src/g1/dex3/g1_dex3_example.cpp.o[0m
[27.309s] [ 31%] [32m[1mLinking CXX executable read_wireless_controller[0m
[27.329s] [ 31%] Built target read_low_state_hg
[27.351s] [ 33%] [32mBuilding CXX object CMakeFiles/g1_dex3_example.dir/src/common/motor_crc.cpp.o[0m
[27.740s] [ 34%] [32mBuilding CXX object CMakeFiles/low_level_ctrl_hg.dir/src/common/motor_crc_hg.cpp.o[0m
[27.841s] [ 34%] Built target read_low_state
[27.893s] [ 36%] [32mBuilding CXX object CMakeFiles/g1_loco_client_example.dir/src/g1/high_level/loco_client_example.cpp.o[0m
[28.647s] [ 36%] Built target read_wireless_controller
[28.703s] [ 38%] [32mBuilding CXX object CMakeFiles/g1_loco_client_example.dir/src/common/motor_crc.cpp.o[0m
[28.788s] [ 39%] [32mBuilding CXX object CMakeFiles/g1_low_level_example.dir/src/common/motor_crc_hg.cpp.o[0m
[28.818s] In file included from [01m[K/home/ria4065/go2_ws/src/unitree_ros2/example/src/include/common/base_client.hpp:11[m[K,
[28.819s]                  from [01m[K/home/ria4065/go2_ws/src/unitree_ros2/example/src/include/g1/g1_loco_client.hpp:10[m[K,
[28.819s]                  from [01m[K/home/ria4065/go2_ws/src/unitree_ros2/example/src/src/g1/high_level/loco_client_example.cpp:3[m[K:
[28.819s] [01m[K/home/ria4065/go2_ws/src/unitree_ros2/example/src/include/common/ut_errror.hpp:13:59:[m[K [01;35m[Kwarning: [m[Kbackslash-newline at end of file
[28.819s]    13 | #define UT_PRINT_ERR(code, error)                         \
[28.819s]       |                                                            
[30.776s] [ 41%] [32mBuilding CXX object CMakeFiles/g1_arm_sdk_dds_example.dir/src/common/motor_crc.cpp.o[0m
[31.299s] In file included from [01m[K/usr/include/eigen3/Eigen/Core:214[m[K,
[31.299s]                  from [01m[K/usr/include/eigen3/Eigen/Dense:1[m[K,
[31.299s]                  from [01m[K/home/ria4065/go2_ws/src/unitree_ros2/example/src/src/g1/dex3/g1_dex3_example.cpp:5[m[K:
[31.299s] [01m[K/usr/include/eigen3/Eigen/src/Core/arch/NEON/PacketMath.h:[m[K In function ‘[01m[KPacket Eigen::internal::pload(const typename Eigen::internal::unpacket_traits<T>::type*) [with Packet = Eigen::internal::eigen_packet_wrapper<int, 2>; typename Eigen::internal::unpacket_traits<T>::type = signed char][m[K’:
[31.299s] [01m[K/usr/include/eigen3/Eigen/src/Core/arch/NEON/PacketMath.h:1671:9:[m[K [01;35m[Kwarning: [m[K‘[01m[Kvoid* memcpy(void*, const void*, size_t)[m[K’ copying an object of non-trivial type ‘[01m[KEigen::internal::Packet4c[m[K’ {aka ‘[01m[Kstruct Eigen::internal::eigen_packet_wrapper<int, 2>[m[K’} from an array of ‘[01m[Kconst int8_t[m[K’ {aka ‘[01m[Kconst signed char[m[K’} [[01;35m[K]8;;https://gcc.gnu.org/onlinedocs/gcc/Warning-Options.html#index-Wclass-memaccess-Wclass-memaccess]8;;[m[K]
[31.300s]  1671 |   [01;35m[Kmemcpy(&res, from, sizeof(Packet4c))[m[K;
[31.300s]       |   [01;35m[K~~~~~~^~~~~~~~~~~~~~~~~~~~~~~~~~~~~~[m[K
[31.300s] In file included from [01m[K/usr/include/eigen3/Eigen/Core:172[m[K,
[31.300s]                  from [01m[K/usr/include/eigen3/Eigen/Dense:1[m[K,
[31.300s]                  from [01m[K/home/ria4065/go2_ws/src/unitree_ros2/example/src/src/g1/dex3/g1_dex3_example.cpp:5[m[K:
[31.300s] [01m[K/usr/include/eigen3/Eigen/src/Core/GenericPacketMath.h:159:8:[m[K [01;36m[Knote: [m[K‘[01m[KEigen::internal::Packet4c[m[K’ {aka ‘[01m[Kstruct Eigen::internal::eigen_packet_wrapper<int, 2>[m[K’} declared here
[31.300s]   159 | struct [01;36m[Keigen_packet_wrapper[m[K
[31.300s]       |        [01;36m[K^~~~~~~~~~~~~~~~~~~~[m[K
[31.306s] In file included from [01m[K/usr/include/eigen3/Eigen/Core:214[m[K,
[31.306s]                  from [01m[K/usr/include/eigen3/Eigen/Dense:1[m[K,
[31.306s]                  from [01m[K/home/ria4065/go2_ws/src/unitree_ros2/example/src/src/g1/dex3/g1_dex3_example.cpp:5[m[K:
[31.306s] [01m[K/usr/include/eigen3/Eigen/src/Core/arch/NEON/PacketMath.h:[m[K In function ‘[01m[KPacket Eigen::internal::ploadu(const typename Eigen::internal::unpacket_traits<T>::type*) [with Packet = Eigen::internal::eigen_packet_wrapper<int, 2>; typename Eigen::internal::unpacket_traits<T>::type = signed char][m[K’:
[31.306s] [01m[K/usr/include/eigen3/Eigen/src/Core/arch/NEON/PacketMath.h:1716:9:[m[K [01;35m[Kwarning: [m[K‘[01m[Kvoid* memcpy(void*, const void*, size_t)[m[K’ copying an object of non-trivial type ‘[01m[KEigen::internal::Packet4c[m[K’ {aka ‘[01m[Kstruct Eigen::internal::eigen_packet_wrapper<int, 2>[m[K’} from an array of ‘[01m[Kconst int8_t[m[K’ {aka ‘[01m[Kconst signed char[m[K’} [[01;35m[K]8;;https://gcc.gnu.org/onlinedocs/gcc/Warning-Options.html#index-Wclass-memaccess-Wclass-memaccess]8;;[m[K]
[31.307s]  1716 |   [01;35m[Kmemcpy(&res, from, sizeof(Packet4c))[m[K;
[31.307s]       |   [01;35m[K~~~~~~^~~~~~~~~~~~~~~~~~~~~~~~~~~~~~[m[K
[31.307s] In file included from [01m[K/usr/include/eigen3/Eigen/Core:172[m[K,
[31.307s]                  from [01m[K/usr/include/eigen3/Eigen/Dense:1[m[K,
[31.307s]                  from [01m[K/home/ria4065/go2_ws/src/unitree_ros2/example/src/src/g1/dex3/g1_dex3_example.cpp:5[m[K:
[31.307s] [01m[K/usr/include/eigen3/Eigen/src/Core/GenericPacketMath.h:159:8:[m[K [01;36m[Knote: [m[K‘[01m[KEigen::internal::Packet4c[m[K’ {aka ‘[01m[Kstruct Eigen::internal::eigen_packet_wrapper<int, 2>[m[K’} declared here
[31.307s]   159 | struct [01;36m[Keigen_packet_wrapper[m[K
[31.307s]       |        [01;36m[K^~~~~~~~~~~~~~~~~~~~[m[K
[32.021s] [ 42%] [32mBuilding CXX object CMakeFiles/g1_ankle_swing_example.dir/src/g1/lowlevel/g1_ankle_swing_example.cpp.o[0m
[33.325s] [ 44%] [32mBuilding CXX object CMakeFiles/go2_sport_client.dir/src/common/ros2_sport_client.cpp.o[0m
[34.439s] [ 46%] [32m[1mLinking CXX executable go2_stand_example[0m
[35.565s] [ 46%] Built target go2_stand_example
[35.693s] [ 47%] [32mBuilding CXX object CMakeFiles/g1_audio_client_example.dir/src/g1/audio_client/g1_audio_client_example.cpp.o[0m
[35.958s] [ 49%] [32m[1mLinking CXX executable low_level_ctrl_hg[0m
[36.559s] In file included from [01m[K/home/ria4065/go2_ws/src/unitree_ros2/example/src/include/common/base_client.hpp:11[m[K,
[36.559s]                  from [01m[K/home/ria4065/go2_ws/src/unitree_ros2/example/src/include/g1/g1_audio_client.hpp:6[m[K,
[36.559s]                  from [01m[K/home/ria4065/go2_ws/src/unitree_ros2/example/src/src/g1/audio_client/g1_audio_client_example.cpp:11[m[K:
[36.559s] [01m[K/home/ria4065/go2_ws/src/unitree_ros2/example/src/include/common/ut_errror.hpp:13:59:[m[K [01;35m[Kwarning: [m[Kbackslash-newline at end of file
[36.559s]    13 | #define UT_PRINT_ERR(code, error)                         \
[36.559s]       |                                                            
[37.291s] [ 50%] [32mBuilding CXX object CMakeFiles/g1_ankle_swing_example.dir/src/common/motor_crc_hg.cpp.o[0m
[37.508s] [ 50%] Built target low_level_ctrl_hg
[37.559s] [ 52%] [32mBuilding CXX object CMakeFiles/b2w_sport_client.dir/src/b2w/b2w_sport_client.cpp.o[0m
[38.082s] [ 53%] [32m[1mLinking CXX executable g1_low_level_example[0m
[38.357s] [ 55%] [32mBuilding CXX object CMakeFiles/g1_arm_action_example.dir/src/common/motor_crc.cpp.o[0m
[38.439s] [ 57%] [32mBuilding CXX object CMakeFiles/b2w_sport_client.dir/src/common/ros2_b2_sport_client.cpp.o[0m
[38.622s] [ 58%] [32mBuilding CXX object CMakeFiles/go2_robot_state_client.dir/src/common/motor_crc.cpp.o[0m
[39.423s] [ 58%] Built target g1_low_level_example
[39.494s] [ 60%] [32mBuilding CXX object CMakeFiles/b2w_stand_example.dir/src/b2w/b2w_stand_example.cpp.o[0m
[40.289s] In file included from [01m[K/home/ria4065/go2_ws/src/unitree_ros2/example/src/include/common/b2_base_client.hpp:16[m[K,
[40.289s]                  from [01m[K/home/ria4065/go2_ws/src/unitree_ros2/example/src/include/b2/b2_motion_switch_client.hpp:11[m[K,
[40.289s]                  from [01m[K/home/ria4065/go2_ws/src/unitree_ros2/example/src/src/b2w/b2w_stand_example.cpp:11[m[K:
[40.289s] [01m[K/home/ria4065/go2_ws/src/unitree_ros2/example/src/include/common/ut_errror.hpp:13:59:[m[K [01;35m[Kwarning: [m[Kbackslash-newline at end of file
[40.289s]    13 | #define UT_PRINT_ERR(code, error)                         \
[40.290s]       |                                                            
[40.492s] [ 61%] [32m[1mLinking CXX executable g1_arm_sdk_dds_example[0m
[41.799s] [ 61%] Built target g1_arm_sdk_dds_example
[41.960s] [ 63%] [32mBuilding CXX object CMakeFiles/b2_stand_example.dir/src/b2/b2_stand_example.cpp.o[0m
[42.744s] In file included from [01m[K/home/ria4065/go2_ws/src/unitree_ros2/example/src/include/common/b2_base_client.hpp:16[m[K,
[42.744s]                  from [01m[K/home/ria4065/go2_ws/src/unitree_ros2/example/src/include/b2/b2_motion_switch_client.hpp:11[m[K,
[42.745s]                  from [01m[K/home/ria4065/go2_ws/src/unitree_ros2/example/src/src/b2/b2_stand_example.cpp:11[m[K:
[42.745s] [01m[K/home/ria4065/go2_ws/src/unitree_ros2/example/src/include/common/ut_errror.hpp:13:59:[m[K [01;35m[Kwarning: [m[Kbackslash-newline at end of file
[42.745s]    13 | #define UT_PRINT_ERR(code, error)                         \
[42.745s]       |                                                            
[47.446s] [ 65%] [32mBuilding CXX object CMakeFiles/b2_stand_example.dir/src/common/motor_crc.cpp.o[0m
[48.361s] [ 66%] [32m[1mLinking CXX executable go2_robot_state_client[0m
[49.023s] [ 68%] [32m[1mLinking CXX executable g1_arm_action_example[0m
[50.185s] [ 68%] Built target go2_robot_state_client
[50.252s] [ 69%] [32mBuilding CXX object CMakeFiles/b2_sport_client.dir/src/b2/b2_sport_client.cpp.o[0m
[50.373s] [ 69%] Built target g1_arm_action_example
[50.458s] [ 71%] [32mBuilding CXX object CMakeFiles/h2_loco_client.dir/src/h2/high_level/h2_loco_client.cpp.o[0m
[51.428s] In file included from [01m[K/home/ria4065/go2_ws/src/unitree_ros2/example/src/include/common/b2_base_client.hpp:16[m[K,
[51.428s]                  from [01m[K/home/ria4065/go2_ws/src/unitree_ros2/example/src/include/h2/h2_loco_client.hpp:11[m[K,
[51.428s]                  from [01m[K/home/ria4065/go2_ws/src/unitree_ros2/example/src/src/h2/high_level/h2_loco_client.cpp:9[m[K:
[51.428s] [01m[K/home/ria4065/go2_ws/src/unitree_ros2/example/src/include/common/ut_errror.hpp:13:59:[m[K [01;35m[Kwarning: [m[Kbackslash-newline at end of file
[51.428s]    13 | #define UT_PRINT_ERR(code, error)                         \
[51.428s]       |                                                            
[55.515s] [ 73%] [32m[1mLinking CXX executable b2w_sport_client[0m
[56.096s] [ 73%] Built target b2w_sport_client
[57.798s] [ 74%] [32mBuilding CXX object CMakeFiles/b2w_stand_example.dir/src/common/motor_crc.cpp.o[0m
[61.041s] [ 76%] [32m[1mLinking CXX executable g1_dex3_example[0m
[62.194s] [ 76%] Built target g1_dex3_example
[62.248s] [ 77%] [32mBuilding CXX object CMakeFiles/b2_sport_client.dir/src/common/ros2_b2_sport_client.cpp.o[0m
[62.250s] [ 79%] [32mBuilding CXX object CMakeFiles/g1_dual_arm_example.dir/src/g1/lowlevel/g1_dual_arm_example.cpp.o[0m
[63.060s] In file included from [01m[K/home/ria4065/go2_ws/src/unitree_ros2/example/src/include/common/base_client.hpp:11[m[K,
[63.060s]                  from [01m[K/home/ria4065/go2_ws/src/unitree_ros2/example/src/include/g1/g1_motion_switch_client.hpp:11[m[K,
[63.061s]                  from [01m[K/home/ria4065/go2_ws/src/unitree_ros2/example/src/src/g1/lowlevel/g1_dual_arm_example.cpp:18[m[K:
[63.061s] [01m[K/home/ria4065/go2_ws/src/unitree_ros2/example/src/include/common/ut_errror.hpp:13:59:[m[K [01;35m[Kwarning: [m[Kbackslash-newline at end of file
[63.061s]    13 | or)                         \
[63.061s]       |                              
[63.061s] 
[63.194s] [ 80%] [32m[1mLinking CXX executable g1_loco_client_example[0m
[64.613s] [ 80%] Built target g1_loco_client_example
[64.636s] [ 82%] [32mBuilding CXX object CMakeFiles/g1_dual_arm_example.dir/src/common/motor_crc_hg.cpp.o[0m
[64.665s] [ 84%] [32mBuilding CXX object CMakeFiles/h2_ankle_swing_example.dir/src/h2/low_level/h2_ankle_swing_example.cpp.o[0m
[66.956s] [ 85%] [32mBuilding CXX object CMakeFiles/h2_ankle_swing_example.dir/src/common/motor_crc_hg.cpp.o[0m
[67.897s] [ 87%] [32m[1mLinking CXX executable go2_sport_client[0m
[69.566s] [ 88%] [32m[1mLinking CXX executable g1_ankle_swing_example[0m
[69.762s] [ 88%] Built target go2_sport_client
[70.678s] [ 90%] [32m[1mLinking CXX executable g1_audio_client_example[0m
[71.042s] [ 90%] Built target g1_ankle_swing_example
[71.951s] [ 90%] Built target g1_audio_client_example
[77.622s] [ 92%] [32m[1mLinking CXX executable b2_sport_client[0m
[78.155s] [ 92%] Built target b2_sport_client
[81.855s] [ 93%] [32m[1mLinking CXX executable b2w_stand_example[0m
[82.508s] [ 95%] [32m[1mLinking CXX executable b2_stand_example[0m
[83.227s] [ 96%] [32m[1mLinking CXX executable h2_loco_client[0m
[83.332s] [ 96%] Built target b2w_stand_example
[83.987s] [ 96%] Built target b2_stand_example
[84.348s] [ 96%] Built target h2_loco_client
[96.943s] [ 98%] [32m[1mLinking CXX executable h2_ankle_swing_example[0m
[98.266s] [ 98%] Built target h2_ankle_swing_example
[100.778s] [100%] [32m[1mLinking CXX executable g1_dual_arm_example[0m
[102.343s] [100%] Built target g1_dual_arm_example
[102.371s] Invoked command in '/home/ria4065/go2_ws/build/unitree_ros2_example' returned '0': AMENT_PREFIX_PATH=/home/ria4065/go2_ws/install/unitree_hg:/home/ria4065/go2_ws/install/unitree_go:/home/ria4065/go2_ws/install/unitree_api:${AMENT_PREFIX_PATH} CMAKE_PREFIX_PATH=/home/ria4065/go2_ws/install/unitree_hg:/home/ria4065/go2_ws/install/unitree_go:/home/ria4065/go2_ws/install/unitree_api:/opt/ros/humble LD_LIBRARY_PATH=/home/ria4065/go2_ws/install/unitree_hg/lib:/home/ria4065/go2_ws/install/unitree_go/lib:/home/ria4065/go2_ws/install/unitree_api/lib:/usr/local/cuda-12.6/lib64:/opt/ros/humble/opt/rviz_ogre_vendor/lib:/opt/ros/humble/lib/aarch64-linux-gnu:/opt/ros/humble/lib:/usr/local/cuda-12.6/lib64 NX_CONNECTION=192.168.50.197 33074 192.168.50.121 4000 PYTHONPATH=/home/ria4065/go2_ws/install/unitree_hg/local/lib/python3.10/dist-packages:/home/ria4065/go2_ws/install/unitree_go/local/lib/python3.10/dist-packages:/home/ria4065/go2_ws/install/unitree_api/local/lib/python3.10/dist-packages:${PYTHONPATH} /usr/bin/cmake --build /home/ria4065/go2_ws/build/unitree_ros2_example -- -j12 -l12
[102.377s] Invoking command in '/home/ria4065/go2_ws/build/unitree_ros2_example': AMENT_PREFIX_PATH=/home/ria4065/go2_ws/install/unitree_hg:/home/ria4065/go2_ws/install/unitree_go:/home/ria4065/go2_ws/install/unitree_api:${AMENT_PREFIX_PATH} CMAKE_PREFIX_PATH=/home/ria4065/go2_ws/install/unitree_hg:/home/ria4065/go2_ws/install/unitree_go:/home/ria4065/go2_ws/install/unitree_api:/opt/ros/humble LD_LIBRARY_PATH=/home/ria4065/go2_ws/install/unitree_hg/lib:/home/ria4065/go2_ws/install/unitree_go/lib:/home/ria4065/go2_ws/install/unitree_api/lib:/usr/local/cuda-12.6/lib64:/opt/ros/humble/opt/rviz_ogre_vendor/lib:/opt/ros/humble/lib/aarch64-linux-gnu:/opt/ros/humble/lib:/usr/local/cuda-12.6/lib64 NX_CONNECTION=192.168.50.197 33074 192.168.50.121 4000 PYTHONPATH=/home/ria4065/go2_ws/install/unitree_hg/local/lib/python3.10/dist-packages:/home/ria4065/go2_ws/install/unitree_go/local/lib/python3.10/dist-packages:/home/ria4065/go2_ws/install/unitree_api/local/lib/python3.10/dist-packages:${PYTHONPATH} /usr/bin/cmake --install /home/ria4065/go2_ws/build/unitree_ros2_example
[102.392s] -- Install configuration: ""
[102.393s] -- Execute custom install script
[102.394s] -- Symlinking: /home/ria4065/go2_ws/install/unitree_ros2_example//low_level_ctrl
[102.413s] -- Symlinking: /home/ria4065/go2_ws/install/unitree_ros2_example//low_level_ctrl_hg
[102.431s] -- Symlinking: /home/ria4065/go2_ws/install/unitree_ros2_example//g1_low_level_example
[102.450s] -- Symlinking: /home/ria4065/go2_ws/install/unitree_ros2_example//read_low_state
[102.470s] -- Symlinking: /home/ria4065/go2_ws/install/unitree_ros2_example//read_low_state_hg
[102.488s] -- Symlinking: /home/ria4065/go2_ws/install/unitree_ros2_example//read_motion_state
[102.506s] -- Symlinking: /home/ria4065/go2_ws/install/unitree_ros2_example//read_wireless_controller
[102.525s] -- Symlinking: /home/ria4065/go2_ws/install/unitree_ros2_example//go2_sport_client
[102.545s] -- Symlinking: /home/ria4065/go2_ws/install/unitree_ros2_example//go2_stand_example
[102.568s] -- Symlinking: /home/ria4065/go2_ws/install/unitree_ros2_example//go2_robot_state_client
[102.587s] -- Symlinking: /home/ria4065/go2_ws/install/unitree_ros2_example//g1_arm_sdk_dds_example
[102.604s] -- Symlinking: /home/ria4065/go2_ws/install/unitree_ros2_example//g1_arm_action_example
[102.622s] -- Symlinking: /home/ria4065/go2_ws/install/unitree_ros2_example//g1_dex3_example
[102.640s] -- Symlinking: /home/ria4065/go2_ws/install/unitree_ros2_example//g1_loco_client_example
[102.658s] -- Symlinking: /home/ria4065/go2_ws/install/unitree_ros2_example//g1_ankle_swing_example
[102.676s] -- Symlinking: /home/ria4065/go2_ws/install/unitree_ros2_example//g1_dual_arm_example
[102.694s] -- Symlinking: /home/ria4065/go2_ws/install/unitree_ros2_example//g1_audio_client_example
[102.711s] -- Symlinking: /home/ria4065/go2_ws/install/unitree_ros2_example//h2_loco_client
[102.730s] -- Symlinking: /home/ria4065/go2_ws/install/unitree_ros2_example//h2_ankle_swing_example
[102.750s] -- Symlinking: /home/ria4065/go2_ws/install/unitree_ros2_example/share/ament_index/resource_index/package_run_dependencies/unitree_ros2_example
[102.768s] -- Symlinking: /home/ria4065/go2_ws/install/unitree_ros2_example/share/ament_index/resource_index/parent_prefix_path/unitree_ros2_example
[102.786s] -- Symlinking: /home/ria4065/go2_ws/install/unitree_ros2_example/share/unitree_ros2_example/environment/ament_prefix_path.sh
[102.803s] -- Symlinking: /home/ria4065/go2_ws/install/unitree_ros2_example/share/unitree_ros2_example/environment/ament_prefix_path.dsv
[102.821s] -- Symlinking: /home/ria4065/go2_ws/install/unitree_ros2_example/share/unitree_ros2_example/environment/path.sh
[102.839s] -- Symlinking: /home/ria4065/go2_ws/install/unitree_ros2_example/share/unitree_ros2_example/environment/path.dsv
[102.857s] -- Symlinking: /home/ria4065/go2_ws/install/unitree_ros2_example/share/unitree_ros2_example/local_setup.bash
[102.875s] -- Symlinking: /home/ria4065/go2_ws/install/unitree_ros2_example/share/unitree_ros2_example/local_setup.sh
[102.893s] -- Symlinking: /home/ria4065/go2_ws/install/unitree_ros2_example/share/unitree_ros2_example/local_setup.zsh
[102.910s] -- Symlinking: /home/ria4065/go2_ws/install/unitree_ros2_example/share/unitree_ros2_example/local_setup.dsv
[102.929s] -- Symlinking: /home/ria4065/go2_ws/install/unitree_ros2_example/share/unitree_ros2_example/package.dsv
[102.949s] -- Symlinking: /home/ria4065/go2_ws/install/unitree_ros2_example/share/ament_index/resource_index/packages/unitree_ros2_example
[102.967s] -- Symlinking: /home/ria4065/go2_ws/install/unitree_ros2_example/share/unitree_ros2_example/cmake/unitree_ros2_exampleConfig.cmake
[102.985s] -- Symlinking: /home/ria4065/go2_ws/install/unitree_ros2_example/share/unitree_ros2_example/cmake/unitree_ros2_exampleConfig-version.cmake
[103.003s] -- Symlinking: /home/ria4065/go2_ws/install/unitree_ros2_example/share/unitree_ros2_example/package.xml
[103.029s] Invoked command in '/home/ria4065/go2_ws/build/unitree_ros2_example' returned '0': AMENT_PREFIX_PATH=/home/ria4065/go2_ws/install/unitree_hg:/home/ria4065/go2_ws/install/unitree_go:/home/ria4065/go2_ws/install/unitree_api:${AMENT_PREFIX_PATH} CMAKE_PREFIX_PATH=/home/ria4065/go2_ws/install/unitree_hg:/home/ria4065/go2_ws/install/unitree_go:/home/ria4065/go2_ws/install/unitree_api:/opt/ros/humble LD_LIBRARY_PATH=/home/ria4065/go2_ws/install/unitree_hg/lib:/home/ria4065/go2_ws/install/unitree_go/lib:/home/ria4065/go2_ws/install/unitree_api/lib:/usr/local/cuda-12.6/lib64:/opt/ros/humble/opt/rviz_ogre_vendor/lib:/opt/ros/humble/lib/aarch64-linux-gnu:/opt/ros/humble/lib:/usr/local/cuda-12.6/lib64 NX_CONNECTION=192.168.50.197 33074 192.168.50.121 4000 PYTHONPATH=/home/ria4065/go2_ws/install/unitree_hg/local/lib/python3.10/dist-packages:/home/ria4065/go2_ws/install/unitree_go/local/lib/python3.10/dist-packages:/home/ria4065/go2_ws/install/unitree_api/local/lib/python3.10/dist-packages:${PYTHONPATH} /usr/bin/cmake --install /home/ria4065/go2_ws/build/unitree_ros2_example
