[0.026s] Invoking command in '/home/ria4065/go2_ws/build/unitree_go': NX_CONNECTION=192.168.50.197 33074 192.168.50.121 4000 /usr/bin/cmake /home/ria4065/go2_ws/src/unitree_ros2/cyclonedds_ws/src/unitree/unitree_go -DAMENT_CMAKE_SYMLINK_INSTALL=1 -DCMAKE_INSTALL_PREFIX=/home/ria4065/go2_ws/install/unitree_go
[0.197s] -- The C compiler identification is GNU 11.4.0
[0.408s] -- The CXX compiler identification is GNU 11.4.0
[0.437s] -- Detecting C compiler ABI info
[0.585s] -- Detecting C compiler ABI info - done
[0.609s] -- Check for working C compiler: /usr/bin/cc - skipped
[0.611s] -- Detecting C compile features
[0.612s] -- Detecting C compile features - done
[0.625s] -- Detecting CXX compiler ABI info
[0.787s] -- Detecting CXX compiler ABI info - done
[0.813s] -- Check for working CXX compiler: /usr/bin/c++ - skipped
[0.814s] -- Detecting CXX compile features
[0.816s] -- Detecting CXX compile features - done
[0.843s] [31mCMake Error at CMakeLists.txt:19 (find_package):
[0.843s]   By not providing "Findament_cmake.cmake" in CMAKE_MODULE_PATH this project
[0.844s]   has asked CMake to find a package configuration file provided by
[0.844s]   "ament_cmake", but CMake did not find one.
[0.844s] 
[0.844s]   Could not find a package configuration file provided by "ament_cmake" with
[0.845s]   any of the following names:
[0.845s] 
[0.846s]     ament_cmakeConfig.cmake
[0.848s]     ament_cmake-config.cmake
[0.848s] 
[0.849s]   Add the installation prefix of "ament_cmake" to CMAKE_PREFIX_PATH or set
[0.850s]   "ament_cmake_DIR" to a directory containing one of the above files.  If
[0.850s]   "ament_cmake" provides a separate development package or SDK, be sure it
[0.851s]   has been installed.
[0.851s] 
[0.852s] [0m
[0.852s] -- Configuring incomplete, errors occurred!
[0.853s] See also "/home/ria4065/go2_ws/build/unitree_go/CMakeFiles/CMakeOutput.log".
[0.855s] Invoked command in '/home/ria4065/go2_ws/build/unitree_go' returned '1': NX_CONNECTION=192.168.50.197 33074 192.168.50.121 4000 /usr/bin/cmake /home/ria4065/go2_ws/src/unitree_ros2/cyclonedds_ws/src/unitree/unitree_go -DAMENT_CMAKE_SYMLINK_INSTALL=1 -DCMAKE_INSTALL_PREFIX=/home/ria4065/go2_ws/install/unitree_go
