-- The C compiler identification is GNU 11.4.0
-- The CXX compiler identification is GNU 11.4.0
-- Detecting C compiler ABI info
-- Detecting C compiler ABI info - done
-- Check for working C compiler: /usr/bin/cc - skipped
-- Detecting C compile features
-- Detecting C compile features - done
-- Detecting CXX compiler ABI info
-- Detecting CXX compiler ABI info - done
-- Check for working CXX compiler: /usr/bin/c++ - skipped
-- Detecting CXX compile features
-- Detecting CXX compile features - done
-- Setting build type to 'Release' as none was specified.
-- Current system architecture: aarch64
-- Looking for pthread.h
-- Looking for pthread.h - found
-- Performing Test CMAKE_HAVE_LIBC_PTHREAD
-- Performing Test CMAKE_HAVE_LIBC_PTHREAD - Success
-- Found Threads: TRUE  
-- Importing: /home/ria4065/go2_ws/src/unitree_sdk2/thirdparty/lib/aarch64/libddsc.so
-- Importing: /home/ria4065/go2_ws/src/unitree_sdk2/thirdparty/lib/aarch64/libddscxx.so
-- Unitree SDK library found at: /home/ria4065/go2_ws/src/unitree_sdk2/lib/aarch64/libunitree_sdk2.a
-- Importing: /home/ria4065/go2_ws/src/unitree_sdk2/lib/aarch64/libunitree_sdk2.a
-- Found Boost: /usr/lib/aarch64-linux-gnu/cmake/Boost-1.74.0/BoostConfig.cmake (found version "1.74.0") found components: program_options 
-- Found yaml-cpp version 0.7.0
-- Configuring done
-- Generating done
-- Build files have been written to: /home/ria4065/go2_ws/build/unitree_sdk2
