[0.024s] Invoking command in '/home/ria4065/go2_ws/build/unitree_api': NX_CONNECTION=192.168.50.197 33074 192.168.50.121 4000 /usr/bin/cmake /home/ria4065/go2_ws/src/unitree_ros2/cyclonedds_ws/src/unitree/unitree_api -DAMENT_CMAKE_SYMLINK_INSTALL=1 -DCMAKE_INSTALL_PREFIX=/home/ria4065/go2_ws/install/unitree_api
[0.204s] -- The C compiler identification is GNU 11.4.0
[0.414s] -- The CXX compiler identification is GNU 11.4.0
[0.444s] -- Detecting C compiler ABI info
[0.591s] -- Detecting C compiler ABI info - done
[0.616s] -- Check for working C compiler: /usr/bin/cc - skipped
[0.618s] -- Detecting C compile features
[0.621s] -- Detecting C compile features - done
[0.634s] -- Detecting CXX compiler ABI info
[0.797s] -- Detecting CXX compiler ABI info - done
[0.817s] -- Check for working CXX compiler: /usr/bin/c++ - skipped
[0.818s] -- Detecting CXX compile features
[0.820s] -- Detecting CXX compile features - done
[0.845s] [31mCMake Error at CMakeLists.txt:19 (find_package):
[0.845s]   By not providing "Findament_cmake.cmake" in CMAKE_MODULE_PATH this project
[0.846s]   has asked CMake to find a package configuration file provided by
[0.846s]   "ament_cmake", but CMake did not find one.
[0.846s] 
[0.847s]   Could not find a package configuration file provided by "ament_cmake" with
[0.847s]   any of the following names:
[0.847s] 
[0.847s]     ament_cmakeConfig.cmake
[0.847s]     ament_cmake-config.cmake
[0.848s] 
[0.848s]   Add the installation prefix of "ament_cmake" to CMAKE_PREFIX_PATH or set
[0.848s]   "ament_cmake_DIR" to a directory containing one of the above files.  If
[0.848s]   "ament_cmake" provides a separate development package or SDK, be sure it
[0.849s]   has been installed.
[0.849s] 
[0.849s] [0m
[0.849s] -- Configuring incomplete, errors occurred!
[0.849s] See also "/home/ria4065/go2_ws/build/unitree_api/CMakeFiles/CMakeOutput.log".
[0.862s] Invoked command in '/home/ria4065/go2_ws/build/unitree_api' returned '1': NX_CONNECTION=192.168.50.197 33074 192.168.50.121 4000 /usr/bin/cmake /home/ria4065/go2_ws/src/unitree_ros2/cyclonedds_ws/src/unitree/unitree_api -DAMENT_CMAKE_SYMLINK_INSTALL=1 -DCMAKE_INSTALL_PREFIX=/home/ria4065/go2_ws/install/unitree_api
