[0.043s] Invoking command in '/home/ria4065/go2_ws/build/unitree_api': CMAKE_PREFIX_PATH=/opt/ros/humble NX_CONNECTION=192.168.50.197 33074 192.168.50.121 4000 /usr/bin/cmake /home/ria4065/go2_ws/src/unitree_ros2/cyclonedds_ws/src/unitree/unitree_api -DAMENT_CMAKE_SYMLINK_INSTALL=1 -DCMAKE_INSTALL_PREFIX=/home/ria4065/go2_ws/install/unitree_api
[0.067s] -- Found ament_cmake: 1.3.14 (/opt/ros/humble/share/ament_cmake/cmake)
[0.378s] -- Override CMake install command with custom implementation using symlinks instead of copying resources
[0.392s] -- Found geometry_msgs: 4.9.1 (/opt/ros/humble/share/geometry_msgs/cmake)
[0.444s] -- Found rosidl_generator_c: 3.1.8 (/opt/ros/humble/share/rosidl_generator_c/cmake)
[0.450s] -- Found rosidl_adapter: 3.1.8 (/opt/ros/humble/share/rosidl_adapter/cmake)
[0.462s] -- Found rosidl_generator_cpp: 3.1.8 (/opt/ros/humble/share/rosidl_generator_cpp/cmake)
[0.480s] -- Using all available rosidl_typesupport_c: rosidl_typesupport_fastrtps_c;rosidl_typesupport_introspection_c
[0.502s] -- Using all available rosidl_typesupport_cpp: rosidl_typesupport_fastrtps_cpp;rosidl_typesupport_introspection_cpp
[0.644s] -- Found rosidl_default_generators: 1.2.1 (/opt/ros/humble/share/rosidl_default_generators/cmake)
[0.731s] -- Found rosidl_generator_dds_idl: 0.8.1 (/opt/ros/humble/share/rosidl_generator_dds_idl/cmake)
[1.297s] -- Found ament_cmake_ros: 0.10.0 (/opt/ros/humble/share/ament_cmake_ros/cmake)
[2.215s] -- Using all available rosidl_typesupport_c: rosidl_typesupport_fastrtps_c;rosidl_typesupport_introspection_c
[2.589s] -- Using all available rosidl_typesupport_cpp: rosidl_typesupport_fastrtps_cpp;rosidl_typesupport_introspection_cpp
[2.641s] -- Found PythonInterp: /usr/bin/python3 (found suitable version "3.10.12", minimum required is "3.6") 
[2.646s] -- Found python_cmake_module: 0.10.0 (/opt/ros/humble/share/python_cmake_module/cmake)
[2.708s] -- Found PythonLibs: /usr/lib/aarch64-linux-gnu/libpython3.10.so (found suitable version "3.10.12", minimum required is "3.5") 
[2.708s] -- Using PYTHON_EXECUTABLE: /usr/bin/python3
[2.708s] -- Using PYTHON_INCLUDE_DIRS: /usr/include/python3.10
[2.709s] -- Using PYTHON_LIBRARIES: /usr/lib/aarch64-linux-gnu/libpython3.10.so
[2.756s] -- Found PythonExtra: .so  
[3.148s] -- Found ament_lint_auto: 0.12.15 (/opt/ros/humble/share/ament_lint_auto/cmake)
[3.185s] -- Added test 'copyright' to check source files copyright and LICENSE
[3.189s] -- Added test 'lint_cmake' to check CMake code style
[3.191s] -- Added test 'xmllint' to check XML markup files
[3.198s] -- Configuring done
[3.299s] -- Generating done
[3.324s] -- Build files have been written to: /home/ria4065/go2_ws/build/unitree_api
[3.347s] Invoked command in '/home/ria4065/go2_ws/build/unitree_api' returned '0': CMAKE_PREFIX_PATH=/opt/ros/humble NX_CONNECTION=192.168.50.197 33074 192.168.50.121 4000 /usr/bin/cmake /home/ria4065/go2_ws/src/unitree_ros2/cyclonedds_ws/src/unitree/unitree_api -DAMENT_CMAKE_SYMLINK_INSTALL=1 -DCMAKE_INSTALL_PREFIX=/home/ria4065/go2_ws/install/unitree_api
[3.351s] Invoking command in '/home/ria4065/go2_ws/build/unitree_api': CMAKE_PREFIX_PATH=/opt/ros/humble NX_CONNECTION=192.168.50.197 33074 192.168.50.121 4000 /usr/bin/cmake --build /home/ria4065/go2_ws/build/unitree_api -- -j12 -l12
[3.428s] [  1%] [34m[1mGenerating C code for ROS interfaces[0m
[3.451s] [  3%] [34m[1mGenerating Rust code for ROS interfaces[0m
[3.452s] [  2%] [34m[1mGenerating DDS interfaces[0m
[3.456s] [  4%] [34m[1mGenerating C++ code for ROS interfaces[0m
[3.469s] [  4%] Built target ament_cmake_python_symlink_unitree_api
[4.097s] running egg_info
[4.098s] creating unitree_api.egg-info
[4.099s] writing unitree_api.egg-info/PKG-INFO
[4.099s] writing dependency_links to unitree_api.egg-info/dependency_links.txt
[4.099s] writing top-level names to unitree_api.egg-info/top_level.txt
[4.100s] writing manifest file 'unitree_api.egg-info/SOURCES.txt'
[4.107s] reading manifest file 'unitree_api.egg-info/SOURCES.txt'
[4.108s] writing manifest file 'unitree_api.egg-info/SOURCES.txt'
[4.226s] [  4%] Built target ament_cmake_python_build_unitree_api_egg
[4.352s] [  4%] Built target unitree_api__rs
[4.374s] [  4%] Built target unitree_api__dds_connext_idl
[5.029s] [  4%] Built target unitree_api__cpp
[5.052s] [  5%] [34m[1mGenerating C++ type support for eProsima Fast-RTPS[0m
[5.052s] [  6%] [34m[1mGenerating C++ introspection for ROS interfaces[0m
[5.055s] [  7%] [34m[1mGenerating C++ type support dispatch for ROS interfaces[0m
[5.071s] [ 10%] [32mBuilding C object CMakeFiles/unitree_api__rosidl_generator_c.dir/rosidl_generator_c/unitree_api/msg/detail/request_identity__functions.c.o[0m
[5.071s] [ 11%] [32mBuilding C object CMakeFiles/unitree_api__rosidl_generator_c.dir/rosidl_generator_c/unitree_api/msg/detail/request_lease__functions.c.o[0m
[5.071s] [ 10%] [32mBuilding C object CMakeFiles/unitree_api__rosidl_generator_c.dir/rosidl_generator_c/unitree_api/msg/detail/request__functions.c.o[0m
[5.072s] [ 12%] [32mBuilding C object CMakeFiles/unitree_api__rosidl_generator_c.dir/rosidl_generator_c/unitree_api/msg/detail/request_policy__functions.c.o[0m
[5.075s] [ 13%] [32mBuilding C object CMakeFiles/unitree_api__rosidl_generator_c.dir/rosidl_generator_c/unitree_api/msg/detail/request_header__functions.c.o[0m
[5.087s] [ 14%] [32mBuilding C object CMakeFiles/unitree_api__rosidl_generator_c.dir/rosidl_generator_c/unitree_api/msg/detail/response__functions.c.o[0m
[5.097s] [ 15%] [32mBuilding C object CMakeFiles/unitree_api__rosidl_generator_c.dir/rosidl_generator_c/unitree_api/msg/detail/response_header__functions.c.o[0m
[5.213s] [ 16%] [32mBuilding C object CMakeFiles/unitree_api__rosidl_generator_c.dir/rosidl_generator_c/unitree_api/msg/detail/response_status__functions.c.o[0m
[5.353s] [ 17%] [32m[1mLinking C shared library libunitree_api__rosidl_generator_c.so[0m
[5.442s] [ 17%] Built target unitree_api__rosidl_generator_c
[5.488s] [ 19%] [34m[1mGenerating C introspection for ROS interfaces[0m
[5.489s] [ 20%] [34m[1mGenerating C type support for eProsima Fast-RTPS[0m
[5.505s] [ 21%] [34m[1mGenerating C type support dispatch for ROS interfaces[0m
[5.993s] [ 22%] [32mBuilding CXX object CMakeFiles/unitree_api__rosidl_typesupport_cpp.dir/rosidl_typesupport_cpp/unitree_api/msg/request__type_support.cpp.o[0m
[5.995s] [ 23%] [32mBuilding CXX object CMakeFiles/unitree_api__rosidl_typesupport_cpp.dir/rosidl_typesupport_cpp/unitree_api/msg/request_header__type_support.cpp.o[0m
[5.996s] [ 24%] [32mBuilding CXX object CMakeFiles/unitree_api__rosidl_typesupport_cpp.dir/rosidl_typesupport_cpp/unitree_api/msg/request_lease__type_support.cpp.o[0m
[6.033s] [ 25%] [32mBuilding CXX object CMakeFiles/unitree_api__rosidl_typesupport_cpp.dir/rosidl_typesupport_cpp/unitree_api/msg/request_policy__type_support.cpp.o[0m
[6.046s] [ 26%] [32mBuilding CXX object CMakeFiles/unitree_api__rosidl_typesupport_cpp.dir/rosidl_typesupport_cpp/unitree_api/msg/request_identity__type_support.cpp.o[0m
[6.175s] [ 28%] [32mBuilding CXX object CMakeFiles/unitree_api__rosidl_typesupport_cpp.dir/rosidl_typesupport_cpp/unitree_api/msg/response__type_support.cpp.o[0m
[6.567s] [ 29%] [32mBuilding CXX object CMakeFiles/unitree_api__rosidl_typesupport_introspection_cpp.dir/rosidl_typesupport_introspection_cpp/unitree_api/msg/detail/request__type_support.cpp.o[0m
[6.728s] [ 30%] [32mBuilding CXX object CMakeFiles/unitree_api__rosidl_typesupport_fastrtps_cpp.dir/rosidl_typesupport_fastrtps_cpp/unitree_api/msg/detail/dds_fastrtps/request__type_support.cpp.o[0m
[6.782s] [ 31%] [32mBuilding CXX object CMakeFiles/unitree_api__rosidl_typesupport_fastrtps_cpp.dir/rosidl_typesupport_fastrtps_cpp/unitree_api/msg/detail/dds_fastrtps/request_header__type_support.cpp.o[0m
[6.798s] [ 32%] [32mBuilding CXX object CMakeFiles/unitree_api__rosidl_typesupport_cpp.dir/rosidl_typesupport_cpp/unitree_api/msg/response_header__type_support.cpp.o[0m
[7.061s] [ 33%] [32mBuilding CXX object CMakeFiles/unitree_api__rosidl_typesupport_c.dir/rosidl_typesupport_c/unitree_api/msg/request__type_support.cpp.o[0m
[7.131s] [ 34%] [32mBuilding CXX object CMakeFiles/unitree_api__rosidl_typesupport_c.dir/rosidl_typesupport_c/unitree_api/msg/request_header__type_support.cpp.o[0m
[7.136s] [ 35%] [32mBuilding CXX object CMakeFiles/unitree_api__rosidl_typesupport_cpp.dir/rosidl_typesupport_cpp/unitree_api/msg/response_status__type_support.cpp.o[0m
[7.224s] [ 37%] [32mBuilding CXX object CMakeFiles/unitree_api__rosidl_typesupport_introspection_cpp.dir/rosidl_typesupport_introspection_cpp/unitree_api/msg/detail/request_header__type_support.cpp.o[0m
[7.260s] [ 38%] [32mBuilding C object CMakeFiles/unitree_api__rosidl_typesupport_introspection_c.dir/rosidl_typesupport_introspection_c/unitree_api/msg/detail/request__type_support.c.o[0m
[7.266s] [ 39%] [32mBuilding CXX object CMakeFiles/unitree_api__rosidl_typesupport_c.dir/rosidl_typesupport_c/unitree_api/msg/request_identity__type_support.cpp.o[0m
[7.295s] [ 40%] [32mBuilding CXX object CMakeFiles/unitree_api__rosidl_typesupport_fastrtps_cpp.dir/rosidl_typesupport_fastrtps_cpp/unitree_api/msg/detail/dds_fastrtps/request_identity__type_support.cpp.o[0m
[7.296s] [ 41%] [32mBuilding CXX object CMakeFiles/unitree_api__rosidl_typesupport_c.dir/rosidl_typesupport_c/unitree_api/msg/request_lease__type_support.cpp.o[0m
[7.320s] [ 42%] [32mBuilding C object CMakeFiles/unitree_api__rosidl_typesupport_introspection_c.dir/rosidl_typesupport_introspection_c/unitree_api/msg/detail/request_header__type_support.c.o[0m
[7.430s] [ 43%] [32mBuilding CXX object CMakeFiles/unitree_api__rosidl_typesupport_fastrtps_c.dir/rosidl_typesupport_fastrtps_c/unitree_api/msg/detail/request__type_support_c.cpp.o[0m
[7.446s] [ 44%] [32mBuilding C object CMakeFiles/unitree_api__rosidl_typesupport_introspection_c.dir/rosidl_typesupport_introspection_c/unitree_api/msg/detail/request_identity__type_support.c.o[0m
[7.490s] [ 46%] [32mBuilding CXX object CMakeFiles/unitree_api__rosidl_typesupport_c.dir/rosidl_typesupport_c/unitree_api/msg/request_policy__type_support.cpp.o[0m
[7.502s] [ 47%] [32mBuilding CXX object CMakeFiles/unitree_api__rosidl_typesupport_c.dir/rosidl_typesupport_c/unitree_api/msg/response__type_support.cpp.o[0m
[7.588s] [ 48%] [32mBuilding C object CMakeFiles/unitree_api__rosidl_typesupport_introspection_c.dir/rosidl_typesupport_introspection_c/unitree_api/msg/detail/request_lease__type_support.c.o[0m
[7.684s] [ 49%] [32mBuilding C object CMakeFiles/unitree_api__rosidl_typesupport_introspection_c.dir/rosidl_typesupport_introspection_c/unitree_api/msg/detail/request_policy__type_support.c.o[0m
[7.738s] [ 50%] [32mBuilding CXX object CMakeFiles/unitree_api__rosidl_typesupport_c.dir/rosidl_typesupport_c/unitree_api/msg/response_header__type_support.cpp.o[0m
[7.774s] [ 51%] [32mBuilding C object CMakeFiles/unitree_api__rosidl_typesupport_introspection_c.dir/rosidl_typesupport_introspection_c/unitree_api/msg/detail/response__type_support.c.o[0m
[7.809s] [ 52%] [32mBuilding CXX object CMakeFiles/unitree_api__rosidl_typesupport_introspection_cpp.dir/rosidl_typesupport_introspection_cpp/unitree_api/msg/detail/request_identity__type_support.cpp.o[0m
[7.818s] [ 53%] [32mBuilding CXX object CMakeFiles/unitree_api__rosidl_typesupport_c.dir/rosidl_typesupport_c/unitree_api/msg/response_status__type_support.cpp.o[0m
[7.896s] [ 55%] [32mBuilding C object CMakeFiles/unitree_api__rosidl_typesupport_introspection_c.dir/rosidl_typesupport_introspection_c/unitree_api/msg/detail/response_header__type_support.c.o[0m
[7.931s] [ 56%] [32mBuilding C object CMakeFiles/unitree_api__rosidl_typesupport_introspection_c.dir/rosidl_typesupport_introspection_c/unitree_api/msg/detail/response_status__type_support.c.o[0m
[8.004s] [ 57%] [32mBuilding CXX object CMakeFiles/unitree_api__rosidl_typesupport_fastrtps_cpp.dir/rosidl_typesupport_fastrtps_cpp/unitree_api/msg/detail/dds_fastrtps/request_lease__type_support.cpp.o[0m
[8.006s] [ 58%] [32mBuilding CXX object CMakeFiles/unitree_api__rosidl_typesupport_introspection_cpp.dir/rosidl_typesupport_introspection_cpp/unitree_api/msg/detail/request_policy__type_support.cpp.o[0m
[8.008s] [ 59%] [32mBuilding CXX object CMakeFiles/unitree_api__rosidl_typesupport_introspection_cpp.dir/rosidl_typesupport_introspection_cpp/unitree_api/msg/detail/request_lease__type_support.cpp.o[0m
[8.020s] [ 60%] [32m[1mLinking CXX shared library libunitree_api__rosidl_typesupport_c.so[0m
[8.065s] [ 61%] [32m[1mLinking C shared library libunitree_api__rosidl_typesupport_introspection_c.so[0m
[8.075s] [ 62%] [32mBuilding CXX object CMakeFiles/unitree_api__rosidl_typesupport_fastrtps_cpp.dir/rosidl_typesupport_fastrtps_cpp/unitree_api/msg/detail/dds_fastrtps/request_policy__type_support.cpp.o[0m
[8.256s] [ 62%] Built target unitree_api__rosidl_typesupport_c
[8.299s] [ 62%] Built target unitree_api__rosidl_typesupport_introspection_c
[8.311s] [ 64%] [32mBuilding CXX object CMakeFiles/unitree_api__rosidl_typesupport_fastrtps_cpp.dir/rosidl_typesupport_fastrtps_cpp/unitree_api/msg/detail/dds_fastrtps/response__type_support.cpp.o[0m
[8.365s] [ 65%] [32mBuilding CXX object CMakeFiles/unitree_api__rosidl_typesupport_fastrtps_c.dir/rosidl_typesupport_fastrtps_c/unitree_api/msg/detail/request_header__type_support_c.cpp.o[0m
[8.382s] [ 66%] [32mBuilding CXX object CMakeFiles/unitree_api__rosidl_typesupport_fastrtps_cpp.dir/rosidl_typesupport_fastrtps_cpp/unitree_api/msg/detail/dds_fastrtps/response_header__type_support.cpp.o[0m
[8.728s] [ 67%] [32mBuilding CXX object CMakeFiles/unitree_api__rosidl_typesupport_fastrtps_c.dir/rosidl_typesupport_fastrtps_c/unitree_api/msg/detail/request_identity__type_support_c.cpp.o[0m
[8.844s] [ 68%] [32mBuilding CXX object CMakeFiles/unitree_api__rosidl_typesupport_introspection_cpp.dir/rosidl_typesupport_introspection_cpp/unitree_api/msg/detail/response__type_support.cpp.o[0m
[8.883s] [ 69%] [32m[1mLinking CXX shared library libunitree_api__rosidl_typesupport_cpp.so[0m
[8.971s] [ 70%] [32mBuilding CXX object CMakeFiles/unitree_api__rosidl_typesupport_introspection_cpp.dir/rosidl_typesupport_introspection_cpp/unitree_api/msg/detail/response_header__type_support.cpp.o[0m
[9.089s] [ 71%] [32mBuilding CXX object CMakeFiles/unitree_api__rosidl_typesupport_introspection_cpp.dir/rosidl_typesupport_introspection_cpp/unitree_api/msg/detail/response_status__type_support.cpp.o[0m
[9.208s] [ 71%] Built target unitree_api__rosidl_typesupport_cpp
[9.240s] [ 73%] [32mBuilding CXX object CMakeFiles/unitree_api__rosidl_typesupport_fastrtps_cpp.dir/rosidl_typesupport_fastrtps_cpp/unitree_api/msg/detail/dds_fastrtps/response_status__type_support.cpp.o[0m
[9.297s] [ 74%] [32mBuilding CXX object CMakeFiles/unitree_api__rosidl_typesupport_fastrtps_c.dir/rosidl_typesupport_fastrtps_c/unitree_api/msg/detail/request_lease__type_support_c.cpp.o[0m
[9.467s] [ 75%] [32mBuilding CXX object CMakeFiles/unitree_api__rosidl_typesupport_fastrtps_c.dir/rosidl_typesupport_fastrtps_c/unitree_api/msg/detail/request_policy__type_support_c.cpp.o[0m
[9.497s] [ 76%] [32mBuilding CXX object CMakeFiles/unitree_api__rosidl_typesupport_fastrtps_c.dir/rosidl_typesupport_fastrtps_c/unitree_api/msg/detail/response__type_support_c.cpp.o[0m
[9.560s] [ 77%] [32mBuilding CXX object CMakeFiles/unitree_api__rosidl_typesupport_fastrtps_c.dir/rosidl_typesupport_fastrtps_c/unitree_api/msg/detail/response_header__type_support_c.cpp.o[0m
[9.736s] [ 78%] [32mBuilding CXX object CMakeFiles/unitree_api__rosidl_typesupport_fastrtps_c.dir/rosidl_typesupport_fastrtps_c/unitree_api/msg/detail/response_status__type_support_c.cpp.o[0m
[10.783s] [ 79%] [32m[1mLinking CXX shared library libunitree_api__rosidl_typesupport_introspection_cpp.so[0m
[11.080s] [ 79%] Built target unitree_api__rosidl_typesupport_introspection_cpp
[11.374s] [ 80%] [32m[1mLinking CXX shared library libunitree_api__rosidl_typesupport_fastrtps_cpp.so[0m
[11.547s] [ 82%] [32m[1mLinking CXX shared library libunitree_api__rosidl_typesupport_fastrtps_c.so[0m
[11.740s] [ 82%] Built target unitree_api__rosidl_typesupport_fastrtps_cpp
[11.923s] [ 82%] Built target unitree_api__rosidl_typesupport_fastrtps_c
[12.073s] [ 82%] Built target unitree_api
[12.227s] [ 83%] [34m[1mGenerating Python code for ROS interfaces[0m
[15.083s] [ 83%] Built target unitree_api__py
[15.246s] [ 84%] [32mBuilding C object CMakeFiles/unitree_api__rosidl_generator_py.dir/rosidl_generator_py/unitree_api/msg/_request_s.c.o[0m
[15.272s] [ 85%] [32mBuilding C object CMakeFiles/unitree_api__rosidl_generator_py.dir/rosidl_generator_py/unitree_api/msg/_request_lease_s.c.o[0m
[15.273s] [ 86%] [32mBuilding C object CMakeFiles/unitree_api__rosidl_generator_py.dir/rosidl_generator_py/unitree_api/msg/_request_header_s.c.o[0m
[15.280s] [ 87%] [32mBuilding C object CMakeFiles/unitree_api__rosidl_generator_py.dir/rosidl_generator_py/unitree_api/msg/_request_identity_s.c.o[0m
[15.294s] [ 88%] [32mBuilding C object CMakeFiles/unitree_api__rosidl_generator_py.dir/rosidl_generator_py/unitree_api/msg/_request_policy_s.c.o[0m
[15.334s] [ 89%] [32mBuilding C object CMakeFiles/unitree_api__rosidl_generator_py.dir/rosidl_generator_py/unitree_api/msg/_response_s.c.o[0m
[15.430s] [ 91%] [32mBuilding C object CMakeFiles/unitree_api__rosidl_generator_py.dir/rosidl_generator_py/unitree_api/msg/_response_header_s.c.o[0m
[15.466s] [ 92%] [32mBuilding C object CMakeFiles/unitree_api__rosidl_generator_py.dir/rosidl_generator_py/unitree_api/msg/_response_status_s.c.o[0m
[15.846s] [ 93%] [32m[1mLinking C shared library rosidl_generator_py/unitree_api/libunitree_api__rosidl_generator_py.so[0m
[15.942s] [ 93%] Built target unitree_api__rosidl_generator_py
[15.985s] [ 96%] [32mBuilding C object CMakeFiles/unitree_api__rosidl_typesupport_c__pyext.dir/rosidl_generator_py/unitree_api/_unitree_api_s.ep.rosidl_typesupport_c.c.o[0m
[15.985s] [ 96%] [32mBuilding C object CMakeFiles/unitree_api__rosidl_typesupport_fastrtps_c__pyext.dir/rosidl_generator_py/unitree_api/_unitree_api_s.ep.rosidl_typesupport_fastrtps_c.c.o[0m
[15.986s] [ 96%] [32mBuilding C object CMakeFiles/unitree_api__rosidl_typesupport_introspection_c__pyext.dir/rosidl_generator_py/unitree_api/_unitree_api_s.ep.rosidl_typesupport_introspection_c.c.o[0m
[16.272s] [ 97%] [32m[1mLinking C shared library rosidl_generator_py/unitree_api/unitree_api_s__rosidl_typesupport_c.cpython-310-aarch64-linux-gnu.so[0m
[16.273s] [ 98%] [32m[1mLinking C shared library rosidl_generator_py/unitree_api/unitree_api_s__rosidl_typesupport_fastrtps_c.cpython-310-aarch64-linux-gnu.so[0m
[16.294s] [100%] [32m[1mLinking C shared library rosidl_generator_py/unitree_api/unitree_api_s__rosidl_typesupport_introspection_c.cpython-310-aarch64-linux-gnu.so[0m
[16.392s] [100%] Built target unitree_api__rosidl_typesupport_fastrtps_c__pyext
[16.418s] [100%] Built target unitree_api__rosidl_typesupport_c__pyext
[16.437s] [100%] Built target unitree_api__rosidl_typesupport_introspection_c__pyext
[16.492s] Invoked command in '/home/ria4065/go2_ws/build/unitree_api' returned '0': CMAKE_PREFIX_PATH=/opt/ros/humble NX_CONNECTION=192.168.50.197 33074 192.168.50.121 4000 /usr/bin/cmake --build /home/ria4065/go2_ws/build/unitree_api -- -j12 -l12
[16.493s] Invoking command in '/home/ria4065/go2_ws/build/unitree_api': CMAKE_PREFIX_PATH=/opt/ros/humble NX_CONNECTION=192.168.50.197 33074 192.168.50.121 4000 /usr/bin/cmake --install /home/ria4065/go2_ws/build/unitree_api
[16.531s] -- Install configuration: ""
[16.532s] -- Execute custom install script
[16.533s] -- Symlinking: /home/ria4065/go2_ws/install/unitree_api/share/ament_index/resource_index/rosidl_interfaces/unitree_api
[16.563s] -- Symlinking: /home/ria4065/go2_ws/install/unitree_api/include/unitree_api/unitree_api/msg/detail/request__functions.h
[16.595s] -- Symlinking: /home/ria4065/go2_ws/install/unitree_api/include/unitree_api/unitree_api/msg/detail/request__struct.h
[16.633s] -- Symlinking: /home/ria4065/go2_ws/install/unitree_api/include/unitree_api/unitree_api/msg/detail/request__type_support.h
[16.655s] -- Symlinking: /home/ria4065/go2_ws/install/unitree_api/include/unitree_api/unitree_api/msg/detail/request_header__functions.h
[16.681s] -- Symlinking: /home/ria4065/go2_ws/install/unitree_api/include/unitree_api/unitree_api/msg/detail/request_header__struct.h
[16.723s] -- Symlinking: /home/ria4065/go2_ws/install/unitree_api/include/unitree_api/unitree_api/msg/detail/request_header__type_support.h
[16.772s] -- Symlinking: /home/ria4065/go2_ws/install/unitree_api/include/unitree_api/unitree_api/msg/detail/request_identity__functions.h
[16.824s] -- Symlinking: /home/ria4065/go2_ws/install/unitree_api/include/unitree_api/unitree_api/msg/detail/request_identity__struct.h
[16.846s] -- Symlinking: /home/ria4065/go2_ws/install/unitree_api/include/unitree_api/unitree_api/msg/detail/request_identity__type_support.h
[16.866s] -- Symlinking: /home/ria4065/go2_ws/install/unitree_api/include/unitree_api/unitree_api/msg/detail/request_lease__functions.h
[16.887s] -- Symlinking: /home/ria4065/go2_ws/install/unitree_api/include/unitree_api/unitree_api/msg/detail/request_lease__struct.h
[16.915s] -- Symlinking: /home/ria4065/go2_ws/install/unitree_api/include/unitree_api/unitree_api/msg/detail/request_lease__type_support.h
[16.934s] -- Symlinking: /home/ria4065/go2_ws/install/unitree_api/include/unitree_api/unitree_api/msg/detail/request_policy__functions.h
[16.954s] -- Symlinking: /home/ria4065/go2_ws/install/unitree_api/include/unitree_api/unitree_api/msg/detail/request_policy__struct.h
[16.974s] -- Symlinking: /home/ria4065/go2_ws/install/unitree_api/include/unitree_api/unitree_api/msg/detail/request_policy__type_support.h
[17.019s] -- Symlinking: /home/ria4065/go2_ws/install/unitree_api/include/unitree_api/unitree_api/msg/detail/response__functions.h
[17.052s] -- Symlinking: /home/ria4065/go2_ws/install/unitree_api/include/unitree_api/unitree_api/msg/detail/response__struct.h
[17.069s] -- Symlinking: /home/ria4065/go2_ws/install/unitree_api/include/unitree_api/unitree_api/msg/detail/response__type_support.h
[17.088s] -- Symlinking: /home/ria4065/go2_ws/install/unitree_api/include/unitree_api/unitree_api/msg/detail/response_header__functions.h
[17.108s] -- Symlinking: /home/ria4065/go2_ws/install/unitree_api/include/unitree_api/unitree_api/msg/detail/response_header__struct.h
[17.154s] -- Symlinking: /home/ria4065/go2_ws/install/unitree_api/include/unitree_api/unitree_api/msg/detail/response_header__type_support.h
[17.204s] -- Symlinking: /home/ria4065/go2_ws/install/unitree_api/include/unitree_api/unitree_api/msg/detail/response_status__functions.h
[17.245s] -- Symlinking: /home/ria4065/go2_ws/install/unitree_api/include/unitree_api/unitree_api/msg/detail/response_status__struct.h
[17.286s] -- Symlinking: /home/ria4065/go2_ws/install/unitree_api/include/unitree_api/unitree_api/msg/detail/response_status__type_support.h
[17.328s] -- Symlinking: /home/ria4065/go2_ws/install/unitree_api/include/unitree_api/unitree_api/msg/request.h
[17.375s] -- Symlinking: /home/ria4065/go2_ws/install/unitree_api/include/unitree_api/unitree_api/msg/request_header.h
[17.399s] -- Symlinking: /home/ria4065/go2_ws/install/unitree_api/include/unitree_api/unitree_api/msg/request_identity.h
[17.471s] -- Symlinking: /home/ria4065/go2_ws/install/unitree_api/include/unitree_api/unitree_api/msg/request_lease.h
[17.526s] -- Symlinking: /home/ria4065/go2_ws/install/unitree_api/include/unitree_api/unitree_api/msg/request_policy.h
[17.581s] -- Symlinking: /home/ria4065/go2_ws/install/unitree_api/include/unitree_api/unitree_api/msg/response.h
[17.630s] -- Symlinking: /home/ria4065/go2_ws/install/unitree_api/include/unitree_api/unitree_api/msg/response_header.h
[17.656s] -- Symlinking: /home/ria4065/go2_ws/install/unitree_api/include/unitree_api/unitree_api/msg/response_status.h
[17.681s] -- Symlinking: /home/ria4065/go2_ws/install/unitree_api/include/unitree_api/unitree_api/msg/rosidl_generator_c__visibility_control.h
[17.707s] -- Symlinking: /home/ria4065/go2_ws/install/unitree_api/share/unitree_api/environment/library_path.sh
[17.739s] -- Symlinking: /home/ria4065/go2_ws/install/unitree_api/share/unitree_api/environment/library_path.dsv
[17.777s] -- Symlinking: /home/ria4065/go2_ws/install/unitree_api/include/unitree_api/unitree_api/msg/detail/request__rosidl_typesupport_fastrtps_c.h
[17.821s] -- Symlinking: /home/ria4065/go2_ws/install/unitree_api/include/unitree_api/unitree_api/msg/detail/request_header__rosidl_typesupport_fastrtps_c.h
[17.848s] -- Symlinking: /home/ria4065/go2_ws/install/unitree_api/include/unitree_api/unitree_api/msg/detail/request_identity__rosidl_typesupport_fastrtps_c.h
[17.902s] -- Symlinking: /home/ria4065/go2_ws/install/unitree_api/include/unitree_api/unitree_api/msg/detail/request_lease__rosidl_typesupport_fastrtps_c.h
[17.932s] -- Symlinking: /home/ria4065/go2_ws/install/unitree_api/include/unitree_api/unitree_api/msg/detail/request_policy__rosidl_typesupport_fastrtps_c.h
[17.959s] -- Symlinking: /home/ria4065/go2_ws/install/unitree_api/include/unitree_api/unitree_api/msg/detail/response__rosidl_typesupport_fastrtps_c.h
[17.979s] -- Symlinking: /home/ria4065/go2_ws/install/unitree_api/include/unitree_api/unitree_api/msg/detail/response_header__rosidl_typesupport_fastrtps_c.h
[18.013s] -- Symlinking: /home/ria4065/go2_ws/install/unitree_api/include/unitree_api/unitree_api/msg/detail/response_status__rosidl_typesupport_fastrtps_c.h
[18.049s] -- Symlinking: /home/ria4065/go2_ws/install/unitree_api/include/unitree_api/unitree_api/msg/rosidl_typesupport_fastrtps_c__visibility_control.h
[18.086s] -- Symlinking: /home/ria4065/go2_ws/install/unitree_api/include/unitree_api/unitree_api/msg/detail/request__builder.hpp
[18.109s] -- Symlinking: /home/ria4065/go2_ws/install/unitree_api/include/unitree_api/unitree_api/msg/detail/request__struct.hpp
[18.155s] -- Symlinking: /home/ria4065/go2_ws/install/unitree_api/include/unitree_api/unitree_api/msg/detail/request__traits.hpp
[18.200s] -- Symlinking: /home/ria4065/go2_ws/install/unitree_api/include/unitree_api/unitree_api/msg/detail/request__type_support.hpp
[18.254s] -- Symlinking: /home/ria4065/go2_ws/install/unitree_api/include/unitree_api/unitree_api/msg/detail/request_header__builder.hpp
[18.298s] -- Symlinking: /home/ria4065/go2_ws/install/unitree_api/include/unitree_api/unitree_api/msg/detail/request_header__struct.hpp
[18.319s] -- Symlinking: /home/ria4065/go2_ws/install/unitree_api/include/unitree_api/unitree_api/msg/detail/request_header__traits.hpp
[18.355s] -- Symlinking: /home/ria4065/go2_ws/install/unitree_api/include/unitree_api/unitree_api/msg/detail/request_header__type_support.hpp
[18.393s] -- Symlinking: /home/ria4065/go2_ws/install/unitree_api/include/unitree_api/unitree_api/msg/detail/request_identity__builder.hpp
[18.424s] -- Symlinking: /home/ria4065/go2_ws/install/unitree_api/include/unitree_api/unitree_api/msg/detail/request_identity__struct.hpp
[18.474s] -- Symlinking: /home/ria4065/go2_ws/install/unitree_api/include/unitree_api/unitree_api/msg/detail/request_identity__traits.hpp
[18.506s] -- Symlinking: /home/ria4065/go2_ws/install/unitree_api/include/unitree_api/unitree_api/msg/detail/request_identity__type_support.hpp
[18.529s] -- Symlinking: /home/ria4065/go2_ws/install/unitree_api/include/unitree_api/unitree_api/msg/detail/request_lease__builder.hpp
[18.547s] -- Symlinking: /home/ria4065/go2_ws/install/unitree_api/include/unitree_api/unitree_api/msg/detail/request_lease__struct.hpp
[18.567s] -- Symlinking: /home/ria4065/go2_ws/install/unitree_api/include/unitree_api/unitree_api/msg/detail/request_lease__traits.hpp
[18.585s] -- Symlinking: /home/ria4065/go2_ws/install/unitree_api/include/unitree_api/unitree_api/msg/detail/request_lease__type_support.hpp
[18.607s] -- Symlinking: /home/ria4065/go2_ws/install/unitree_api/include/unitree_api/unitree_api/msg/detail/request_policy__builder.hpp
[18.634s] -- Symlinking: /home/ria4065/go2_ws/install/unitree_api/include/unitree_api/unitree_api/msg/detail/request_policy__struct.hpp
[18.654s] -- Symlinking: /home/ria4065/go2_ws/install/unitree_api/include/unitree_api/unitree_api/msg/detail/request_policy__traits.hpp
[18.674s] -- Symlinking: /home/ria4065/go2_ws/install/unitree_api/include/unitree_api/unitree_api/msg/detail/request_policy__type_support.hpp
[18.692s] -- Symlinking: /home/ria4065/go2_ws/install/unitree_api/include/unitree_api/unitree_api/msg/detail/response__builder.hpp
[18.713s] -- Symlinking: /home/ria4065/go2_ws/install/unitree_api/include/unitree_api/unitree_api/msg/detail/response__struct.hpp
[18.743s] -- Symlinking: /home/ria4065/go2_ws/install/unitree_api/include/unitree_api/unitree_api/msg/detail/response__traits.hpp
[18.766s] -- Symlinking: /home/ria4065/go2_ws/install/unitree_api/include/unitree_api/unitree_api/msg/detail/response__type_support.hpp
[18.805s] -- Symlinking: /home/ria4065/go2_ws/install/unitree_api/include/unitree_api/unitree_api/msg/detail/response_header__builder.hpp
[18.836s] -- Symlinking: /home/ria4065/go2_ws/install/unitree_api/include/unitree_api/unitree_api/msg/detail/response_header__struct.hpp
[18.858s] -- Symlinking: /home/ria4065/go2_ws/install/unitree_api/include/unitree_api/unitree_api/msg/detail/response_header__traits.hpp
[18.880s] -- Symlinking: /home/ria4065/go2_ws/install/unitree_api/include/unitree_api/unitree_api/msg/detail/response_header__type_support.hpp
[18.903s] -- Symlinking: /home/ria4065/go2_ws/install/unitree_api/include/unitree_api/unitree_api/msg/detail/response_status__builder.hpp
[18.929s] -- Symlinking: /home/ria4065/go2_ws/install/unitree_api/include/unitree_api/unitree_api/msg/detail/response_status__struct.hpp
[18.950s] -- Symlinking: /home/ria4065/go2_ws/install/unitree_api/include/unitree_api/unitree_api/msg/detail/response_status__traits.hpp
[18.969s] -- Symlinking: /home/ria4065/go2_ws/install/unitree_api/include/unitree_api/unitree_api/msg/detail/response_status__type_support.hpp
[18.989s] -- Symlinking: /home/ria4065/go2_ws/install/unitree_api/include/unitree_api/unitree_api/msg/request.hpp
[19.008s] -- Symlinking: /home/ria4065/go2_ws/install/unitree_api/include/unitree_api/unitree_api/msg/request_header.hpp
[19.052s] -- Symlinking: /home/ria4065/go2_ws/install/unitree_api/include/unitree_api/unitree_api/msg/request_identity.hpp
[19.089s] -- Symlinking: /home/ria4065/go2_ws/install/unitree_api/include/unitree_api/unitree_api/msg/request_lease.hpp
[19.112s] -- Symlinking: /home/ria4065/go2_ws/install/unitree_api/include/unitree_api/unitree_api/msg/request_policy.hpp
[19.153s] -- Symlinking: /home/ria4065/go2_ws/install/unitree_api/include/unitree_api/unitree_api/msg/response.hpp
[19.188s] -- Symlinking: /home/ria4065/go2_ws/install/unitree_api/include/unitree_api/unitree_api/msg/response_header.hpp
[19.223s] -- Symlinking: /home/ria4065/go2_ws/install/unitree_api/include/unitree_api/unitree_api/msg/response_status.hpp
[19.257s] -- Symlinking: /home/ria4065/go2_ws/install/unitree_api/include/unitree_api/unitree_api/msg/rosidl_generator_cpp__visibility_control.hpp
[19.284s] -- Symlinking: /home/ria4065/go2_ws/install/unitree_api/include/unitree_api/unitree_api/msg/detail/request__rosidl_typesupport_fastrtps_cpp.hpp
[19.311s] -- Symlinking: /home/ria4065/go2_ws/install/unitree_api/include/unitree_api/unitree_api/msg/detail/request_header__rosidl_typesupport_fastrtps_cpp.hpp
[19.345s] -- Symlinking: /home/ria4065/go2_ws/install/unitree_api/include/unitree_api/unitree_api/msg/detail/request_identity__rosidl_typesupport_fastrtps_cpp.hpp
[19.367s] -- Symlinking: /home/ria4065/go2_ws/install/unitree_api/include/unitree_api/unitree_api/msg/detail/request_lease__rosidl_typesupport_fastrtps_cpp.hpp
[19.406s] -- Symlinking: /home/ria4065/go2_ws/install/unitree_api/include/unitree_api/unitree_api/msg/detail/request_policy__rosidl_typesupport_fastrtps_cpp.hpp
[19.456s] -- Symlinking: /home/ria4065/go2_ws/install/unitree_api/include/unitree_api/unitree_api/msg/detail/response__rosidl_typesupport_fastrtps_cpp.hpp
[19.483s] -- Symlinking: /home/ria4065/go2_ws/install/unitree_api/include/unitree_api/unitree_api/msg/detail/response_header__rosidl_typesupport_fastrtps_cpp.hpp
[19.525s] -- Symlinking: /home/ria4065/go2_ws/install/unitree_api/include/unitree_api/unitree_api/msg/detail/response_status__rosidl_typesupport_fastrtps_cpp.hpp
[19.556s] -- Symlinking: /home/ria4065/go2_ws/install/unitree_api/include/unitree_api/unitree_api/msg/rosidl_typesupport_fastrtps_cpp__visibility_control.h
[19.585s] -- Symlinking: /home/ria4065/go2_ws/install/unitree_api/include/unitree_api/unitree_api/msg/detail/request__rosidl_typesupport_introspection_c.h
[19.615s] -- Symlinking: /home/ria4065/go2_ws/install/unitree_api/include/unitree_api/unitree_api/msg/detail/request_header__rosidl_typesupport_introspection_c.h
[19.656s] -- Symlinking: /home/ria4065/go2_ws/install/unitree_api/include/unitree_api/unitree_api/msg/detail/request_identity__rosidl_typesupport_introspection_c.h
[19.677s] -- Symlinking: /home/ria4065/go2_ws/install/unitree_api/include/unitree_api/unitree_api/msg/detail/request_lease__rosidl_typesupport_introspection_c.h
[19.698s] -- Symlinking: /home/ria4065/go2_ws/install/unitree_api/include/unitree_api/unitree_api/msg/detail/request_policy__rosidl_typesupport_introspection_c.h
[19.720s] -- Symlinking: /home/ria4065/go2_ws/install/unitree_api/include/unitree_api/unitree_api/msg/detail/response__rosidl_typesupport_introspection_c.h
[19.755s] -- Symlinking: /home/ria4065/go2_ws/install/unitree_api/include/unitree_api/unitree_api/msg/detail/response_header__rosidl_typesupport_introspection_c.h
[19.774s] -- Symlinking: /home/ria4065/go2_ws/install/unitree_api/include/unitree_api/unitree_api/msg/detail/response_status__rosidl_typesupport_introspection_c.h
[19.821s] -- Symlinking: /home/ria4065/go2_ws/install/unitree_api/include/unitree_api/unitree_api/msg/rosidl_typesupport_introspection_c__visibility_control.h
[19.863s] -- Symlinking: /home/ria4065/go2_ws/install/unitree_api/include/unitree_api/unitree_api/msg/detail/request__rosidl_typesupport_introspection_cpp.hpp
[19.882s] -- Symlinking: /home/ria4065/go2_ws/install/unitree_api/include/unitree_api/unitree_api/msg/detail/request_header__rosidl_typesupport_introspection_cpp.hpp
[19.916s] -- Symlinking: /home/ria4065/go2_ws/install/unitree_api/include/unitree_api/unitree_api/msg/detail/request_identity__rosidl_typesupport_introspection_cpp.hpp
[19.947s] -- Symlinking: /home/ria4065/go2_ws/install/unitree_api/include/unitree_api/unitree_api/msg/detail/request_lease__rosidl_typesupport_introspection_cpp.hpp
[19.969s] -- Symlinking: /home/ria4065/go2_ws/install/unitree_api/include/unitree_api/unitree_api/msg/detail/request_policy__rosidl_typesupport_introspection_cpp.hpp
[19.993s] -- Symlinking: /home/ria4065/go2_ws/install/unitree_api/include/unitree_api/unitree_api/msg/detail/response__rosidl_typesupport_introspection_cpp.hpp
[20.016s] -- Symlinking: /home/ria4065/go2_ws/install/unitree_api/include/unitree_api/unitree_api/msg/detail/response_header__rosidl_typesupport_introspection_cpp.hpp
[20.075s] -- Symlinking: /home/ria4065/go2_ws/install/unitree_api/include/unitree_api/unitree_api/msg/detail/response_status__rosidl_typesupport_introspection_cpp.hpp
[20.153s] -- Symlinking: /home/ria4065/go2_ws/install/unitree_api/share/unitree_api/environment/pythonpath.sh
[20.196s] -- Symlinking: /home/ria4065/go2_ws/install/unitree_api/share/unitree_api/environment/pythonpath.dsv
[20.231s] -- Symlinking: /home/ria4065/go2_ws/install/unitree_api/local/lib/python3.10/dist-packages/unitree_api-0.0.0-py3.10.egg-info/PKG-INFO
[20.264s] -- Symlinking: /home/ria4065/go2_ws/install/unitree_api/local/lib/python3.10/dist-packages/unitree_api-0.0.0-py3.10.egg-info/SOURCES.txt
[20.297s] -- Symlinking: /home/ria4065/go2_ws/install/unitree_api/local/lib/python3.10/dist-packages/unitree_api-0.0.0-py3.10.egg-info/dependency_links.txt
[20.315s] -- Symlinking: /home/ria4065/go2_ws/install/unitree_api/local/lib/python3.10/dist-packages/unitree_api-0.0.0-py3.10.egg-info/top_level.txt
[20.353s] -- Symlinking: /home/ria4065/go2_ws/install/unitree_api/local/lib/python3.10/dist-packages/unitree_api/__init__.py
[20.394s] -- Symlinking: /home/ria4065/go2_ws/install/unitree_api/local/lib/python3.10/dist-packages/unitree_api/_unitree_api_s.ep.rosidl_typesupport_c.c
[20.432s] -- Symlinking: /home/ria4065/go2_ws/install/unitree_api/local/lib/python3.10/dist-packages/unitree_api/_unitree_api_s.ep.rosidl_typesupport_fastrtps_c.c
[20.470s] -- Symlinking: /home/ria4065/go2_ws/install/unitree_api/local/lib/python3.10/dist-packages/unitree_api/_unitree_api_s.ep.rosidl_typesupport_introspection_c.c
[20.529s] -- Symlinking: /home/ria4065/go2_ws/install/unitree_api/local/lib/python3.10/dist-packages/unitree_api/libunitree_api__rosidl_generator_py.so
[20.604s] -- Symlinking: /home/ria4065/go2_ws/install/unitree_api/local/lib/python3.10/dist-packages/unitree_api/msg/__init__.py
[20.650s] -- Symlinking: /home/ria4065/go2_ws/install/unitree_api/local/lib/python3.10/dist-packages/unitree_api/msg/_request.py
[20.714s] -- Symlinking: /home/ria4065/go2_ws/install/unitree_api/local/lib/python3.10/dist-packages/unitree_api/msg/_request_header.py
[20.790s] -- Symlinking: /home/ria4065/go2_ws/install/unitree_api/local/lib/python3.10/dist-packages/unitree_api/msg/_request_header_s.c
[20.853s] -- Symlinking: /home/ria4065/go2_ws/install/unitree_api/local/lib/python3.10/dist-packages/unitree_api/msg/_request_identity.py
[20.907s] -- Symlinking: /home/ria4065/go2_ws/install/unitree_api/local/lib/python3.10/dist-packages/unitree_api/msg/_request_identity_s.c
[20.971s] -- Symlinking: /home/ria4065/go2_ws/install/unitree_api/local/lib/python3.10/dist-packages/unitree_api/msg/_request_lease.py
[21.031s] -- Symlinking: /home/ria4065/go2_ws/install/unitree_api/local/lib/python3.10/dist-packages/unitree_api/msg/_request_lease_s.c
[21.091s] -- Symlinking: /home/ria4065/go2_ws/install/unitree_api/local/lib/python3.10/dist-packages/unitree_api/msg/_request_policy.py
[21.157s] -- Symlinking: /home/ria4065/go2_ws/install/unitree_api/local/lib/python3.10/dist-packages/unitree_api/msg/_request_policy_s.c
[21.197s] -- Symlinking: /home/ria4065/go2_ws/install/unitree_api/local/lib/python3.10/dist-packages/unitree_api/msg/_request_s.c
[21.250s] -- Symlinking: /home/ria4065/go2_ws/install/unitree_api/local/lib/python3.10/dist-packages/unitree_api/msg/_response.py
[21.296s] -- Symlinking: /home/ria4065/go2_ws/install/unitree_api/local/lib/python3.10/dist-packages/unitree_api/msg/_response_header.py
[21.357s] -- Symlinking: /home/ria4065/go2_ws/install/unitree_api/local/lib/python3.10/dist-packages/unitree_api/msg/_response_header_s.c
[21.402s] -- Symlinking: /home/ria4065/go2_ws/install/unitree_api/local/lib/python3.10/dist-packages/unitree_api/msg/_response_s.c
[21.447s] -- Symlinking: /home/ria4065/go2_ws/install/unitree_api/local/lib/python3.10/dist-packages/unitree_api/msg/_response_status.py
[21.481s] -- Symlinking: /home/ria4065/go2_ws/install/unitree_api/local/lib/python3.10/dist-packages/unitree_api/msg/_response_status_s.c
[21.513s] -- Symlinking: /home/ria4065/go2_ws/install/unitree_api/local/lib/python3.10/dist-packages/unitree_api/unitree_api_s__rosidl_typesupport_c.cpython-310-aarch64-linux-gnu.so
[21.548s] -- Symlinking: /home/ria4065/go2_ws/install/unitree_api/local/lib/python3.10/dist-packages/unitree_api/unitree_api_s__rosidl_typesupport_fastrtps_c.cpython-310-aarch64-linux-gnu.so
[21.586s] -- Symlinking: /home/ria4065/go2_ws/install/unitree_api/local/lib/python3.10/dist-packages/unitree_api/unitree_api_s__rosidl_typesupport_introspection_c.cpython-310-aarch64-linux-gnu.so
[21.611s] -- Up-to-date symlink: /home/ria4065/go2_ws/install/unitree_api/local/lib/python3.10/dist-packages/unitree_api/unitree_api_s__rosidl_typesupport_fastrtps_c.cpython-310-aarch64-linux-gnu.so
[21.611s] -- Up-to-date symlink: /home/ria4065/go2_ws/install/unitree_api/local/lib/python3.10/dist-packages/unitree_api/unitree_api_s__rosidl_typesupport_introspection_c.cpython-310-aarch64-linux-gnu.so
[21.611s] -- Up-to-date symlink: /home/ria4065/go2_ws/install/unitree_api/local/lib/python3.10/dist-packages/unitree_api/unitree_api_s__rosidl_typesupport_c.cpython-310-aarch64-linux-gnu.so
[21.612s] -- Symlinking: /home/ria4065/go2_ws/install/unitree_api/share/ament_index/resource_index/rust_packages/unitree_api
[21.660s] -- Symlinking: /home/ria4065/go2_ws/install/unitree_api/share/unitree_api/rust/Cargo.toml
[21.723s] -- Symlinking: /home/ria4065/go2_ws/install/unitree_api/share/unitree_api/rust/build.rs
[21.757s] -- Symlinking: /home/ria4065/go2_ws/install/unitree_api/share/unitree_api/rust/src/lib.rs
[21.813s] -- Symlinking: /home/ria4065/go2_ws/install/unitree_api/share/unitree_api/rust/src/msg.rs
[21.871s] -- Symlinking: /home/ria4065/go2_ws/install/unitree_api/share/unitree_api/rust/src/msg/rmw.rs
[21.917s] -- Symlinking: /home/ria4065/go2_ws/install/unitree_api/share/unitree_api/msg/Request.idl
[21.977s] -- Symlinking: /home/ria4065/go2_ws/install/unitree_api/share/unitree_api/msg/RequestHeader.idl
[22.027s] -- Symlinking: /home/ria4065/go2_ws/install/unitree_api/share/unitree_api/msg/RequestIdentity.idl
[22.065s] -- Symlinking: /home/ria4065/go2_ws/install/unitree_api/share/unitree_api/msg/RequestLease.idl
[22.098s] -- Symlinking: /home/ria4065/go2_ws/install/unitree_api/share/unitree_api/msg/RequestPolicy.idl
[22.142s] -- Symlinking: /home/ria4065/go2_ws/install/unitree_api/share/unitree_api/msg/Response.idl
[22.192s] -- Symlinking: /home/ria4065/go2_ws/install/unitree_api/share/unitree_api/msg/ResponseHeader.idl
[22.240s] -- Symlinking: /home/ria4065/go2_ws/install/unitree_api/share/unitree_api/msg/ResponseStatus.idl
[22.285s] -- Symlinking: /home/ria4065/go2_ws/install/unitree_api/share/unitree_api/msg/Request.msg
[22.330s] -- Symlinking: /home/ria4065/go2_ws/install/unitree_api/share/unitree_api/msg/RequestHeader.msg
[22.374s] -- Symlinking: /home/ria4065/go2_ws/install/unitree_api/share/unitree_api/msg/RequestIdentity.msg
[22.395s] -- Symlinking: /home/ria4065/go2_ws/install/unitree_api/share/unitree_api/msg/RequestLease.msg
[22.427s] -- Symlinking: /home/ria4065/go2_ws/install/unitree_api/share/unitree_api/msg/RequestPolicy.msg
[22.455s] -- Symlinking: /home/ria4065/go2_ws/install/unitree_api/share/unitree_api/msg/Response.msg
[22.477s] -- Symlinking: /home/ria4065/go2_ws/install/unitree_api/share/unitree_api/msg/ResponseHeader.msg
[22.511s] -- Symlinking: /home/ria4065/go2_ws/install/unitree_api/share/unitree_api/msg/ResponseStatus.msg
[22.545s] -- Symlinking: /home/ria4065/go2_ws/install/unitree_api/share/unitree_api/msg/dds_connext/RequestHeader_.idl
[22.567s] -- Symlinking: /home/ria4065/go2_ws/install/unitree_api/share/unitree_api/msg/dds_connext/RequestIdentity_.idl
[22.604s] -- Symlinking: /home/ria4065/go2_ws/install/unitree_api/share/unitree_api/msg/dds_connext/RequestLease_.idl
[22.639s] -- Symlinking: /home/ria4065/go2_ws/install/unitree_api/share/unitree_api/msg/dds_connext/RequestPolicy_.idl
[22.698s] -- Symlinking: /home/ria4065/go2_ws/install/unitree_api/share/unitree_api/msg/dds_connext/Request_.idl
[22.737s] -- Symlinking: /home/ria4065/go2_ws/install/unitree_api/share/unitree_api/msg/dds_connext/ResponseHeader_.idl
[22.790s] -- Symlinking: /home/ria4065/go2_ws/install/unitree_api/share/unitree_api/msg/dds_connext/ResponseStatus_.idl
[22.837s] -- Symlinking: /home/ria4065/go2_ws/install/unitree_api/share/unitree_api/msg/dds_connext/Response_.idl
[22.895s] -- Symlinking: /home/ria4065/go2_ws/install/unitree_api/share/ament_index/resource_index/package_run_dependencies/unitree_api
[22.945s] -- Symlinking: /home/ria4065/go2_ws/install/unitree_api/share/ament_index/resource_index/parent_prefix_path/unitree_api
[23.000s] -- Symlinking: /home/ria4065/go2_ws/install/unitree_api/share/unitree_api/environment/ament_prefix_path.sh
[23.052s] -- Symlinking: /home/ria4065/go2_ws/install/unitree_api/share/unitree_api/environment/ament_prefix_path.dsv
[23.092s] -- Symlinking: /home/ria4065/go2_ws/install/unitree_api/share/unitree_api/environment/path.sh
[23.142s] -- Symlinking: /home/ria4065/go2_ws/install/unitree_api/share/unitree_api/environment/path.dsv
[23.196s] -- Symlinking: /home/ria4065/go2_ws/install/unitree_api/share/unitree_api/local_setup.bash
[23.238s] -- Symlinking: /home/ria4065/go2_ws/install/unitree_api/share/unitree_api/local_setup.sh
[23.302s] -- Symlinking: /home/ria4065/go2_ws/install/unitree_api/share/unitree_api/local_setup.zsh
[23.370s] -- Symlinking: /home/ria4065/go2_ws/install/unitree_api/share/unitree_api/local_setup.dsv
[23.397s] -- Symlinking: /home/ria4065/go2_ws/install/unitree_api/share/unitree_api/package.dsv
[23.439s] -- Symlinking: /home/ria4065/go2_ws/install/unitree_api/share/ament_index/resource_index/packages/unitree_api
[23.479s] -- Symlinking: /home/ria4065/go2_ws/install/unitree_api/share/unitree_api/cmake/rosidl_cmake-extras.cmake
[23.523s] -- Symlinking: /home/ria4065/go2_ws/install/unitree_api/share/unitree_api/cmake/ament_cmake_export_dependencies-extras.cmake
[23.601s] -- Symlinking: /home/ria4065/go2_ws/install/unitree_api/share/unitree_api/cmake/ament_cmake_export_include_directories-extras.cmake
[23.641s] -- Symlinking: /home/ria4065/go2_ws/install/unitree_api/share/unitree_api/cmake/ament_cmake_export_libraries-extras.cmake
[23.679s] -- Symlinking: /home/ria4065/go2_ws/install/unitree_api/share/unitree_api/cmake/ament_cmake_export_targets-extras.cmake
[23.716s] -- Symlinking: /home/ria4065/go2_ws/install/unitree_api/share/unitree_api/cmake/rosidl_cmake_export_typesupport_targets-extras.cmake
[23.745s] -- Symlinking: /home/ria4065/go2_ws/install/unitree_api/share/unitree_api/cmake/rosidl_cmake_export_typesupport_libraries-extras.cmake
[23.784s] -- Symlinking: /home/ria4065/go2_ws/install/unitree_api/share/unitree_api/cmake/unitree_apiConfig.cmake
[23.804s] -- Symlinking: /home/ria4065/go2_ws/install/unitree_api/share/unitree_api/cmake/unitree_apiConfig-version.cmake
[23.824s] -- Symlinking: /home/ria4065/go2_ws/install/unitree_api/share/unitree_api/package.xml
[23.884s] -- Installing: /home/ria4065/go2_ws/install/unitree_api/lib/libunitree_api__rosidl_generator_c.so
[23.884s] -- Set runtime path of "/home/ria4065/go2_ws/install/unitree_api/lib/libunitree_api__rosidl_generator_c.so" to ""
[23.885s] -- Installing: /home/ria4065/go2_ws/install/unitree_api/lib/libunitree_api__rosidl_typesupport_fastrtps_c.so
[23.885s] -- Set runtime path of "/home/ria4065/go2_ws/install/unitree_api/lib/libunitree_api__rosidl_typesupport_fastrtps_c.so" to ""
[23.885s] -- Installing: /home/ria4065/go2_ws/install/unitree_api/lib/libunitree_api__rosidl_typesupport_fastrtps_cpp.so
[23.886s] -- Set runtime path of "/home/ria4065/go2_ws/install/unitree_api/lib/libunitree_api__rosidl_typesupport_fastrtps_cpp.so" to ""
[23.886s] -- Installing: /home/ria4065/go2_ws/install/unitree_api/lib/libunitree_api__rosidl_typesupport_introspection_c.so
[23.887s] -- Set runtime path of "/home/ria4065/go2_ws/install/unitree_api/lib/libunitree_api__rosidl_typesupport_introspection_c.so" to ""
[23.887s] -- Installing: /home/ria4065/go2_ws/install/unitree_api/lib/libunitree_api__rosidl_typesupport_c.so
[23.888s] -- Set runtime path of "/home/ria4065/go2_ws/install/unitree_api/lib/libunitree_api__rosidl_typesupport_c.so" to ""
[23.888s] -- Installing: /home/ria4065/go2_ws/install/unitree_api/lib/libunitree_api__rosidl_typesupport_introspection_cpp.so
[23.889s] -- Set runtime path of "/home/ria4065/go2_ws/install/unitree_api/lib/libunitree_api__rosidl_typesupport_introspection_cpp.so" to ""
[23.889s] -- Installing: /home/ria4065/go2_ws/install/unitree_api/lib/libunitree_api__rosidl_typesupport_cpp.so
[23.889s] -- Set runtime path of "/home/ria4065/go2_ws/install/unitree_api/lib/libunitree_api__rosidl_typesupport_cpp.so" to ""
[24.068s] Listing '/home/ria4065/go2_ws/install/unitree_api/local/lib/python3.10/dist-packages/unitree_api'...
[24.068s] Compiling '/home/ria4065/go2_ws/install/unitree_api/local/lib/python3.10/dist-packages/unitree_api/__init__.py'...
[24.068s] Listing '/home/ria4065/go2_ws/install/unitree_api/local/lib/python3.10/dist-packages/unitree_api/msg'...
[24.068s] Compiling '/home/ria4065/go2_ws/install/unitree_api/local/lib/python3.10/dist-packages/unitree_api/msg/__init__.py'...
[24.068s] Compiling '/home/ria4065/go2_ws/install/unitree_api/local/lib/python3.10/dist-packages/unitree_api/msg/_request.py'...
[24.068s] Compiling '/home/ria4065/go2_ws/install/unitree_api/local/lib/python3.10/dist-packages/unitree_api/msg/_request_header.py'...
[24.068s] Compiling '/home/ria4065/go2_ws/install/unitree_api/local/lib/python3.10/dist-packages/unitree_api/msg/_request_identity.py'...
[24.069s] Compiling '/home/ria4065/go2_ws/install/unitree_api/local/lib/python3.10/dist-packages/unitree_api/msg/_request_lease.py'...
[24.069s] Compiling '/home/ria4065/go2_ws/install/unitree_api/local/lib/python3.10/dist-packages/unitree_api/msg/_request_policy.py'...
[24.069s] Compiling '/home/ria4065/go2_ws/install/unitree_api/local/lib/python3.10/dist-packages/unitree_api/msg/_response.py'...
[24.069s] Compiling '/home/ria4065/go2_ws/install/unitree_api/local/lib/python3.10/dist-packages/unitree_api/msg/_response_header.py'...
[24.069s] Compiling '/home/ria4065/go2_ws/install/unitree_api/local/lib/python3.10/dist-packages/unitree_api/msg/_response_status.py'...
[24.085s] -- Installing: /home/ria4065/go2_ws/install/unitree_api/lib/libunitree_api__rosidl_generator_py.so
[24.086s] -- Set runtime path of "/home/ria4065/go2_ws/install/unitree_api/lib/libunitree_api__rosidl_generator_py.so" to ""
[24.086s] -- Installing: /home/ria4065/go2_ws/install/unitree_api/share/unitree_api/cmake/export_unitree_api__rosidl_generator_cExport.cmake
[24.086s] -- Installing: /home/ria4065/go2_ws/install/unitree_api/share/unitree_api/cmake/export_unitree_api__rosidl_generator_cExport-noconfig.cmake
[24.087s] -- Installing: /home/ria4065/go2_ws/install/unitree_api/share/unitree_api/cmake/export_unitree_api__rosidl_typesupport_fastrtps_cExport.cmake
[24.087s] -- Installing: /home/ria4065/go2_ws/install/unitree_api/share/unitree_api/cmake/export_unitree_api__rosidl_typesupport_fastrtps_cExport-noconfig.cmake
[24.087s] -- Installing: /home/ria4065/go2_ws/install/unitree_api/share/unitree_api/cmake/export_unitree_api__rosidl_generator_cppExport.cmake
[24.088s] -- Installing: /home/ria4065/go2_ws/install/unitree_api/share/unitree_api/cmake/export_unitree_api__rosidl_typesupport_fastrtps_cppExport.cmake
[24.088s] -- Installing: /home/ria4065/go2_ws/install/unitree_api/share/unitree_api/cmake/export_unitree_api__rosidl_typesupport_fastrtps_cppExport-noconfig.cmake
[24.088s] -- Installing: /home/ria4065/go2_ws/install/unitree_api/share/unitree_api/cmake/unitree_api__rosidl_typesupport_introspection_cExport.cmake
[24.089s] -- Installing: /home/ria4065/go2_ws/install/unitree_api/share/unitree_api/cmake/unitree_api__rosidl_typesupport_introspection_cExport-noconfig.cmake
[24.089s] -- Installing: /home/ria4065/go2_ws/install/unitree_api/share/unitree_api/cmake/unitree_api__rosidl_typesupport_cExport.cmake
[24.089s] -- Installing: /home/ria4065/go2_ws/install/unitree_api/share/unitree_api/cmake/unitree_api__rosidl_typesupport_cExport-noconfig.cmake
[24.090s] -- Installing: /home/ria4065/go2_ws/install/unitree_api/share/unitree_api/cmake/unitree_api__rosidl_typesupport_introspection_cppExport.cmake
[24.090s] -- Installing: /home/ria4065/go2_ws/install/unitree_api/share/unitree_api/cmake/unitree_api__rosidl_typesupport_introspection_cppExport-noconfig.cmake
[24.090s] -- Installing: /home/ria4065/go2_ws/install/unitree_api/share/unitree_api/cmake/unitree_api__rosidl_typesupport_cppExport.cmake
[24.091s] -- Installing: /home/ria4065/go2_ws/install/unitree_api/share/unitree_api/cmake/unitree_api__rosidl_typesupport_cppExport-noconfig.cmake
[24.091s] -- Installing: /home/ria4065/go2_ws/install/unitree_api/share/unitree_api/cmake/export_unitree_api__rosidl_generator_pyExport.cmake
[24.091s] -- Installing: /home/ria4065/go2_ws/install/unitree_api/share/unitree_api/cmake/export_unitree_api__rosidl_generator_pyExport-noconfig.cmake
[24.099s] Invoked command in '/home/ria4065/go2_ws/build/unitree_api' returned '0': CMAKE_PREFIX_PATH=/opt/ros/humble NX_CONNECTION=192.168.50.197 33074 192.168.50.121 4000 /usr/bin/cmake --install /home/ria4065/go2_ws/build/unitree_api
