[0.034s] Invoking command in '/home/ria4065/go2_ws/build/unitree_go': CMAKE_PREFIX_PATH=/opt/ros/humble NX_CONNECTION=192.168.50.197 33074 192.168.50.121 4000 /usr/bin/cmake /home/ria4065/go2_ws/src/unitree_ros2/cyclonedds_ws/src/unitree/unitree_go -DAMENT_CMAKE_SYMLINK_INSTALL=1 -DCMAKE_INSTALL_PREFIX=/home/ria4065/go2_ws/install/unitree_go
[0.059s] -- Found ament_cmake: 1.3.14 (/opt/ros/humble/share/ament_cmake/cmake)
[0.389s] -- Override CMake install command with custom implementation using symlinks instead of copying resources
[0.408s] -- Found geometry_msgs: 4.9.1 (/opt/ros/humble/share/geometry_msgs/cmake)
[0.462s] -- Found rosidl_generator_c: 3.1.8 (/opt/ros/humble/share/rosidl_generator_c/cmake)
[0.467s] -- Found rosidl_adapter: 3.1.8 (/opt/ros/humble/share/rosidl_adapter/cmake)
[0.480s] -- Found rosidl_generator_cpp: 3.1.8 (/opt/ros/humble/share/rosidl_generator_cpp/cmake)
[0.499s] -- Using all available rosidl_typesupport_c: rosidl_typesupport_fastrtps_c;rosidl_typesupport_introspection_c
[0.524s] -- Using all available rosidl_typesupport_cpp: rosidl_typesupport_fastrtps_cpp;rosidl_typesupport_introspection_cpp
[0.591s] -- Found rosidl_default_generators: 1.2.1 (/opt/ros/humble/share/rosidl_default_generators/cmake)
[0.636s] [31mCMake Error at CMakeLists.txt:26 (find_package):
[0.636s]   By not providing "Findrosidl_generator_dds_idl.cmake" in CMAKE_MODULE_PATH
[0.636s]   this project has asked CMake to find a package configuration file provided
[0.637s]   by "rosidl_generator_dds_idl", but CMake did not find one.
[0.637s] 
[0.637s]   Could not find a package configuration file provided by
[0.637s]   "rosidl_generator_dds_idl" with any of the following names:
[0.637s] 
[0.637s]     rosidl_generator_dds_idlConfig.cmake
[0.637s]     rosidl_generator_dds_idl-config.cmake
[0.637s] 
[0.639s] -- Configuring incomplete, errors occurred!
[0.640s] See also "/home/ria4065/go2_ws/build/unitree_go/CMakeFiles/CMakeOutput.log".
[0.641s]   Add the installation prefix of "rosidl_generator_dds_idl" to
[0.641s]   CMAKE_PREFIX_PATH or set "rosidl_generator_dds_idl_DIR" to a directory
[0.642s]   containing one of the above files.  If "rosidl_generator_dds_idl" provides
[0.643s]   a separate development package or SDK, be sure it has been installed.
[0.643s] 
[0.643s] [0m
[0.661s] Invoked command in '/home/ria4065/go2_ws/build/unitree_go' returned '1': CMAKE_PREFIX_PATH=/opt/ros/humble NX_CONNECTION=192.168.50.197 33074 192.168.50.121 4000 /usr/bin/cmake /home/ria4065/go2_ws/src/unitree_ros2/cyclonedds_ws/src/unitree/unitree_go -DAMENT_CMAKE_SYMLINK_INSTALL=1 -DCMAKE_INSTALL_PREFIX=/home/ria4065/go2_ws/install/unitree_go
