[0.016s] Invoking command in '/home/ria4065/go2_ws/build/ouster_sensor_msgs': CMAKE_PREFIX_PATH=${CMAKE_PREFIX_PATH}:/opt/ros/humble /usr/bin/cmake /home/ria4065/go2_ws/src/ouster-ros/ouster-sensor-msgs -DAMENT_CMAKE_SYMLINK_INSTALL=1 -DCMAKE_INSTALL_PREFIX=/home/ria4065/go2_ws/install/ouster_sensor_msgs
[0.180s] -- The C compiler identification is GNU 11.4.0
[0.381s] -- The CXX compiler identification is GNU 11.4.0
[0.406s] -- Detecting C compiler ABI info
[0.545s] -- Detecting C compiler ABI info - done
[0.564s] -- Check for working C compiler: /usr/bin/cc - skipped
[0.566s] -- Detecting C compile features
[0.568s] -- Detecting C compile features - done
[0.576s] -- Detecting CXX compiler ABI info
[0.747s] -- Detecting CXX compiler ABI info - done
[0.773s] -- Check for working CXX compiler: /usr/bin/c++ - skipped
[0.774s] -- Detecting CXX compile features
[0.775s] -- Detecting CXX compile features - done
[0.795s] -- Found ament_cmake: 1.3.14 (/opt/ros/humble/share/ament_cmake/cmake)
[1.142s] -- Found Python3: /usr/bin/python3 (found version "3.10.12") found components: Interpreter 
[1.282s] -- Override CMake install command with custom implementation using symlinks instead of copying resources
[1.374s] -- Found std_msgs: 4.9.1 (/opt/ros/humble/share/std_msgs/cmake)
[1.462s] -- Found rosidl_generator_c: 3.1.8 (/opt/ros/humble/share/rosidl_generator_c/cmake)
[1.474s] -- Found rosidl_adapter: 3.1.8 (/opt/ros/humble/share/rosidl_adapter/cmake)
[1.495s] -- Found rosidl_generator_cpp: 3.1.8 (/opt/ros/humble/share/rosidl_generator_cpp/cmake)
[1.527s] -- Using all available rosidl_typesupport_c: rosidl_typesupport_fastrtps_c;rosidl_typesupport_introspection_c
[1.563s] -- Using all available rosidl_typesupport_cpp: rosidl_typesupport_fastrtps_cpp;rosidl_typesupport_introspection_cpp
[1.621s] -- Found rosidl_default_generators: 1.2.1 (/opt/ros/humble/share/rosidl_default_generators/cmake)
[2.246s] -- Found ament_cmake_ros: 0.10.0 (/opt/ros/humble/share/ament_cmake_ros/cmake)
[3.143s] -- Using all available rosidl_typesupport_c: rosidl_typesupport_fastrtps_c;rosidl_typesupport_introspection_c
[3.464s] -- Using all available rosidl_typesupport_cpp: rosidl_typesupport_fastrtps_cpp;rosidl_typesupport_introspection_cpp
[3.520s] -- Found PythonInterp: /usr/bin/python3 (found suitable version "3.10.12", minimum required is "3.6") 
[3.526s] -- Found python_cmake_module: 0.10.0 (/opt/ros/humble/share/python_cmake_module/cmake)
[3.597s] -- Found PythonLibs: /usr/lib/aarch64-linux-gnu/libpython3.10.so (found suitable version "3.10.12", minimum required is "3.5") 
[3.598s] -- Using PYTHON_EXECUTABLE: /usr/bin/python3
[3.598s] -- Using PYTHON_INCLUDE_DIRS: /usr/include/python3.10
[3.599s] -- Using PYTHON_LIBRARIES: /usr/lib/aarch64-linux-gnu/libpython3.10.so
[3.649s] -- Found PythonExtra: .so  
[4.014s] -- Configuring done
[4.092s] -- Generating done
[4.109s] -- Build files have been written to: /home/ria4065/go2_ws/build/ouster_sensor_msgs
[4.130s] Invoked command in '/home/ria4065/go2_ws/build/ouster_sensor_msgs' returned '0': CMAKE_PREFIX_PATH=${CMAKE_PREFIX_PATH}:/opt/ros/humble /usr/bin/cmake /home/ria4065/go2_ws/src/ouster-ros/ouster-sensor-msgs -DAMENT_CMAKE_SYMLINK_INSTALL=1 -DCMAKE_INSTALL_PREFIX=/home/ria4065/go2_ws/install/ouster_sensor_msgs
[4.134s] Invoking command in '/home/ria4065/go2_ws/build/ouster_sensor_msgs': CMAKE_PREFIX_PATH=${CMAKE_PREFIX_PATH}:/opt/ros/humble /usr/bin/cmake --build /home/ria4065/go2_ws/build/ouster_sensor_msgs -- -j12 -l12
[4.231s] [  1%] [34m[1mGenerating C code for ROS interfaces[0m
[4.252s] [  3%] [34m[1mGenerating Rust code for ROS interfaces[0m
[4.267s] [  4%] [34m[1mGenerating C++ code for ROS interfaces[0m
[4.270s] [  4%] Built target ament_cmake_python_symlink_ouster_sensor_msgs
[4.731s] running egg_info
[4.732s] creating ouster_sensor_msgs.egg-info
[4.732s] writing ouster_sensor_msgs.egg-info/PKG-INFO
[4.733s] writing dependency_links to ouster_sensor_msgs.egg-info/dependency_links.txt
[4.733s] writing top-level names to ouster_sensor_msgs.egg-info/top_level.txt
[4.733s] writing manifest file 'ouster_sensor_msgs.egg-info/SOURCES.txt'
[4.741s] reading manifest file 'ouster_sensor_msgs.egg-info/SOURCES.txt'
[4.741s] writing manifest file 'ouster_sensor_msgs.egg-info/SOURCES.txt'
[4.825s] [  4%] Built target ament_cmake_python_build_ouster_sensor_msgs_egg
[5.044s] [  4%] Built target ouster_sensor_msgs__rs
[5.433s] [  6%] [32mBuilding C object CMakeFiles/ouster_sensor_msgs__rosidl_generator_c.dir/rosidl_generator_c/ouster_sensor_msgs/srv/detail/get_config__functions.c.o[0m
[5.437s] [  7%] [32mBuilding C object CMakeFiles/ouster_sensor_msgs__rosidl_generator_c.dir/rosidl_generator_c/ouster_sensor_msgs/msg/detail/telemetry__functions.c.o[0m
[5.440s] [  9%] [32mBuilding C object CMakeFiles/ouster_sensor_msgs__rosidl_generator_c.dir/rosidl_generator_c/ouster_sensor_msgs/msg/detail/packet_msg__functions.c.o[0m
[5.441s] [ 10%] [32mBuilding C object CMakeFiles/ouster_sensor_msgs__rosidl_generator_c.dir/rosidl_generator_c/ouster_sensor_msgs/srv/detail/set_config__functions.c.o[0m
[5.442s] [ 12%] [32mBuilding C object CMakeFiles/ouster_sensor_msgs__rosidl_generator_c.dir/rosidl_generator_c/ouster_sensor_msgs/srv/detail/get_metadata__functions.c.o[0m
[5.456s] [ 12%] Built target ouster_sensor_msgs__cpp
[5.473s] [ 17%] [34m[1mGenerating C++ type support dispatch for ROS interfaces[0m
[5.474s] [ 17%] [34m[1mGenerating C++ type support for eProsima Fast-RTPS[0m
[5.474s] [ 17%] [34m[1mGenerating C++ introspection for ROS interfaces[0m
[5.565s] [ 18%] [32m[1mLinking C shared library libouster_sensor_msgs__rosidl_generator_c.so[0m
[5.638s] [ 18%] Built target ouster_sensor_msgs__rosidl_generator_c
[5.658s] [ 21%] [34m[1mGenerating C type support for eProsima Fast-RTPS[0m
[5.658s] [ 21%] [34m[1mGenerating C type support dispatch for ROS interfaces[0m
[5.658s] [ 23%] [34m[1mGenerating C introspection for ROS interfaces[0m
[6.361s] [ 28%] [32mBuilding CXX object CMakeFiles/ouster_sensor_msgs__rosidl_typesupport_cpp.dir/rosidl_typesupport_cpp/ouster_sensor_msgs/msg/packet_msg__type_support.cpp.o[0m
[6.362s] [ 29%] [32mBuilding CXX object CMakeFiles/ouster_sensor_msgs__rosidl_typesupport_cpp.dir/rosidl_typesupport_cpp/ouster_sensor_msgs/srv/set_config__type_support.cpp.o[0m
[6.362s] [ 28%] [32mBuilding CXX object CMakeFiles/ouster_sensor_msgs__rosidl_typesupport_cpp.dir/rosidl_typesupport_cpp/ouster_sensor_msgs/msg/telemetry__type_support.cpp.o[0m
[6.362s] [ 28%] [32mBuilding CXX object CMakeFiles/ouster_sensor_msgs__rosidl_typesupport_cpp.dir/rosidl_typesupport_cpp/ouster_sensor_msgs/srv/get_config__type_support.cpp.o[0m
[6.363s] [ 31%] [32mBuilding CXX object CMakeFiles/ouster_sensor_msgs__rosidl_typesupport_cpp.dir/rosidl_typesupport_cpp/ouster_sensor_msgs/srv/get_metadata__type_support.cpp.o[0m
[6.527s] [ 32%] [32mBuilding CXX object CMakeFiles/ouster_sensor_msgs__rosidl_typesupport_introspection_cpp.dir/rosidl_typesupport_introspection_cpp/ouster_sensor_msgs/msg/detail/packet_msg__type_support.cpp.o[0m
[6.537s] [ 34%] [32mBuilding CXX object CMakeFiles/ouster_sensor_msgs__rosidl_typesupport_introspection_cpp.dir/rosidl_typesupport_introspection_cpp/ouster_sensor_msgs/msg/detail/telemetry__type_support.cpp.o[0m
[6.570s] [ 35%] [32mBuilding CXX object CMakeFiles/ouster_sensor_msgs__rosidl_typesupport_introspection_cpp.dir/rosidl_typesupport_introspection_cpp/ouster_sensor_msgs/srv/detail/get_config__type_support.cpp.o[0m
[6.582s] [ 37%] [32mBuilding CXX object CMakeFiles/ouster_sensor_msgs__rosidl_typesupport_fastrtps_cpp.dir/rosidl_typesupport_fastrtps_cpp/ouster_sensor_msgs/msg/detail/dds_fastrtps/packet_msg__type_support.cpp.o[0m
[6.632s] [ 39%] [32mBuilding CXX object CMakeFiles/ouster_sensor_msgs__rosidl_typesupport_c.dir/rosidl_typesupport_c/ouster_sensor_msgs/msg/packet_msg__type_support.cpp.o[0m
[6.730s] [ 40%] [32mBuilding CXX object CMakeFiles/ouster_sensor_msgs__rosidl_typesupport_c.dir/rosidl_typesupport_c/ouster_sensor_msgs/msg/telemetry__type_support.cpp.o[0m
[6.827s] [ 42%] [32mBuilding CXX object CMakeFiles/ouster_sensor_msgs__rosidl_typesupport_c.dir/rosidl_typesupport_c/ouster_sensor_msgs/srv/get_config__type_support.cpp.o[0m
[6.942s] [ 43%] [32mBuilding CXX object CMakeFiles/ouster_sensor_msgs__rosidl_typesupport_c.dir/rosidl_typesupport_c/ouster_sensor_msgs/srv/set_config__type_support.cpp.o[0m
[6.947s] [ 45%] [32mBuilding CXX object CMakeFiles/ouster_sensor_msgs__rosidl_typesupport_introspection_cpp.dir/rosidl_typesupport_introspection_cpp/ouster_sensor_msgs/srv/detail/set_config__type_support.cpp.o[0m
[6.986s] [ 46%] [32mBuilding CXX object CMakeFiles/ouster_sensor_msgs__rosidl_typesupport_introspection_cpp.dir/rosidl_typesupport_introspection_cpp/ouster_sensor_msgs/srv/detail/get_metadata__type_support.cpp.o[0m
[6.999s] [ 48%] [32mBuilding CXX object CMakeFiles/ouster_sensor_msgs__rosidl_typesupport_fastrtps_cpp.dir/rosidl_typesupport_fastrtps_cpp/ouster_sensor_msgs/msg/detail/dds_fastrtps/telemetry__type_support.cpp.o[0m
[7.005s] [ 50%] [32mBuilding CXX object CMakeFiles/ouster_sensor_msgs__rosidl_typesupport_fastrtps_cpp.dir/rosidl_typesupport_fastrtps_cpp/ouster_sensor_msgs/srv/detail/dds_fastrtps/get_config__type_support.cpp.o[0m
[7.011s] [ 51%] [32mBuilding C object CMakeFiles/ouster_sensor_msgs__rosidl_typesupport_introspection_c.dir/rosidl_typesupport_introspection_c/ouster_sensor_msgs/msg/detail/packet_msg__type_support.c.o[0m
[7.014s] [ 53%] [32mBuilding CXX object CMakeFiles/ouster_sensor_msgs__rosidl_typesupport_fastrtps_c.dir/rosidl_typesupport_fastrtps_c/ouster_sensor_msgs/msg/detail/packet_msg__type_support_c.cpp.o[0m
[7.024s] [ 54%] [32mBuilding CXX object CMakeFiles/ouster_sensor_msgs__rosidl_typesupport_c.dir/rosidl_typesupport_c/ouster_sensor_msgs/srv/get_metadata__type_support.cpp.o[0m
[7.032s] [ 56%] [32m[1mLinking CXX shared library libouster_sensor_msgs__rosidl_typesupport_cpp.so[0m
[7.110s] [ 57%] [32m[1mLinking CXX shared library libouster_sensor_msgs__rosidl_typesupport_c.so[0m
[7.151s] [ 59%] [32mBuilding C object CMakeFiles/ouster_sensor_msgs__rosidl_typesupport_introspection_c.dir/rosidl_typesupport_introspection_c/ouster_sensor_msgs/msg/detail/telemetry__type_support.c.o[0m
[7.221s] [ 59%] Built target ouster_sensor_msgs__rosidl_typesupport_cpp
[7.232s] [ 59%] Built target ouster_sensor_msgs__rosidl_typesupport_c
[7.244s] [ 60%] [32mBuilding CXX object CMakeFiles/ouster_sensor_msgs__rosidl_typesupport_fastrtps_c.dir/rosidl_typesupport_fastrtps_c/ouster_sensor_msgs/msg/detail/telemetry__type_support_c.cpp.o[0m
[7.263s] [ 62%] [32mBuilding CXX object CMakeFiles/ouster_sensor_msgs__rosidl_typesupport_fastrtps_cpp.dir/rosidl_typesupport_fastrtps_cpp/ouster_sensor_msgs/srv/detail/dds_fastrtps/set_config__type_support.cpp.o[0m
[7.364s] [ 64%] [32mBuilding C object CMakeFiles/ouster_sensor_msgs__rosidl_typesupport_introspection_c.dir/rosidl_typesupport_introspection_c/ouster_sensor_msgs/srv/detail/get_config__type_support.c.o[0m
[7.401s] [ 65%] [32mBuilding C object CMakeFiles/ouster_sensor_msgs__rosidl_typesupport_introspection_c.dir/rosidl_typesupport_introspection_c/ouster_sensor_msgs/srv/detail/get_metadata__type_support.c.o[0m
[7.417s] [ 67%] [32mBuilding C object CMakeFiles/ouster_sensor_msgs__rosidl_typesupport_introspection_c.dir/rosidl_typesupport_introspection_c/ouster_sensor_msgs/srv/detail/set_config__type_support.c.o[0m
[7.466s] [ 68%] [32mBuilding CXX object CMakeFiles/ouster_sensor_msgs__rosidl_typesupport_fastrtps_cpp.dir/rosidl_typesupport_fastrtps_cpp/ouster_sensor_msgs/srv/detail/dds_fastrtps/get_metadata__type_support.cpp.o[0m
[7.498s] [ 70%] [32mBuilding CXX object CMakeFiles/ouster_sensor_msgs__rosidl_typesupport_fastrtps_c.dir/rosidl_typesupport_fastrtps_c/ouster_sensor_msgs/srv/detail/get_config__type_support_c.cpp.o[0m
[7.537s] [ 71%] [32mBuilding CXX object CMakeFiles/ouster_sensor_msgs__rosidl_typesupport_fastrtps_c.dir/rosidl_typesupport_fastrtps_c/ouster_sensor_msgs/srv/detail/set_config__type_support_c.cpp.o[0m
[7.561s] [ 73%] [32m[1mLinking C shared library libouster_sensor_msgs__rosidl_typesupport_introspection_c.so[0m
[7.576s] [ 75%] [32mBuilding CXX object CMakeFiles/ouster_sensor_msgs__rosidl_typesupport_fastrtps_c.dir/rosidl_typesupport_fastrtps_c/ouster_sensor_msgs/srv/detail/get_metadata__type_support_c.cpp.o[0m
[7.752s] [ 75%] Built target ouster_sensor_msgs__rosidl_typesupport_introspection_c
[7.869s] [ 76%] [32m[1mLinking CXX shared library libouster_sensor_msgs__rosidl_typesupport_introspection_cpp.so[0m
[8.066s] [ 76%] Built target ouster_sensor_msgs__rosidl_typesupport_introspection_cpp
[8.275s] [ 78%] [32m[1mLinking CXX shared library libouster_sensor_msgs__rosidl_typesupport_fastrtps_cpp.so[0m
[8.343s] [ 79%] [32m[1mLinking CXX shared library libouster_sensor_msgs__rosidl_typesupport_fastrtps_c.so[0m
[8.427s] [ 79%] Built target ouster_sensor_msgs__rosidl_typesupport_fastrtps_cpp
[8.516s] [ 79%] Built target ouster_sensor_msgs__rosidl_typesupport_fastrtps_c
[8.558s] [ 79%] Built target ouster_sensor_msgs
[8.602s] [ 81%] [34m[1mGenerating Python code for ROS interfaces[0m
[10.479s] [ 81%] Built target ouster_sensor_msgs__py
[10.519s] [ 82%] [32mBuilding C object CMakeFiles/ouster_sensor_msgs__rosidl_generator_py.dir/rosidl_generator_py/ouster_sensor_msgs/msg/_telemetry_s.c.o[0m
[10.520s] [ 85%] [32mBuilding C object CMakeFiles/ouster_sensor_msgs__rosidl_generator_py.dir/rosidl_generator_py/ouster_sensor_msgs/msg/_packet_msg_s.c.o[0m
[10.520s] [ 85%] [32mBuilding C object CMakeFiles/ouster_sensor_msgs__rosidl_generator_py.dir/rosidl_generator_py/ouster_sensor_msgs/srv/_set_config_s.c.o[0m
[10.521s] [ 87%] [32mBuilding C object CMakeFiles/ouster_sensor_msgs__rosidl_generator_py.dir/rosidl_generator_py/ouster_sensor_msgs/srv/_get_config_s.c.o[0m
[10.523s] [ 89%] [32mBuilding C object CMakeFiles/ouster_sensor_msgs__rosidl_generator_py.dir/rosidl_generator_py/ouster_sensor_msgs/srv/_get_metadata_s.c.o[0m
[10.727s] [ 90%] [32m[1mLinking C shared library rosidl_generator_py/ouster_sensor_msgs/libouster_sensor_msgs__rosidl_generator_py.so[0m
[10.812s] [ 90%] Built target ouster_sensor_msgs__rosidl_generator_py
[10.849s] [ 93%] [32mBuilding C object CMakeFiles/ouster_sensor_msgs__rosidl_typesupport_c__pyext.dir/rosidl_generator_py/ouster_sensor_msgs/_ouster_sensor_msgs_s.ep.rosidl_typesupport_c.c.o[0m
[10.849s] [ 93%] [32mBuilding C object CMakeFiles/ouster_sensor_msgs__rosidl_typesupport_fastrtps_c__pyext.dir/rosidl_generator_py/ouster_sensor_msgs/_ouster_sensor_msgs_s.ep.rosidl_typesupport_fastrtps_c.c.o[0m
[10.849s] [ 95%] [32mBuilding C object CMakeFiles/ouster_sensor_msgs__rosidl_typesupport_introspection_c__pyext.dir/rosidl_generator_py/ouster_sensor_msgs/_ouster_sensor_msgs_s.ep.rosidl_typesupport_introspection_c.c.o[0m
[11.058s] [ 98%] [32m[1mLinking C shared library rosidl_generator_py/ouster_sensor_msgs/ouster_sensor_msgs_s__rosidl_typesupport_introspection_c.cpython-310-aarch64-linux-gnu.so[0m
[11.058s] [ 98%] [32m[1mLinking C shared library rosidl_generator_py/ouster_sensor_msgs/ouster_sensor_msgs_s__rosidl_typesupport_fastrtps_c.cpython-310-aarch64-linux-gnu.so[0m
[11.058s] [100%] [32m[1mLinking C shared library rosidl_generator_py/ouster_sensor_msgs/ouster_sensor_msgs_s__rosidl_typesupport_c.cpython-310-aarch64-linux-gnu.so[0m
[11.128s] [100%] Built target ouster_sensor_msgs__rosidl_typesupport_fastrtps_c__pyext
[11.128s] [100%] Built target ouster_sensor_msgs__rosidl_typesupport_introspection_c__pyext
[11.131s] [100%] Built target ouster_sensor_msgs__rosidl_typesupport_c__pyext
[11.161s] Invoked command in '/home/ria4065/go2_ws/build/ouster_sensor_msgs' returned '0': CMAKE_PREFIX_PATH=${CMAKE_PREFIX_PATH}:/opt/ros/humble /usr/bin/cmake --build /home/ria4065/go2_ws/build/ouster_sensor_msgs -- -j12 -l12
[11.191s] Invoking command in '/home/ria4065/go2_ws/build/ouster_sensor_msgs': CMAKE_PREFIX_PATH=${CMAKE_PREFIX_PATH}:/opt/ros/humble /usr/bin/cmake --install /home/ria4065/go2_ws/build/ouster_sensor_msgs
[11.207s] -- Install configuration: ""
[11.208s] -- Execute custom install script
[11.208s] -- Symlinking: /home/ria4065/go2_ws/install/ouster_sensor_msgs/share/ament_index/resource_index/rosidl_interfaces/ouster_sensor_msgs
[11.230s] -- Symlinking: /home/ria4065/go2_ws/install/ouster_sensor_msgs/include/ouster_sensor_msgs/ouster_sensor_msgs/msg/detail/packet_msg__functions.h
[11.248s] -- Symlinking: /home/ria4065/go2_ws/install/ouster_sensor_msgs/include/ouster_sensor_msgs/ouster_sensor_msgs/msg/detail/packet_msg__struct.h
[11.269s] -- Symlinking: /home/ria4065/go2_ws/install/ouster_sensor_msgs/include/ouster_sensor_msgs/ouster_sensor_msgs/msg/detail/packet_msg__type_support.h
[11.290s] -- Symlinking: /home/ria4065/go2_ws/install/ouster_sensor_msgs/include/ouster_sensor_msgs/ouster_sensor_msgs/msg/detail/telemetry__functions.h
[11.309s] -- Symlinking: /home/ria4065/go2_ws/install/ouster_sensor_msgs/include/ouster_sensor_msgs/ouster_sensor_msgs/msg/detail/telemetry__struct.h
[11.327s] -- Symlinking: /home/ria4065/go2_ws/install/ouster_sensor_msgs/include/ouster_sensor_msgs/ouster_sensor_msgs/msg/detail/telemetry__type_support.h
[11.346s] -- Symlinking: /home/ria4065/go2_ws/install/ouster_sensor_msgs/include/ouster_sensor_msgs/ouster_sensor_msgs/msg/packet_msg.h
[11.369s] -- Symlinking: /home/ria4065/go2_ws/install/ouster_sensor_msgs/include/ouster_sensor_msgs/ouster_sensor_msgs/msg/rosidl_generator_c__visibility_control.h
[11.388s] -- Symlinking: /home/ria4065/go2_ws/install/ouster_sensor_msgs/include/ouster_sensor_msgs/ouster_sensor_msgs/msg/telemetry.h
[11.407s] -- Symlinking: /home/ria4065/go2_ws/install/ouster_sensor_msgs/include/ouster_sensor_msgs/ouster_sensor_msgs/srv/detail/get_config__functions.h
[11.425s] -- Symlinking: /home/ria4065/go2_ws/install/ouster_sensor_msgs/include/ouster_sensor_msgs/ouster_sensor_msgs/srv/detail/get_config__struct.h
[11.444s] -- Symlinking: /home/ria4065/go2_ws/install/ouster_sensor_msgs/include/ouster_sensor_msgs/ouster_sensor_msgs/srv/detail/get_config__type_support.h
[11.490s] -- Symlinking: /home/ria4065/go2_ws/install/ouster_sensor_msgs/include/ouster_sensor_msgs/ouster_sensor_msgs/srv/detail/get_metadata__functions.h
[11.509s] -- Symlinking: /home/ria4065/go2_ws/install/ouster_sensor_msgs/include/ouster_sensor_msgs/ouster_sensor_msgs/srv/detail/get_metadata__struct.h
[11.528s] -- Symlinking: /home/ria4065/go2_ws/install/ouster_sensor_msgs/include/ouster_sensor_msgs/ouster_sensor_msgs/srv/detail/get_metadata__type_support.h
[11.547s] -- Symlinking: /home/ria4065/go2_ws/install/ouster_sensor_msgs/include/ouster_sensor_msgs/ouster_sensor_msgs/srv/detail/set_config__functions.h
[11.567s] -- Symlinking: /home/ria4065/go2_ws/install/ouster_sensor_msgs/include/ouster_sensor_msgs/ouster_sensor_msgs/srv/detail/set_config__struct.h
[11.586s] -- Symlinking: /home/ria4065/go2_ws/install/ouster_sensor_msgs/include/ouster_sensor_msgs/ouster_sensor_msgs/srv/detail/set_config__type_support.h
[11.604s] -- Symlinking: /home/ria4065/go2_ws/install/ouster_sensor_msgs/include/ouster_sensor_msgs/ouster_sensor_msgs/srv/get_config.h
[11.623s] -- Symlinking: /home/ria4065/go2_ws/install/ouster_sensor_msgs/include/ouster_sensor_msgs/ouster_sensor_msgs/srv/get_metadata.h
[11.642s] -- Symlinking: /home/ria4065/go2_ws/install/ouster_sensor_msgs/include/ouster_sensor_msgs/ouster_sensor_msgs/srv/set_config.h
[11.661s] -- Symlinking: /home/ria4065/go2_ws/install/ouster_sensor_msgs/share/ouster_sensor_msgs/environment/library_path.sh
[11.680s] -- Symlinking: /home/ria4065/go2_ws/install/ouster_sensor_msgs/share/ouster_sensor_msgs/environment/library_path.dsv
[11.700s] -- Symlinking: /home/ria4065/go2_ws/install/ouster_sensor_msgs/include/ouster_sensor_msgs/ouster_sensor_msgs/msg/detail/packet_msg__rosidl_typesupport_fastrtps_c.h
[11.720s] -- Symlinking: /home/ria4065/go2_ws/install/ouster_sensor_msgs/include/ouster_sensor_msgs/ouster_sensor_msgs/msg/detail/telemetry__rosidl_typesupport_fastrtps_c.h
[11.738s] -- Symlinking: /home/ria4065/go2_ws/install/ouster_sensor_msgs/include/ouster_sensor_msgs/ouster_sensor_msgs/msg/rosidl_typesupport_fastrtps_c__visibility_control.h
[11.755s] -- Symlinking: /home/ria4065/go2_ws/install/ouster_sensor_msgs/include/ouster_sensor_msgs/ouster_sensor_msgs/srv/detail/get_config__rosidl_typesupport_fastrtps_c.h
[11.777s] -- Symlinking: /home/ria4065/go2_ws/install/ouster_sensor_msgs/include/ouster_sensor_msgs/ouster_sensor_msgs/srv/detail/get_metadata__rosidl_typesupport_fastrtps_c.h
[11.795s] -- Symlinking: /home/ria4065/go2_ws/install/ouster_sensor_msgs/include/ouster_sensor_msgs/ouster_sensor_msgs/srv/detail/set_config__rosidl_typesupport_fastrtps_c.h
[11.817s] -- Symlinking: /home/ria4065/go2_ws/install/ouster_sensor_msgs/include/ouster_sensor_msgs/ouster_sensor_msgs/msg/detail/packet_msg__builder.hpp
[11.836s] -- Symlinking: /home/ria4065/go2_ws/install/ouster_sensor_msgs/include/ouster_sensor_msgs/ouster_sensor_msgs/msg/detail/packet_msg__struct.hpp
[11.854s] -- Symlinking: /home/ria4065/go2_ws/install/ouster_sensor_msgs/include/ouster_sensor_msgs/ouster_sensor_msgs/msg/detail/packet_msg__traits.hpp
[11.874s] -- Symlinking: /home/ria4065/go2_ws/install/ouster_sensor_msgs/include/ouster_sensor_msgs/ouster_sensor_msgs/msg/detail/packet_msg__type_support.hpp
[11.892s] -- Symlinking: /home/ria4065/go2_ws/install/ouster_sensor_msgs/include/ouster_sensor_msgs/ouster_sensor_msgs/msg/detail/telemetry__builder.hpp
[11.910s] -- Symlinking: /home/ria4065/go2_ws/install/ouster_sensor_msgs/include/ouster_sensor_msgs/ouster_sensor_msgs/msg/detail/telemetry__struct.hpp
[11.930s] -- Symlinking: /home/ria4065/go2_ws/install/ouster_sensor_msgs/include/ouster_sensor_msgs/ouster_sensor_msgs/msg/detail/telemetry__traits.hpp
[11.948s] -- Symlinking: /home/ria4065/go2_ws/install/ouster_sensor_msgs/include/ouster_sensor_msgs/ouster_sensor_msgs/msg/detail/telemetry__type_support.hpp
[11.968s] -- Symlinking: /home/ria4065/go2_ws/install/ouster_sensor_msgs/include/ouster_sensor_msgs/ouster_sensor_msgs/msg/packet_msg.hpp
[11.988s] -- Symlinking: /home/ria4065/go2_ws/install/ouster_sensor_msgs/include/ouster_sensor_msgs/ouster_sensor_msgs/msg/rosidl_generator_cpp__visibility_control.hpp
[12.008s] -- Symlinking: /home/ria4065/go2_ws/install/ouster_sensor_msgs/include/ouster_sensor_msgs/ouster_sensor_msgs/msg/telemetry.hpp
[12.026s] -- Symlinking: /home/ria4065/go2_ws/install/ouster_sensor_msgs/include/ouster_sensor_msgs/ouster_sensor_msgs/srv/detail/get_config__builder.hpp
[12.041s] -- Symlinking: /home/ria4065/go2_ws/install/ouster_sensor_msgs/include/ouster_sensor_msgs/ouster_sensor_msgs/srv/detail/get_config__struct.hpp
[12.061s] -- Symlinking: /home/ria4065/go2_ws/install/ouster_sensor_msgs/include/ouster_sensor_msgs/ouster_sensor_msgs/srv/detail/get_config__traits.hpp
[12.081s] -- Symlinking: /home/ria4065/go2_ws/install/ouster_sensor_msgs/include/ouster_sensor_msgs/ouster_sensor_msgs/srv/detail/get_config__type_support.hpp
[12.101s] -- Symlinking: /home/ria4065/go2_ws/install/ouster_sensor_msgs/include/ouster_sensor_msgs/ouster_sensor_msgs/srv/detail/get_metadata__builder.hpp
[12.120s] -- Symlinking: /home/ria4065/go2_ws/install/ouster_sensor_msgs/include/ouster_sensor_msgs/ouster_sensor_msgs/srv/detail/get_metadata__struct.hpp
[12.139s] -- Symlinking: /home/ria4065/go2_ws/install/ouster_sensor_msgs/include/ouster_sensor_msgs/ouster_sensor_msgs/srv/detail/get_metadata__traits.hpp
[12.159s] -- Symlinking: /home/ria4065/go2_ws/install/ouster_sensor_msgs/include/ouster_sensor_msgs/ouster_sensor_msgs/srv/detail/get_metadata__type_support.hpp
[12.180s] -- Symlinking: /home/ria4065/go2_ws/install/ouster_sensor_msgs/include/ouster_sensor_msgs/ouster_sensor_msgs/srv/detail/set_config__builder.hpp
[12.202s] -- Symlinking: /home/ria4065/go2_ws/install/ouster_sensor_msgs/include/ouster_sensor_msgs/ouster_sensor_msgs/srv/detail/set_config__struct.hpp
[12.225s] -- Symlinking: /home/ria4065/go2_ws/install/ouster_sensor_msgs/include/ouster_sensor_msgs/ouster_sensor_msgs/srv/detail/set_config__traits.hpp
[12.247s] -- Symlinking: /home/ria4065/go2_ws/install/ouster_sensor_msgs/include/ouster_sensor_msgs/ouster_sensor_msgs/srv/detail/set_config__type_support.hpp
[12.268s] -- Symlinking: /home/ria4065/go2_ws/install/ouster_sensor_msgs/include/ouster_sensor_msgs/ouster_sensor_msgs/srv/get_config.hpp
[12.286s] -- Symlinking: /home/ria4065/go2_ws/install/ouster_sensor_msgs/include/ouster_sensor_msgs/ouster_sensor_msgs/srv/get_metadata.hpp
[12.308s] -- Symlinking: /home/ria4065/go2_ws/install/ouster_sensor_msgs/include/ouster_sensor_msgs/ouster_sensor_msgs/srv/set_config.hpp
[12.327s] -- Symlinking: /home/ria4065/go2_ws/install/ouster_sensor_msgs/include/ouster_sensor_msgs/ouster_sensor_msgs/msg/detail/packet_msg__rosidl_typesupport_fastrtps_cpp.hpp
[12.348s] -- Symlinking: /home/ria4065/go2_ws/install/ouster_sensor_msgs/include/ouster_sensor_msgs/ouster_sensor_msgs/msg/detail/telemetry__rosidl_typesupport_fastrtps_cpp.hpp
[12.368s] -- Symlinking: /home/ria4065/go2_ws/install/ouster_sensor_msgs/include/ouster_sensor_msgs/ouster_sensor_msgs/msg/rosidl_typesupport_fastrtps_cpp__visibility_control.h
[12.386s] -- Symlinking: /home/ria4065/go2_ws/install/ouster_sensor_msgs/include/ouster_sensor_msgs/ouster_sensor_msgs/srv/detail/get_config__rosidl_typesupport_fastrtps_cpp.hpp
[12.405s] -- Symlinking: /home/ria4065/go2_ws/install/ouster_sensor_msgs/include/ouster_sensor_msgs/ouster_sensor_msgs/srv/detail/get_metadata__rosidl_typesupport_fastrtps_cpp.hpp
[12.425s] -- Symlinking: /home/ria4065/go2_ws/install/ouster_sensor_msgs/include/ouster_sensor_msgs/ouster_sensor_msgs/srv/detail/set_config__rosidl_typesupport_fastrtps_cpp.hpp
[12.448s] -- Symlinking: /home/ria4065/go2_ws/install/ouster_sensor_msgs/include/ouster_sensor_msgs/ouster_sensor_msgs/msg/detail/packet_msg__rosidl_typesupport_introspection_c.h
[12.469s] -- Symlinking: /home/ria4065/go2_ws/install/ouster_sensor_msgs/include/ouster_sensor_msgs/ouster_sensor_msgs/msg/detail/telemetry__rosidl_typesupport_introspection_c.h
[12.490s] -- Symlinking: /home/ria4065/go2_ws/install/ouster_sensor_msgs/include/ouster_sensor_msgs/ouster_sensor_msgs/msg/rosidl_typesupport_introspection_c__visibility_control.h
[12.508s] -- Symlinking: /home/ria4065/go2_ws/install/ouster_sensor_msgs/include/ouster_sensor_msgs/ouster_sensor_msgs/srv/detail/get_config__rosidl_typesupport_introspection_c.h
[12.528s] -- Symlinking: /home/ria4065/go2_ws/install/ouster_sensor_msgs/include/ouster_sensor_msgs/ouster_sensor_msgs/srv/detail/get_metadata__rosidl_typesupport_introspection_c.h
[12.547s] -- Symlinking: /home/ria4065/go2_ws/install/ouster_sensor_msgs/include/ouster_sensor_msgs/ouster_sensor_msgs/srv/detail/set_config__rosidl_typesupport_introspection_c.h
[12.567s] -- Symlinking: /home/ria4065/go2_ws/install/ouster_sensor_msgs/include/ouster_sensor_msgs/ouster_sensor_msgs/msg/detail/packet_msg__rosidl_typesupport_introspection_cpp.hpp
[12.586s] -- Symlinking: /home/ria4065/go2_ws/install/ouster_sensor_msgs/include/ouster_sensor_msgs/ouster_sensor_msgs/msg/detail/telemetry__rosidl_typesupport_introspection_cpp.hpp
[12.606s] -- Symlinking: /home/ria4065/go2_ws/install/ouster_sensor_msgs/include/ouster_sensor_msgs/ouster_sensor_msgs/srv/detail/get_config__rosidl_typesupport_introspection_cpp.hpp
[12.632s] -- Symlinking: /home/ria4065/go2_ws/install/ouster_sensor_msgs/include/ouster_sensor_msgs/ouster_sensor_msgs/srv/detail/get_metadata__rosidl_typesupport_introspection_cpp.hpp
[12.650s] -- Symlinking: /home/ria4065/go2_ws/install/ouster_sensor_msgs/include/ouster_sensor_msgs/ouster_sensor_msgs/srv/detail/set_config__rosidl_typesupport_introspection_cpp.hpp
[12.676s] -- Symlinking: /home/ria4065/go2_ws/install/ouster_sensor_msgs/share/ouster_sensor_msgs/environment/pythonpath.sh
[12.695s] -- Symlinking: /home/ria4065/go2_ws/install/ouster_sensor_msgs/share/ouster_sensor_msgs/environment/pythonpath.dsv
[12.716s] -- Symlinking: /home/ria4065/go2_ws/install/ouster_sensor_msgs/local/lib/python3.10/dist-packages/ouster_sensor_msgs-0.14.2-py3.10.egg-info/PKG-INFO
[12.737s] -- Symlinking: /home/ria4065/go2_ws/install/ouster_sensor_msgs/local/lib/python3.10/dist-packages/ouster_sensor_msgs-0.14.2-py3.10.egg-info/SOURCES.txt
[12.760s] -- Symlinking: /home/ria4065/go2_ws/install/ouster_sensor_msgs/local/lib/python3.10/dist-packages/ouster_sensor_msgs-0.14.2-py3.10.egg-info/dependency_links.txt
[12.782s] -- Symlinking: /home/ria4065/go2_ws/install/ouster_sensor_msgs/local/lib/python3.10/dist-packages/ouster_sensor_msgs-0.14.2-py3.10.egg-info/top_level.txt
[12.809s] -- Symlinking: /home/ria4065/go2_ws/install/ouster_sensor_msgs/local/lib/python3.10/dist-packages/ouster_sensor_msgs/__init__.py
[12.830s] -- Symlinking: /home/ria4065/go2_ws/install/ouster_sensor_msgs/local/lib/python3.10/dist-packages/ouster_sensor_msgs/_ouster_sensor_msgs_s.ep.rosidl_typesupport_c.c
[12.847s] -- Symlinking: /home/ria4065/go2_ws/install/ouster_sensor_msgs/local/lib/python3.10/dist-packages/ouster_sensor_msgs/_ouster_sensor_msgs_s.ep.rosidl_typesupport_fastrtps_c.c
[12.867s] -- Symlinking: /home/ria4065/go2_ws/install/ouster_sensor_msgs/local/lib/python3.10/dist-packages/ouster_sensor_msgs/_ouster_sensor_msgs_s.ep.rosidl_typesupport_introspection_c.c
[12.884s] -- Symlinking: /home/ria4065/go2_ws/install/ouster_sensor_msgs/local/lib/python3.10/dist-packages/ouster_sensor_msgs/libouster_sensor_msgs__rosidl_generator_py.so
[12.905s] -- Symlinking: /home/ria4065/go2_ws/install/ouster_sensor_msgs/local/lib/python3.10/dist-packages/ouster_sensor_msgs/msg/__init__.py
[12.922s] -- Symlinking: /home/ria4065/go2_ws/install/ouster_sensor_msgs/local/lib/python3.10/dist-packages/ouster_sensor_msgs/msg/_packet_msg.py
[12.942s] -- Symlinking: /home/ria4065/go2_ws/install/ouster_sensor_msgs/local/lib/python3.10/dist-packages/ouster_sensor_msgs/msg/_packet_msg_s.c
[12.959s] -- Symlinking: /home/ria4065/go2_ws/install/ouster_sensor_msgs/local/lib/python3.10/dist-packages/ouster_sensor_msgs/msg/_telemetry.py
[12.979s] -- Symlinking: /home/ria4065/go2_ws/install/ouster_sensor_msgs/local/lib/python3.10/dist-packages/ouster_sensor_msgs/msg/_telemetry_s.c
[12.999s] -- Symlinking: /home/ria4065/go2_ws/install/ouster_sensor_msgs/local/lib/python3.10/dist-packages/ouster_sensor_msgs/ouster_sensor_msgs_s__rosidl_typesupport_c.cpython-310-aarch64-linux-gnu.so
[13.023s] -- Symlinking: /home/ria4065/go2_ws/install/ouster_sensor_msgs/local/lib/python3.10/dist-packages/ouster_sensor_msgs/ouster_sensor_msgs_s__rosidl_typesupport_fastrtps_c.cpython-310-aarch64-linux-gnu.so
[13.041s] -- Symlinking: /home/ria4065/go2_ws/install/ouster_sensor_msgs/local/lib/python3.10/dist-packages/ouster_sensor_msgs/ouster_sensor_msgs_s__rosidl_typesupport_introspection_c.cpython-310-aarch64-linux-gnu.so
[13.059s] -- Symlinking: /home/ria4065/go2_ws/install/ouster_sensor_msgs/local/lib/python3.10/dist-packages/ouster_sensor_msgs/srv/__init__.py
[13.078s] -- Symlinking: /home/ria4065/go2_ws/install/ouster_sensor_msgs/local/lib/python3.10/dist-packages/ouster_sensor_msgs/srv/_get_config.py
[13.100s] -- Symlinking: /home/ria4065/go2_ws/install/ouster_sensor_msgs/local/lib/python3.10/dist-packages/ouster_sensor_msgs/srv/_get_config_s.c
[13.119s] -- Symlinking: /home/ria4065/go2_ws/install/ouster_sensor_msgs/local/lib/python3.10/dist-packages/ouster_sensor_msgs/srv/_get_metadata.py
[13.145s] -- Symlinking: /home/ria4065/go2_ws/install/ouster_sensor_msgs/local/lib/python3.10/dist-packages/ouster_sensor_msgs/srv/_get_metadata_s.c
[13.167s] -- Symlinking: /home/ria4065/go2_ws/install/ouster_sensor_msgs/local/lib/python3.10/dist-packages/ouster_sensor_msgs/srv/_set_config.py
[13.186s] -- Symlinking: /home/ria4065/go2_ws/install/ouster_sensor_msgs/local/lib/python3.10/dist-packages/ouster_sensor_msgs/srv/_set_config_s.c
[13.205s] -- Up-to-date symlink: /home/ria4065/go2_ws/install/ouster_sensor_msgs/local/lib/python3.10/dist-packages/ouster_sensor_msgs/ouster_sensor_msgs_s__rosidl_typesupport_fastrtps_c.cpython-310-aarch64-linux-gnu.so
[13.205s] -- Up-to-date symlink: /home/ria4065/go2_ws/install/ouster_sensor_msgs/local/lib/python3.10/dist-packages/ouster_sensor_msgs/ouster_sensor_msgs_s__rosidl_typesupport_introspection_c.cpython-310-aarch64-linux-gnu.so
[13.206s] -- Up-to-date symlink: /home/ria4065/go2_ws/install/ouster_sensor_msgs/local/lib/python3.10/dist-packages/ouster_sensor_msgs/ouster_sensor_msgs_s__rosidl_typesupport_c.cpython-310-aarch64-linux-gnu.so
[13.206s] -- Symlinking: /home/ria4065/go2_ws/install/ouster_sensor_msgs/share/ament_index/resource_index/rust_packages/ouster_sensor_msgs
[13.227s] -- Symlinking: /home/ria4065/go2_ws/install/ouster_sensor_msgs/share/ouster_sensor_msgs/rust/Cargo.toml
[13.247s] -- Symlinking: /home/ria4065/go2_ws/install/ouster_sensor_msgs/share/ouster_sensor_msgs/rust/build.rs
[13.269s] -- Symlinking: /home/ria4065/go2_ws/install/ouster_sensor_msgs/share/ouster_sensor_msgs/rust/src/lib.rs
[13.288s] -- Symlinking: /home/ria4065/go2_ws/install/ouster_sensor_msgs/share/ouster_sensor_msgs/rust/src/msg.rs
[13.309s] -- Symlinking: /home/ria4065/go2_ws/install/ouster_sensor_msgs/share/ouster_sensor_msgs/rust/src/msg/rmw.rs
[13.329s] -- Symlinking: /home/ria4065/go2_ws/install/ouster_sensor_msgs/share/ouster_sensor_msgs/rust/src/srv.rs
[13.355s] -- Symlinking: /home/ria4065/go2_ws/install/ouster_sensor_msgs/share/ouster_sensor_msgs/rust/src/srv/rmw.rs
[13.374s] -- Symlinking: /home/ria4065/go2_ws/install/ouster_sensor_msgs/share/ouster_sensor_msgs/msg/PacketMsg.idl
[13.393s] -- Symlinking: /home/ria4065/go2_ws/install/ouster_sensor_msgs/share/ouster_sensor_msgs/msg/Telemetry.idl
[13.411s] -- Symlinking: /home/ria4065/go2_ws/install/ouster_sensor_msgs/share/ouster_sensor_msgs/srv/GetConfig.idl
[13.429s] -- Symlinking: /home/ria4065/go2_ws/install/ouster_sensor_msgs/share/ouster_sensor_msgs/srv/SetConfig.idl
[13.446s] -- Symlinking: /home/ria4065/go2_ws/install/ouster_sensor_msgs/share/ouster_sensor_msgs/srv/GetMetadata.idl
[13.465s] -- Symlinking: /home/ria4065/go2_ws/install/ouster_sensor_msgs/share/ouster_sensor_msgs/msg/PacketMsg.msg
[13.491s] -- Symlinking: /home/ria4065/go2_ws/install/ouster_sensor_msgs/share/ouster_sensor_msgs/msg/Telemetry.msg
[13.514s] -- Symlinking: /home/ria4065/go2_ws/install/ouster_sensor_msgs/share/ouster_sensor_msgs/srv/GetConfig.srv
[13.534s] -- Symlinking: /home/ria4065/go2_ws/install/ouster_sensor_msgs/share/ouster_sensor_msgs/srv/GetConfig_Request.msg
[13.554s] -- Symlinking: /home/ria4065/go2_ws/install/ouster_sensor_msgs/share/ouster_sensor_msgs/srv/GetConfig_Response.msg
[13.573s] -- Symlinking: /home/ria4065/go2_ws/install/ouster_sensor_msgs/share/ouster_sensor_msgs/srv/SetConfig.srv
[13.589s] -- Symlinking: /home/ria4065/go2_ws/install/ouster_sensor_msgs/share/ouster_sensor_msgs/srv/SetConfig_Request.msg
[13.608s] -- Symlinking: /home/ria4065/go2_ws/install/ouster_sensor_msgs/share/ouster_sensor_msgs/srv/SetConfig_Response.msg
[13.626s] -- Symlinking: /home/ria4065/go2_ws/install/ouster_sensor_msgs/share/ouster_sensor_msgs/srv/GetMetadata.srv
[13.645s] -- Symlinking: /home/ria4065/go2_ws/install/ouster_sensor_msgs/share/ouster_sensor_msgs/srv/GetMetadata_Request.msg
[13.666s] -- Symlinking: /home/ria4065/go2_ws/install/ouster_sensor_msgs/share/ouster_sensor_msgs/srv/GetMetadata_Response.msg
[13.695s] -- Symlinking: /home/ria4065/go2_ws/install/ouster_sensor_msgs/share/ament_index/resource_index/package_run_dependencies/ouster_sensor_msgs
[13.715s] -- Symlinking: /home/ria4065/go2_ws/install/ouster_sensor_msgs/share/ament_index/resource_index/parent_prefix_path/ouster_sensor_msgs
[13.734s] -- Symlinking: /home/ria4065/go2_ws/install/ouster_sensor_msgs/share/ouster_sensor_msgs/environment/ament_prefix_path.sh
[13.754s] -- Symlinking: /home/ria4065/go2_ws/install/ouster_sensor_msgs/share/ouster_sensor_msgs/environment/ament_prefix_path.dsv
[13.774s] -- Symlinking: /home/ria4065/go2_ws/install/ouster_sensor_msgs/share/ouster_sensor_msgs/environment/path.sh
[13.806s] -- Symlinking: /home/ria4065/go2_ws/install/ouster_sensor_msgs/share/ouster_sensor_msgs/environment/path.dsv
[13.825s] -- Symlinking: /home/ria4065/go2_ws/install/ouster_sensor_msgs/share/ouster_sensor_msgs/local_setup.bash
[13.845s] -- Symlinking: /home/ria4065/go2_ws/install/ouster_sensor_msgs/share/ouster_sensor_msgs/local_setup.sh
[13.866s] -- Symlinking: /home/ria4065/go2_ws/install/ouster_sensor_msgs/share/ouster_sensor_msgs/local_setup.zsh
[13.884s] -- Symlinking: /home/ria4065/go2_ws/install/ouster_sensor_msgs/share/ouster_sensor_msgs/local_setup.dsv
[13.904s] -- Symlinking: /home/ria4065/go2_ws/install/ouster_sensor_msgs/share/ouster_sensor_msgs/package.dsv
[13.923s] -- Symlinking: /home/ria4065/go2_ws/install/ouster_sensor_msgs/share/ament_index/resource_index/packages/ouster_sensor_msgs
[13.941s] -- Symlinking: /home/ria4065/go2_ws/install/ouster_sensor_msgs/share/ouster_sensor_msgs/cmake/rosidl_cmake-extras.cmake
[13.960s] -- Symlinking: /home/ria4065/go2_ws/install/ouster_sensor_msgs/share/ouster_sensor_msgs/cmake/ament_cmake_export_dependencies-extras.cmake
[13.978s] -- Symlinking: /home/ria4065/go2_ws/install/ouster_sensor_msgs/share/ouster_sensor_msgs/cmake/ament_cmake_export_include_directories-extras.cmake
[13.996s] -- Symlinking: /home/ria4065/go2_ws/install/ouster_sensor_msgs/share/ouster_sensor_msgs/cmake/ament_cmake_export_libraries-extras.cmake
[14.016s] -- Symlinking: /home/ria4065/go2_ws/install/ouster_sensor_msgs/share/ouster_sensor_msgs/cmake/ament_cmake_export_targets-extras.cmake
[14.035s] -- Symlinking: /home/ria4065/go2_ws/install/ouster_sensor_msgs/share/ouster_sensor_msgs/cmake/rosidl_cmake_export_typesupport_targets-extras.cmake
[14.057s] -- Symlinking: /home/ria4065/go2_ws/install/ouster_sensor_msgs/share/ouster_sensor_msgs/cmake/rosidl_cmake_export_typesupport_libraries-extras.cmake
[14.075s] -- Symlinking: /home/ria4065/go2_ws/install/ouster_sensor_msgs/share/ouster_sensor_msgs/cmake/ouster_sensor_msgsConfig.cmake
[14.104s] -- Symlinking: /home/ria4065/go2_ws/install/ouster_sensor_msgs/share/ouster_sensor_msgs/cmake/ouster_sensor_msgsConfig-version.cmake
[14.122s] -- Symlinking: /home/ria4065/go2_ws/install/ouster_sensor_msgs/share/ouster_sensor_msgs/package.xml
[14.143s] -- Installing: /home/ria4065/go2_ws/install/ouster_sensor_msgs/lib/libouster_sensor_msgs__rosidl_generator_c.so
[14.144s] -- Set runtime path of "/home/ria4065/go2_ws/install/ouster_sensor_msgs/lib/libouster_sensor_msgs__rosidl_generator_c.so" to ""
[14.144s] -- Installing: /home/ria4065/go2_ws/install/ouster_sensor_msgs/lib/libouster_sensor_msgs__rosidl_typesupport_fastrtps_c.so
[14.145s] -- Set runtime path of "/home/ria4065/go2_ws/install/ouster_sensor_msgs/lib/libouster_sensor_msgs__rosidl_typesupport_fastrtps_c.so" to ""
[14.146s] -- Installing: /home/ria4065/go2_ws/install/ouster_sensor_msgs/lib/libouster_sensor_msgs__rosidl_typesupport_fastrtps_cpp.so
[14.147s] -- Set runtime path of "/home/ria4065/go2_ws/install/ouster_sensor_msgs/lib/libouster_sensor_msgs__rosidl_typesupport_fastrtps_cpp.so" to ""
[14.147s] -- Installing: /home/ria4065/go2_ws/install/ouster_sensor_msgs/lib/libouster_sensor_msgs__rosidl_typesupport_introspection_c.so
[14.148s] -- Set runtime path of "/home/ria4065/go2_ws/install/ouster_sensor_msgs/lib/libouster_sensor_msgs__rosidl_typesupport_introspection_c.so" to ""
[14.148s] -- Installing: /home/ria4065/go2_ws/install/ouster_sensor_msgs/lib/libouster_sensor_msgs__rosidl_typesupport_c.so
[14.149s] -- Set runtime path of "/home/ria4065/go2_ws/install/ouster_sensor_msgs/lib/libouster_sensor_msgs__rosidl_typesupport_c.so" to ""
[14.150s] -- Installing: /home/ria4065/go2_ws/install/ouster_sensor_msgs/lib/libouster_sensor_msgs__rosidl_typesupport_introspection_cpp.so
[14.151s] -- Set runtime path of "/home/ria4065/go2_ws/install/ouster_sensor_msgs/lib/libouster_sensor_msgs__rosidl_typesupport_introspection_cpp.so" to ""
[14.151s] -- Installing: /home/ria4065/go2_ws/install/ouster_sensor_msgs/lib/libouster_sensor_msgs__rosidl_typesupport_cpp.so
[14.152s] -- Set runtime path of "/home/ria4065/go2_ws/install/ouster_sensor_msgs/lib/libouster_sensor_msgs__rosidl_typesupport_cpp.so" to ""
[14.228s] Listing '/home/ria4065/go2_ws/install/ouster_sensor_msgs/local/lib/python3.10/dist-packages/ouster_sensor_msgs'...
[14.229s] Compiling '/home/ria4065/go2_ws/install/ouster_sensor_msgs/local/lib/python3.10/dist-packages/ouster_sensor_msgs/__init__.py'...
[14.229s] Listing '/home/ria4065/go2_ws/install/ouster_sensor_msgs/local/lib/python3.10/dist-packages/ouster_sensor_msgs/msg'...
[14.229s] Compiling '/home/ria4065/go2_ws/install/ouster_sensor_msgs/local/lib/python3.10/dist-packages/ouster_sensor_msgs/msg/__init__.py'...
[14.229s] Compiling '/home/ria4065/go2_ws/install/ouster_sensor_msgs/local/lib/python3.10/dist-packages/ouster_sensor_msgs/msg/_packet_msg.py'...
[14.229s] Compiling '/home/ria4065/go2_ws/install/ouster_sensor_msgs/local/lib/python3.10/dist-packages/ouster_sensor_msgs/msg/_telemetry.py'...
[14.229s] Listing '/home/ria4065/go2_ws/install/ouster_sensor_msgs/local/lib/python3.10/dist-packages/ouster_sensor_msgs/srv'...
[14.229s] Compiling '/home/ria4065/go2_ws/install/ouster_sensor_msgs/local/lib/python3.10/dist-packages/ouster_sensor_msgs/srv/__init__.py'...
[14.229s] Compiling '/home/ria4065/go2_ws/install/ouster_sensor_msgs/local/lib/python3.10/dist-packages/ouster_sensor_msgs/srv/_get_config.py'...
[14.229s] Compiling '/home/ria4065/go2_ws/install/ouster_sensor_msgs/local/lib/python3.10/dist-packages/ouster_sensor_msgs/srv/_get_metadata.py'...
[14.229s] Compiling '/home/ria4065/go2_ws/install/ouster_sensor_msgs/local/lib/python3.10/dist-packages/ouster_sensor_msgs/srv/_set_config.py'...
[14.239s] -- Installing: /home/ria4065/go2_ws/install/ouster_sensor_msgs/lib/libouster_sensor_msgs__rosidl_generator_py.so
[14.240s] -- Set runtime path of "/home/ria4065/go2_ws/install/ouster_sensor_msgs/lib/libouster_sensor_msgs__rosidl_generator_py.so" to ""
[14.240s] -- Installing: /home/ria4065/go2_ws/install/ouster_sensor_msgs/share/ouster_sensor_msgs/cmake/export_ouster_sensor_msgs__rosidl_generator_cExport.cmake
[14.241s] -- Installing: /home/ria4065/go2_ws/install/ouster_sensor_msgs/share/ouster_sensor_msgs/cmake/export_ouster_sensor_msgs__rosidl_generator_cExport-noconfig.cmake
[14.241s] -- Installing: /home/ria4065/go2_ws/install/ouster_sensor_msgs/share/ouster_sensor_msgs/cmake/export_ouster_sensor_msgs__rosidl_typesupport_fastrtps_cExport.cmake
[14.242s] -- Installing: /home/ria4065/go2_ws/install/ouster_sensor_msgs/share/ouster_sensor_msgs/cmake/export_ouster_sensor_msgs__rosidl_typesupport_fastrtps_cExport-noconfig.cmake
[14.242s] -- Installing: /home/ria4065/go2_ws/install/ouster_sensor_msgs/share/ouster_sensor_msgs/cmake/export_ouster_sensor_msgs__rosidl_generator_cppExport.cmake
[14.243s] -- Installing: /home/ria4065/go2_ws/install/ouster_sensor_msgs/share/ouster_sensor_msgs/cmake/export_ouster_sensor_msgs__rosidl_typesupport_fastrtps_cppExport.cmake
[14.243s] -- Installing: /home/ria4065/go2_ws/install/ouster_sensor_msgs/share/ouster_sensor_msgs/cmake/export_ouster_sensor_msgs__rosidl_typesupport_fastrtps_cppExport-noconfig.cmake
[14.244s] -- Installing: /home/ria4065/go2_ws/install/ouster_sensor_msgs/share/ouster_sensor_msgs/cmake/ouster_sensor_msgs__rosidl_typesupport_introspection_cExport.cmake
[14.244s] -- Installing: /home/ria4065/go2_ws/install/ouster_sensor_msgs/share/ouster_sensor_msgs/cmake/ouster_sensor_msgs__rosidl_typesupport_introspection_cExport-noconfig.cmake
[14.245s] -- Installing: /home/ria4065/go2_ws/install/ouster_sensor_msgs/share/ouster_sensor_msgs/cmake/ouster_sensor_msgs__rosidl_typesupport_cExport.cmake
[14.245s] -- Installing: /home/ria4065/go2_ws/install/ouster_sensor_msgs/share/ouster_sensor_msgs/cmake/ouster_sensor_msgs__rosidl_typesupport_cExport-noconfig.cmake
[14.246s] -- Installing: /home/ria4065/go2_ws/install/ouster_sensor_msgs/share/ouster_sensor_msgs/cmake/ouster_sensor_msgs__rosidl_typesupport_introspection_cppExport.cmake
[14.246s] -- Installing: /home/ria4065/go2_ws/install/ouster_sensor_msgs/share/ouster_sensor_msgs/cmake/ouster_sensor_msgs__rosidl_typesupport_introspection_cppExport-noconfig.cmake
[14.247s] -- Installing: /home/ria4065/go2_ws/install/ouster_sensor_msgs/share/ouster_sensor_msgs/cmake/ouster_sensor_msgs__rosidl_typesupport_cppExport.cmake
[14.247s] -- Installing: /home/ria4065/go2_ws/install/ouster_sensor_msgs/share/ouster_sensor_msgs/cmake/ouster_sensor_msgs__rosidl_typesupport_cppExport-noconfig.cmake
[14.248s] -- Installing: /home/ria4065/go2_ws/install/ouster_sensor_msgs/share/ouster_sensor_msgs/cmake/export_ouster_sensor_msgs__rosidl_generator_pyExport.cmake
[14.248s] -- Installing: /home/ria4065/go2_ws/install/ouster_sensor_msgs/share/ouster_sensor_msgs/cmake/export_ouster_sensor_msgs__rosidl_generator_pyExport-noconfig.cmake
[14.258s] Invoked command in '/home/ria4065/go2_ws/build/ouster_sensor_msgs' returned '0': CMAKE_PREFIX_PATH=${CMAKE_PREFIX_PATH}:/opt/ros/humble /usr/bin/cmake --install /home/ria4065/go2_ws/build/ouster_sensor_msgs
